{
  "stats": {
    "suites": 12,
    "tests": 41,
    "passes": 20,
    "pending": 0,
    "failures": 21,
    "start": "2021-08-17T19:50:26.949Z",
    "end": "2021-08-17T19:52:01.570Z",
    "duration": 94621,
    "testsRegistered": 41,
    "passPercent": 48.78048780487805,
    "pendingPercent": 0,
    "other": 0,
    "hasOther": false,
    "skipped": 0,
    "hasSkipped": false
  },
  "results": [
    {
      "uuid": "255b755d-2cb9-47fc-87bb-10d34013a9f7",
      "title": "",
      "fullFile": "cypress/integration/project.spec.js",
      "file": "cypress/integration/project.spec.js",
      "beforeHooks": [],
      "afterHooks": [],
      "tests": [],
      "suites": [
        {
          "uuid": "8f1461ce-71ea-4783-9df1-22f34362caf6",
          "title": "1 - Adicione à página o título \"Paleta de Cores\".",
          "fullFile": "",
          "file": "",
          "beforeHooks": [],
          "afterHooks": [],
          "tests": [
            {
              "title": "Verifica se contém um elemento `h1` com o id `title` com o título correto",
              "fullTitle": "1 - Adicione à página o título \"Paleta de Cores\". Verifica se contém um elemento `h1` com o id `title` com o título correto",
              "timedOut": null,
              "duration": 149,
              "state": "passed",
              "speed": "slow",
              "pass": true,
              "fail": false,
              "pending": false,
              "context": null,
              "code": "cy.get('h1#title').should('contain.text', 'Paleta de Cores');",
              "err": {},
              "uuid": "e9f9a6b4-cdfe-452d-90f2-18e9152d80dc",
              "parentUUID": "8f1461ce-71ea-4783-9df1-22f34362caf6",
              "isHook": false,
              "skipped": false
            }
          ],
          "suites": [],
          "passes": [
            "e9f9a6b4-cdfe-452d-90f2-18e9152d80dc"
          ],
          "failures": [],
          "pending": [],
          "skipped": [],
          "duration": 149,
          "root": false,
          "rootEmpty": false,
          "_timeout": 2000
        },
        {
          "uuid": "648ca318-a84e-457d-9f36-ccb91185a7f3",
          "title": "2 - Adicione à página uma paleta de quatro cores distintas.",
          "fullFile": "",
          "file": "",
          "beforeHooks": [],
          "afterHooks": [],
          "tests": [
            {
              "title": "A paleta de cores deve ser um elemento com `id` denominado `color-palette`",
              "fullTitle": "2 - Adicione à página uma paleta de quatro cores distintas. A paleta de cores deve ser um elemento com `id` denominado `color-palette`",
              "timedOut": null,
              "duration": 69,
              "state": "passed",
              "speed": "medium",
              "pass": true,
              "fail": false,
              "pending": false,
              "context": null,
              "code": "cy.get('#color-palette').should('be.visible');",
              "err": {},
              "uuid": "929a560a-259e-40f3-8a38-ddd09a5218f9",
              "parentUUID": "648ca318-a84e-457d-9f36-ccb91185a7f3",
              "isHook": false,
              "skipped": false
            },
            {
              "title": "Verifica se cada cor individual da paleta de cores possui a `classe` chamada `color`.",
              "fullTitle": "2 - Adicione à página uma paleta de quatro cores distintas. Verifica se cada cor individual da paleta de cores possui a `classe` chamada `color`.",
              "timedOut": null,
              "duration": 114,
              "state": "passed",
              "speed": "slow",
              "pass": true,
              "fail": false,
              "pending": false,
              "context": null,
              "code": "cy.get('.color').should('have.length', 4).then(function (colors) {\n  for (var i = 0; i < colors.length; i++) {\n    cy.wrap(colors[i]).should('be.visible');\n  }\n});",
              "err": {},
              "uuid": "79df985e-2b17-41be-85a6-205d3e1103eb",
              "parentUUID": "648ca318-a84e-457d-9f36-ccb91185a7f3",
              "isHook": false,
              "skipped": false
            },
            {
              "title": "Verifica se a cor de fundo de cada elemento da paleta é a cor que o elemento representa. **A única cor não permitida na paleta é a cor branca.**",
              "fullTitle": "2 - Adicione à página uma paleta de quatro cores distintas. Verifica se a cor de fundo de cada elemento da paleta é a cor que o elemento representa. **A única cor não permitida na paleta é a cor branca.**",
              "timedOut": null,
              "duration": 111,
              "state": "passed",
              "speed": "slow",
              "pass": true,
              "fail": false,
              "pending": false,
              "context": null,
              "code": "cy.get('.color').each(function (color) {\n  cy.wrap(color).should('have.class', 'color').and('not.have.css', 'background-color', WHITE);\n  cy.wrap(color).should('have.css', 'background-color');\n});",
              "err": {},
              "uuid": "c1b190b5-1f66-42f9-b255-de6ef56bdfbb",
              "parentUUID": "648ca318-a84e-457d-9f36-ccb91185a7f3",
              "isHook": false,
              "skipped": false
            },
            {
              "title": "Verifica se cada elemento da paleta de cores tem uma borda preta, sólida e com 1 pixel de largura;",
              "fullTitle": "2 - Adicione à página uma paleta de quatro cores distintas. Verifica se cada elemento da paleta de cores tem uma borda preta, sólida e com 1 pixel de largura;",
              "timedOut": null,
              "duration": 139,
              "state": "passed",
              "speed": "slow",
              "pass": true,
              "fail": false,
              "pending": false,
              "context": null,
              "code": "cy.get('.color').each(function (color) {\n  cy.wrap(color).and('have.css', 'border', \"1px solid \".concat(BLACK)).and('have.class', 'color');\n});",
              "err": {},
              "uuid": "44d73e1a-5213-4209-acbc-dc422a3bc82b",
              "parentUUID": "648ca318-a84e-457d-9f36-ccb91185a7f3",
              "isHook": false,
              "skipped": false
            },
            {
              "title": "Verifica se a paleta lista todas as cores disponíveis para utilização, lado a lado.",
              "fullTitle": "2 - Adicione à página uma paleta de quatro cores distintas. Verifica se a paleta lista todas as cores disponíveis para utilização, lado a lado.",
              "timedOut": null,
              "duration": 4225,
              "state": "failed",
              "speed": null,
              "pass": false,
              "fail": true,
              "pending": false,
              "context": null,
              "code": "cy.get('.color').then(function (colors) {\n  for (var index = 1; index < colors.length; index += 1) {\n    var currentColor = colors[index];\n    var previousColor = colors[index - 1];\n    cy.wrap(currentColor).should('be.onTheRightOf', previousColor).and('be.horizontallyAlignedWith', previousColor);\n  }\n});",
              "err": {
                "message": "CypressError: Timed out retrying: expected '<div#red.color>' to be horizontally aligned with <div id=\"black\" class=\"color selected\"></div>",
                "estack": "CypressError: Timed out retrying: expected '<div#red.color>' to be horizontally aligned with <div id=\"black\" class=\"color selected\"></div>\n    at cypressErr (http://localhost:39835/__cypress/runner/cypress_runner.js:149934:9)\n    at throwErr (http://localhost:39835/__cypress/runner/cypress_runner.js:149867:11)\n    at Object.throwErrByPath (http://localhost:39835/__cypress/runner/cypress_runner.js:149915:3)\n    at retry (http://localhost:39835/__cypress/runner/cypress_runner.js:144197:19)\n    at onFailFn (http://localhost:39835/__cypress/runner/cypress_runner.js:132448:16)\n    at tryCatcher (http://localhost:39835/__cypress/runner/cypress_runner.js:167415:23)\n    at Promise._settlePromiseFromHandler (http://localhost:39835/__cypress/runner/cypress_runner.js:165351:31)\n    at Promise._settlePromise (http://localhost:39835/__cypress/runner/cypress_runner.js:165408:18)\n    at Promise._settlePromise0 (http://localhost:39835/__cypress/runner/cypress_runner.js:165453:10)\n    at Promise._settlePromises (http://localhost:39835/__cypress/runner/cypress_runner.js:165528:18)\n    at Async../node_modules/bluebird/js/release/async.js.Async._drainQueue (http://localhost:39835/__cypress/runner/cypress_runner.js:162140:16)\n    at Async../node_modules/bluebird/js/release/async.js.Async._drainQueues (http://localhost:39835/__cypress/runner/cypress_runner.js:162150:10)\n    at Async.drainQueues (http://localhost:39835/__cypress/runner/cypress_runner.js:162024:14)",
                "diff": null
              },
              "uuid": "e4aa087e-6dc6-404e-8cad-c125e4f3a243",
              "parentUUID": "648ca318-a84e-457d-9f36-ccb91185a7f3",
              "isHook": false,
              "skipped": false
            },
            {
              "title": "Verifica se a paleta de cores está posicionada abaixo do título 'Paleta de Cores'",
              "fullTitle": "2 - Adicione à página uma paleta de quatro cores distintas. Verifica se a paleta de cores está posicionada abaixo do título 'Paleta de Cores'",
              "timedOut": null,
              "duration": 150,
              "state": "passed",
              "speed": "slow",
              "pass": true,
              "fail": false,
              "pending": false,
              "context": null,
              "code": "cy.get('h1#title').then(function (title) {\n  cy.get('#color-palette').should('be.belowOf', title);\n});",
              "err": {},
              "uuid": "ed6a5081-ee4e-4ace-a8e1-78734a76cc88",
              "parentUUID": "648ca318-a84e-457d-9f36-ccb91185a7f3",
              "isHook": false,
              "skipped": false
            },
            {
              "title": "Verifica se a paleta de cores não contém cores repetidas.",
              "fullTitle": "2 - Adicione à página uma paleta de quatro cores distintas. Verifica se a paleta de cores não contém cores repetidas.",
              "timedOut": null,
              "duration": 76,
              "state": "passed",
              "speed": "slow",
              "pass": true,
              "fail": false,
              "pending": false,
              "context": null,
              "code": "cy.get('.color').then(function (colors) {\n  var allColors = Array.from(colors).map(function (color) {\n    return Cypress.$(color).css('background-color');\n  });\n  cy.log(allColors);\n  var uniqColors = (0, _toConsumableArray2[\"default\"])(new Set(allColors));\n  cy.log(uniqColors);\n  expect(allColors.length).to.eq(uniqColors.length);\n});",
              "err": {},
              "uuid": "9d0f2f8b-fa23-46ff-b3f9-40f6fc4dd1de",
              "parentUUID": "648ca318-a84e-457d-9f36-ccb91185a7f3",
              "isHook": false,
              "skipped": false
            }
          ],
          "suites": [],
          "passes": [
            "929a560a-259e-40f3-8a38-ddd09a5218f9",
            "79df985e-2b17-41be-85a6-205d3e1103eb",
            "c1b190b5-1f66-42f9-b255-de6ef56bdfbb",
            "44d73e1a-5213-4209-acbc-dc422a3bc82b",
            "ed6a5081-ee4e-4ace-a8e1-78734a76cc88",
            "9d0f2f8b-fa23-46ff-b3f9-40f6fc4dd1de"
          ],
          "failures": [
            "e4aa087e-6dc6-404e-8cad-c125e4f3a243"
          ],
          "pending": [],
          "skipped": [],
          "duration": 4884,
          "root": false,
          "rootEmpty": false,
          "_timeout": 2000
        },
        {
          "uuid": "a0c8e1d2-49bb-405d-a14b-ee74853b9cc9",
          "title": "3 - Adicione a cor **preta** como a primeira cor da paleta de cores.",
          "fullFile": "",
          "file": "",
          "beforeHooks": [],
          "afterHooks": [],
          "tests": [
            {
              "title": "Verifica se a primeira cor da paleta é preta",
              "fullTitle": "3 - Adicione a cor **preta** como a primeira cor da paleta de cores. Verifica se a primeira cor da paleta é preta",
              "timedOut": null,
              "duration": 94,
              "state": "passed",
              "speed": "slow",
              "pass": true,
              "fail": false,
              "pending": false,
              "context": null,
              "code": "cy.get('.color').first().should('have.css', 'background-color', BLACK);",
              "err": {},
              "uuid": "ddd5c5cb-9312-4d7a-a964-08bcfe696a9d",
              "parentUUID": "a0c8e1d2-49bb-405d-a14b-ee74853b9cc9",
              "isHook": false,
              "skipped": false
            },
            {
              "title": "Verifica se as demais cores podem ser escolhidas livremente.",
              "fullTitle": "3 - Adicione a cor **preta** como a primeira cor da paleta de cores. Verifica se as demais cores podem ser escolhidas livremente.",
              "timedOut": null,
              "duration": 131,
              "state": "passed",
              "speed": "slow",
              "pass": true,
              "fail": false,
              "pending": false,
              "context": null,
              "code": "cy.get('.color').eq(1).should('not.have.css', 'background-color', BLACK);\ncy.get('.color').eq(1).should('not.have.css', 'background-color', WHITE);\ncy.get('.color').eq(1).should('not.have.css', 'background-color', 'rgba(0, 0, 0, 0)');\ncy.get('.color').eq(1).should('have.css', 'background-color');\ncy.get('.color').eq(2).should('not.have.css', 'background-color', BLACK);\ncy.get('.color').eq(2).should('not.have.css', 'background-color', WHITE);\ncy.get('.color').eq(2).should('not.have.css', 'background-color', 'rgba(0, 0, 0, 0)');\ncy.get('.color').eq(2).should('have.css', 'background-color');\ncy.get('.color').eq(3).should('not.have.css', 'background-color', BLACK);\ncy.get('.color').eq(3).should('not.have.css', 'background-color', WHITE);\ncy.get('.color').eq(3).should('not.have.css', 'background-color', 'rgba(0, 0, 0, 0)');\ncy.get('.color').eq(3).should('have.css', 'background-color');",
              "err": {},
              "uuid": "6bdb1f5a-3879-4f77-bc10-578825b50498",
              "parentUUID": "a0c8e1d2-49bb-405d-a14b-ee74853b9cc9",
              "isHook": false,
              "skipped": false
            }
          ],
          "suites": [],
          "passes": [
            "ddd5c5cb-9312-4d7a-a964-08bcfe696a9d",
            "6bdb1f5a-3879-4f77-bc10-578825b50498"
          ],
          "failures": [],
          "pending": [],
          "skipped": [],
          "duration": 225,
          "root": false,
          "rootEmpty": false,
          "_timeout": 2000
        },
        {
          "uuid": "7971bd54-3a24-4b6d-a2b4-7ea39dfaf927",
          "title": "4 - Adicione à página um quadro de pixels, com 25 pixels.",
          "fullFile": "",
          "file": "",
          "beforeHooks": [],
          "afterHooks": [],
          "tests": [
            {
              "title": "Verifica se o quadro de pixels possui o `id` denominado `pixel-board`",
              "fullTitle": "4 - Adicione à página um quadro de pixels, com 25 pixels. Verifica se o quadro de pixels possui o `id` denominado `pixel-board`",
              "timedOut": null,
              "duration": 69,
              "state": "passed",
              "speed": "medium",
              "pass": true,
              "fail": false,
              "pending": false,
              "context": null,
              "code": "cy.get('#pixel-board').should('be.visible');",
              "err": {},
              "uuid": "44c89799-f513-4bbf-9469-7c868cc62a78",
              "parentUUID": "7971bd54-3a24-4b6d-a2b4-7ea39dfaf927",
              "isHook": false,
              "skipped": false
            },
            {
              "title": "Verifica se cada pixel individual dentro do quadro possui a `classe` denominada `pixel`.",
              "fullTitle": "4 - Adicione à página um quadro de pixels, com 25 pixels. Verifica se cada pixel individual dentro do quadro possui a `classe` denominada `pixel`.",
              "timedOut": null,
              "duration": 76,
              "state": "passed",
              "speed": "slow",
              "pass": true,
              "fail": false,
              "pending": false,
              "context": null,
              "code": "cy.get('.pixel').should('have.length', 25);",
              "err": {},
              "uuid": "4b5b8b33-e73c-4e10-a517-07b7eb386f84",
              "parentUUID": "7971bd54-3a24-4b6d-a2b4-7ea39dfaf927",
              "isHook": false,
              "skipped": false
            },
            {
              "title": "Verifica se a cor inicial dos pixels dentro do quadro, ao abrir a página, é branca.",
              "fullTitle": "4 - Adicione à página um quadro de pixels, com 25 pixels. Verifica se a cor inicial dos pixels dentro do quadro, ao abrir a página, é branca.",
              "timedOut": null,
              "duration": 127,
              "state": "passed",
              "speed": "slow",
              "pass": true,
              "fail": false,
              "pending": false,
              "context": null,
              "code": "cy.get('.pixel').should('have.length', 25).each(function (pixel) {\n  expect(pixel).to.have.css('background-color', WHITE);\n});",
              "err": {},
              "uuid": "efcff25a-5cd8-47ee-8ad3-91b55ab1c9cf",
              "parentUUID": "7971bd54-3a24-4b6d-a2b4-7ea39dfaf927",
              "isHook": false,
              "skipped": false
            },
            {
              "title": "Verifica se o quadro de pixels aparece abaixo da paleta de cores",
              "fullTitle": "4 - Adicione à página um quadro de pixels, com 25 pixels. Verifica se o quadro de pixels aparece abaixo da paleta de cores",
              "timedOut": null,
              "duration": 85,
              "state": "passed",
              "speed": "slow",
              "pass": true,
              "fail": false,
              "pending": false,
              "context": null,
              "code": "cy.get('#color-palette').then(function (palette) {\n  cy.get('#pixel-board').should('be.belowOf', palette);\n});",
              "err": {},
              "uuid": "34c7a55f-afd2-4347-99e7-cfd532fcaee9",
              "parentUUID": "7971bd54-3a24-4b6d-a2b4-7ea39dfaf927",
              "isHook": false,
              "skipped": false
            }
          ],
          "suites": [],
          "passes": [
            "44c89799-f513-4bbf-9469-7c868cc62a78",
            "4b5b8b33-e73c-4e10-a517-07b7eb386f84",
            "efcff25a-5cd8-47ee-8ad3-91b55ab1c9cf",
            "34c7a55f-afd2-4347-99e7-cfd532fcaee9"
          ],
          "failures": [],
          "pending": [],
          "skipped": [],
          "duration": 357,
          "root": false,
          "rootEmpty": false,
          "_timeout": 2000
        },
        {
          "uuid": "cb47735b-0ca6-4abf-9a17-307ae52bf40b",
          "title": "5 - Faça com que cada elemento do quadro de pixels possua 40 pixels de largura, 40 pixels de altura e seja delimitado por uma borda preta de 1 pixel.",
          "fullFile": "",
          "file": "",
          "beforeHooks": [],
          "afterHooks": [],
          "tests": [
            {
              "title": "Verifica se o quadro de pixels tem altura e comprimento de 5 elementos",
              "fullTitle": "5 - Faça com que cada elemento do quadro de pixels possua 40 pixels de largura, 40 pixels de altura e seja delimitado por uma borda preta de 1 pixel. Verifica se o quadro de pixels tem altura e comprimento de 5 elementos",
              "timedOut": null,
              "duration": 214,
              "state": "passed",
              "speed": "slow",
              "pass": true,
              "fail": false,
              "pending": false,
              "context": null,
              "code": "cy.get('.pixel').should('have.length', 25).each(function (pixel) {\n  expect(pixel).to.have.css('background-color', WHITE);\n}).and(function (pixels) {\n  var rows = chunk(pixels, 5);\n  rows.forEach(function (row) {\n    for (var index = 1; index < row.length; index += 1) {\n      var current = pixels[index];\n      var previous = pixels[index - 1];\n      cy.wrap(current).should('be.onTheRightOf', previous).and('be.horizontallyAlignedWith', previous);\n    }\n  });\n  for (var index = 1; index < 5; index += 1) {\n    expect(pixels[index * 5]).to.be.belowOf(pixels[(index - 1) * 5]);\n  }\n});",
              "err": {},
              "uuid": "da86fd33-3331-40d3-b377-2e91797ce9ab",
              "parentUUID": "cb47735b-0ca6-4abf-9a17-307ae52bf40b",
              "isHook": false,
              "skipped": false
            },
            {
              "title": "Verifica se 40 pixels é o tamanho total do elemento, incluindo seu conteúdo e excluindo a borda preta, que deve ser criada à parte.",
              "fullTitle": "5 - Faça com que cada elemento do quadro de pixels possua 40 pixels de largura, 40 pixels de altura e seja delimitado por uma borda preta de 1 pixel. Verifica se 40 pixels é o tamanho total do elemento, incluindo seu conteúdo e excluindo a borda preta, que deve ser criada à parte.",
              "timedOut": null,
              "duration": 203,
              "state": "passed",
              "speed": "slow",
              "pass": true,
              "fail": false,
              "pending": false,
              "context": null,
              "code": "cy.get('.pixel').each(function (pixel) {\n  cy.wrap(pixel).should('have.css', 'height', '40px').and('have.css', 'width', '40px').and('have.css', 'border', \"1px solid \".concat(BLACK));\n});",
              "err": {},
              "uuid": "02fe82bd-877d-49c3-86c3-c654bb701346",
              "parentUUID": "cb47735b-0ca6-4abf-9a17-307ae52bf40b",
              "isHook": false,
              "skipped": false
            }
          ],
          "suites": [],
          "passes": [
            "da86fd33-3331-40d3-b377-2e91797ce9ab",
            "02fe82bd-877d-49c3-86c3-c654bb701346"
          ],
          "failures": [],
          "pending": [],
          "skipped": [],
          "duration": 417,
          "root": false,
          "rootEmpty": false,
          "_timeout": 2000
        },
        {
          "uuid": "9730cb98-d02e-46ff-9d0b-3905f1dd658d",
          "title": "6 - Defina a cor preta como cor inicial. Ao carregar a página a cor preta já deve estar selecionada para pintar os pixels",
          "fullFile": "",
          "file": "",
          "beforeHooks": [],
          "afterHooks": [],
          "tests": [
            {
              "title": "Verifica se o elemento da cor preta possui, inicialmente, a `classe` `selected`",
              "fullTitle": "6 - Defina a cor preta como cor inicial. Ao carregar a página a cor preta já deve estar selecionada para pintar os pixels Verifica se o elemento da cor preta possui, inicialmente, a `classe` `selected`",
              "timedOut": null,
              "duration": 88,
              "state": "passed",
              "speed": "slow",
              "pass": true,
              "fail": false,
              "pending": false,
              "context": null,
              "code": "cy.get('.selected').first().should('have.css', 'background-color', BLACK);",
              "err": {},
              "uuid": "52b78473-0345-40d6-bba0-85fc0b902366",
              "parentUUID": "9730cb98-d02e-46ff-9d0b-3905f1dd658d",
              "isHook": false,
              "skipped": false
            },
            {
              "title": "Verifica se nenhuma outra cor da paleta tem a `classe` `selected`",
              "fullTitle": "6 - Defina a cor preta como cor inicial. Ao carregar a página a cor preta já deve estar selecionada para pintar os pixels Verifica se nenhuma outra cor da paleta tem a `classe` `selected`",
              "timedOut": null,
              "duration": 70,
              "state": "passed",
              "speed": "medium",
              "pass": true,
              "fail": false,
              "pending": false,
              "context": null,
              "code": "cy.get('.color:not(:first-child)').each(function (color) {\n  cy.wrap(color).should('not.have.class', 'selected');\n});",
              "err": {},
              "uuid": "d81c392c-1caa-4527-99fa-8b5f5babc39f",
              "parentUUID": "9730cb98-d02e-46ff-9d0b-3905f1dd658d",
              "isHook": false,
              "skipped": false
            }
          ],
          "suites": [],
          "passes": [
            "52b78473-0345-40d6-bba0-85fc0b902366",
            "d81c392c-1caa-4527-99fa-8b5f5babc39f"
          ],
          "failures": [],
          "pending": [],
          "skipped": [],
          "duration": 158,
          "root": false,
          "rootEmpty": false,
          "_timeout": 2000
        },
        {
          "uuid": "bd620dac-81d6-4ce1-b1ef-678605da86c0",
          "title": "7 - Clicar em uma das cores da paleta, faz com que ela seja selecionada e utilizada para preencher os pixels no quadro.",
          "fullFile": "",
          "file": "",
          "beforeHooks": [],
          "afterHooks": [],
          "tests": [
            {
              "title": "Verifica se somente uma cor da paleta de cores tem a classe `selected` de cada vez",
              "fullTitle": "7 - Clicar em uma das cores da paleta, faz com que ela seja selecionada e utilizada para preencher os pixels no quadro. Verifica se somente uma cor da paleta de cores tem a classe `selected` de cada vez",
              "timedOut": null,
              "duration": 433,
              "state": "passed",
              "speed": "slow",
              "pass": true,
              "fail": false,
              "pending": false,
              "context": null,
              "code": "cy.get('.color').each(function (selectedColor, selectedColorIndex) {\n  cy.wrap(selectedColor).click();\n  cy.get('.color').each(function (color, colorIndex) {\n    if (colorIndex === selectedColorIndex) {\n      expect(color).to.have[\"class\"]('selected');\n    } else {\n      expect(color).not.to.have[\"class\"]('selected');\n    }\n  });\n});",
              "err": {},
              "uuid": "d8bdec29-1182-4796-ba49-ea4fffe46087",
              "parentUUID": "bd620dac-81d6-4ce1-b1ef-678605da86c0",
              "isHook": false,
              "skipped": false
            },
            {
              "title": "Verifica se os pixels dentro do quadro não têm a classe `selected` quando são clicados",
              "fullTitle": "7 - Clicar em uma das cores da paleta, faz com que ela seja selecionada e utilizada para preencher os pixels no quadro. Verifica se os pixels dentro do quadro não têm a classe `selected` quando são clicados",
              "timedOut": null,
              "duration": 8420,
              "state": "passed",
              "speed": "slow",
              "pass": true,
              "fail": false,
              "pending": false,
              "context": null,
              "code": "cy.get('.color').each(function (color) {\n  var backgroundColor = color.css('background-color');\n  cy.wrap(color).click();\n  cy.get('.pixel').each(function (pixel) {\n    cy.wrap(pixel).click().should('not.have.class', 'selected');\n  });\n});",
              "err": {},
              "uuid": "0648d494-0891-4e0b-9e3c-d802812772e3",
              "parentUUID": "bd620dac-81d6-4ce1-b1ef-678605da86c0",
              "isHook": false,
              "skipped": false
            }
          ],
          "suites": [],
          "passes": [
            "d8bdec29-1182-4796-ba49-ea4fffe46087",
            "0648d494-0891-4e0b-9e3c-d802812772e3"
          ],
          "failures": [],
          "pending": [],
          "skipped": [],
          "duration": 8853,
          "root": false,
          "rootEmpty": false,
          "_timeout": 2000
        },
        {
          "uuid": "5f3e5a90-b928-4e8a-9c7d-e0d5a6c77894",
          "title": "8 - Clicar em um pixel dentro do quadro após selecionar uma cor na paleta, faz com que o pixel seja preenchido com a cor selecionada.",
          "fullFile": "",
          "file": "",
          "beforeHooks": [],
          "afterHooks": [],
          "tests": [
            {
              "title": "Verifica se ao carregar a página deve ser possível pintar os pixels de preto",
              "fullTitle": "8 - Clicar em um pixel dentro do quadro após selecionar uma cor na paleta, faz com que o pixel seja preenchido com a cor selecionada. Verifica se ao carregar a página deve ser possível pintar os pixels de preto",
              "timedOut": null,
              "duration": 4317,
              "state": "failed",
              "speed": null,
              "pass": false,
              "fail": true,
              "pending": false,
              "context": null,
              "code": "cy.get('.pixel').each(function (pixel) {\n  cy.wrap(pixel).click().should('have.css', 'background-color', BLACK);\n});",
              "err": {
                "message": "CypressError: Timed out retrying: expected '<div#pixel1.pixel>' to have CSS property 'background-color' with the value 'rgb(0, 0, 0)', but the value was 'rgb(255, 255, 255)'",
                "estack": "CypressError: Timed out retrying: expected '<div#pixel1.pixel>' to have CSS property 'background-color' with the value 'rgb(0, 0, 0)', but the value was 'rgb(255, 255, 255)'\n    at cypressErr (http://localhost:39835/__cypress/runner/cypress_runner.js:149934:9)\n    at throwErr (http://localhost:39835/__cypress/runner/cypress_runner.js:149867:11)\n    at Object.throwErrByPath (http://localhost:39835/__cypress/runner/cypress_runner.js:149915:3)\n    at retry (http://localhost:39835/__cypress/runner/cypress_runner.js:144197:19)\n    at onFailFn (http://localhost:39835/__cypress/runner/cypress_runner.js:132448:16)\n    at tryCatcher (http://localhost:39835/__cypress/runner/cypress_runner.js:167415:23)\n    at Promise._settlePromiseFromHandler (http://localhost:39835/__cypress/runner/cypress_runner.js:165351:31)\n    at Promise._settlePromise (http://localhost:39835/__cypress/runner/cypress_runner.js:165408:18)\n    at Promise._settlePromise0 (http://localhost:39835/__cypress/runner/cypress_runner.js:165453:10)\n    at Promise._settlePromises (http://localhost:39835/__cypress/runner/cypress_runner.js:165528:18)\n    at Async../node_modules/bluebird/js/release/async.js.Async._drainQueue (http://localhost:39835/__cypress/runner/cypress_runner.js:162140:16)\n    at Async../node_modules/bluebird/js/release/async.js.Async._drainQueues (http://localhost:39835/__cypress/runner/cypress_runner.js:162150:10)\n    at Async.drainQueues (http://localhost:39835/__cypress/runner/cypress_runner.js:162024:14)",
                "diff": null
              },
              "uuid": "24f5b1eb-6bf1-41dd-a296-c68710d13b02",
              "parentUUID": "5f3e5a90-b928-4e8a-9c7d-e0d5a6c77894",
              "isHook": false,
              "skipped": false
            },
            {
              "title": "Verifica se após selecionar uma outra cor na paleta, é possível pintar os pixels com essa cor",
              "fullTitle": "8 - Clicar em um pixel dentro do quadro após selecionar uma cor na paleta, faz com que o pixel seja preenchido com a cor selecionada. Verifica se após selecionar uma outra cor na paleta, é possível pintar os pixels com essa cor",
              "timedOut": null,
              "duration": 4387,
              "state": "failed",
              "speed": null,
              "pass": false,
              "fail": true,
              "pending": false,
              "context": null,
              "code": "cy.get('.color').each(function (color) {\n  var backgroundColor = color.css('background-color');\n  cy.wrap(color).click();\n  cy.get('.pixel').each(function (pixel) {\n    cy.wrap(pixel).click().should('have.css', 'background-color', backgroundColor);\n  });\n});",
              "err": {
                "message": "CypressError: Timed out retrying: expected '<div#pixel1.pixel>' to have CSS property 'background-color' with the value 'rgb(0, 0, 0)', but the value was 'rgb(255, 255, 255)'",
                "estack": "CypressError: Timed out retrying: expected '<div#pixel1.pixel>' to have CSS property 'background-color' with the value 'rgb(0, 0, 0)', but the value was 'rgb(255, 255, 255)'\n    at cypressErr (http://localhost:39835/__cypress/runner/cypress_runner.js:149934:9)\n    at throwErr (http://localhost:39835/__cypress/runner/cypress_runner.js:149867:11)\n    at Object.throwErrByPath (http://localhost:39835/__cypress/runner/cypress_runner.js:149915:3)\n    at retry (http://localhost:39835/__cypress/runner/cypress_runner.js:144197:19)\n    at onFailFn (http://localhost:39835/__cypress/runner/cypress_runner.js:132448:16)\n    at tryCatcher (http://localhost:39835/__cypress/runner/cypress_runner.js:167415:23)\n    at Promise._settlePromiseFromHandler (http://localhost:39835/__cypress/runner/cypress_runner.js:165351:31)\n    at Promise._settlePromise (http://localhost:39835/__cypress/runner/cypress_runner.js:165408:18)\n    at Promise._settlePromise0 (http://localhost:39835/__cypress/runner/cypress_runner.js:165453:10)\n    at Promise._settlePromises (http://localhost:39835/__cypress/runner/cypress_runner.js:165528:18)\n    at Async../node_modules/bluebird/js/release/async.js.Async._drainQueue (http://localhost:39835/__cypress/runner/cypress_runner.js:162140:16)\n    at Async../node_modules/bluebird/js/release/async.js.Async._drainQueues (http://localhost:39835/__cypress/runner/cypress_runner.js:162150:10)\n    at Async.drainQueues (http://localhost:39835/__cypress/runner/cypress_runner.js:162024:14)",
                "diff": null
              },
              "uuid": "08537a9c-f1fc-4dfb-b272-4b3221b3c144",
              "parentUUID": "5f3e5a90-b928-4e8a-9c7d-e0d5a6c77894",
              "isHook": false,
              "skipped": false
            },
            {
              "title": "Verifica se somente o pixel que foi clicado foi preenchido com a cor selecionada, sem influenciar na cor dos demais pixels.",
              "fullTitle": "8 - Clicar em um pixel dentro do quadro após selecionar uma cor na paleta, faz com que o pixel seja preenchido com a cor selecionada. Verifica se somente o pixel que foi clicado foi preenchido com a cor selecionada, sem influenciar na cor dos demais pixels.",
              "timedOut": null,
              "duration": 1077,
              "state": "passed",
              "speed": "slow",
              "pass": true,
              "fail": false,
              "pending": false,
              "context": null,
              "code": "var colorToPixelIndexMap = {\n  0: 6,\n  1: 8,\n  2: 16,\n  3: 18\n};\ncy.get('.color').each(function (color, index) {\n  cy.wrap(color).click();\n  var backgroundColor = color.css('background-color');\n  var clickedPixelIndex = colorToPixelIndexMap[index];\n  cy.get('.pixel').eq(clickedPixelIndex).click();\n  cy.get('.pixel').eq(clickedPixelIndex - 1).should('not.have.css', 'background-color', backgroundColor);\n  cy.get('.pixel').eq(clickedPixelIndex + 1).should('not.have.css', 'background-color', backgroundColor);\n  cy.get('.pixel').eq(clickedPixelIndex - 5).should('not.have.css', 'background-color', backgroundColor);\n  cy.get('.pixel').eq(clickedPixelIndex + 5).should('not.have.css', 'background-color', backgroundColor);\n  cy.get('.pixel').eq(clickedPixelIndex - 6).should('not.have.css', 'background-color', backgroundColor);\n  cy.get('.pixel').eq(clickedPixelIndex - 4).should('not.have.css', 'background-color', backgroundColor);\n  cy.get('.pixel').eq(clickedPixelIndex + 4).should('not.have.css', 'background-color', backgroundColor);\n  cy.get('.pixel').eq(clickedPixelIndex + 6).should('not.have.css', 'background-color', backgroundColor);\n});",
              "err": {},
              "uuid": "202a4178-890e-47d3-be38-8f44d5f77416",
              "parentUUID": "5f3e5a90-b928-4e8a-9c7d-e0d5a6c77894",
              "isHook": false,
              "skipped": false
            }
          ],
          "suites": [],
          "passes": [
            "202a4178-890e-47d3-be38-8f44d5f77416"
          ],
          "failures": [
            "24f5b1eb-6bf1-41dd-a296-c68710d13b02",
            "08537a9c-f1fc-4dfb-b272-4b3221b3c144"
          ],
          "pending": [],
          "skipped": [],
          "duration": 9781,
          "root": false,
          "rootEmpty": false,
          "_timeout": 2000
        },
        {
          "uuid": "4f8f98e0-7e95-48f6-9a09-4697c5f80549",
          "title": "9 - Crie um botão que, ao ser clicado, limpa o quadro preenchendo a cor de todos seus pixels com branco.",
          "fullFile": "",
          "file": "",
          "beforeHooks": [],
          "afterHooks": [],
          "tests": [
            {
              "title": "Verifica se o botão tem o `id` denominado `clear-board`",
              "fullTitle": "9 - Crie um botão que, ao ser clicado, limpa o quadro preenchendo a cor de todos seus pixels com branco. Verifica se o botão tem o `id` denominado `clear-board`",
              "timedOut": null,
              "duration": 4223,
              "state": "failed",
              "speed": null,
              "pass": false,
              "fail": true,
              "pending": false,
              "context": null,
              "code": "cy.get('#clear-board').should('be.visible');",
              "err": {
                "message": "CypressError: Timed out retrying: Expected to find element: '#clear-board', but never found it.",
                "estack": "CypressError: Timed out retrying: Expected to find element: '#clear-board', but never found it.\n    at cypressErr (http://localhost:39835/__cypress/runner/cypress_runner.js:149934:9)\n    at throwErr (http://localhost:39835/__cypress/runner/cypress_runner.js:149867:11)\n    at Object.throwErrByPath (http://localhost:39835/__cypress/runner/cypress_runner.js:149915:3)\n    at retry (http://localhost:39835/__cypress/runner/cypress_runner.js:144197:19)\n    at onFailFn (http://localhost:39835/__cypress/runner/cypress_runner.js:132448:16)\n    at tryCatcher (http://localhost:39835/__cypress/runner/cypress_runner.js:167415:23)\n    at Promise._settlePromiseFromHandler (http://localhost:39835/__cypress/runner/cypress_runner.js:165351:31)\n    at Promise._settlePromise (http://localhost:39835/__cypress/runner/cypress_runner.js:165408:18)\n    at Promise._settlePromise0 (http://localhost:39835/__cypress/runner/cypress_runner.js:165453:10)\n    at Promise._settlePromises (http://localhost:39835/__cypress/runner/cypress_runner.js:165528:18)\n    at Async../node_modules/bluebird/js/release/async.js.Async._drainQueue (http://localhost:39835/__cypress/runner/cypress_runner.js:162140:16)\n    at Async../node_modules/bluebird/js/release/async.js.Async._drainQueues (http://localhost:39835/__cypress/runner/cypress_runner.js:162150:10)\n    at Async.drainQueues (http://localhost:39835/__cypress/runner/cypress_runner.js:162024:14)",
                "diff": null
              },
              "uuid": "06d8348b-9a14-4c28-b839-c17b40865afe",
              "parentUUID": "4f8f98e0-7e95-48f6-9a09-4697c5f80549",
              "isHook": false,
              "skipped": false
            },
            {
              "title": "Verifica se o botão está posicionado entre a paleta de cores e o quadro de pixels",
              "fullTitle": "9 - Crie um botão que, ao ser clicado, limpa o quadro preenchendo a cor de todos seus pixels com branco. Verifica se o botão está posicionado entre a paleta de cores e o quadro de pixels",
              "timedOut": null,
              "duration": 4312,
              "state": "failed",
              "speed": null,
              "pass": false,
              "fail": true,
              "pending": false,
              "context": null,
              "code": "cy.get('#color-palette').then(function (palette) {\n  cy.get('#clear-board').should('be.belowOf', palette);\n});\ncy.get('#clear-board').then(function (clearBtn) {\n  cy.get('#pixel-board').should('be.belowOf', clearBtn);\n});",
              "err": {
                "message": "CypressError: Timed out retrying: Expected to find element: '#clear-board', but never found it.",
                "estack": "CypressError: Timed out retrying: Expected to find element: '#clear-board', but never found it.\n    at cypressErr (http://localhost:39835/__cypress/runner/cypress_runner.js:149934:9)\n    at throwErr (http://localhost:39835/__cypress/runner/cypress_runner.js:149867:11)\n    at Object.throwErrByPath (http://localhost:39835/__cypress/runner/cypress_runner.js:149915:3)\n    at retry (http://localhost:39835/__cypress/runner/cypress_runner.js:144197:19)\n    at onFailFn (http://localhost:39835/__cypress/runner/cypress_runner.js:132448:16)\n    at tryCatcher (http://localhost:39835/__cypress/runner/cypress_runner.js:167415:23)\n    at Promise._settlePromiseFromHandler (http://localhost:39835/__cypress/runner/cypress_runner.js:165351:31)\n    at Promise._settlePromise (http://localhost:39835/__cypress/runner/cypress_runner.js:165408:18)\n    at Promise._settlePromise0 (http://localhost:39835/__cypress/runner/cypress_runner.js:165453:10)\n    at Promise._settlePromises (http://localhost:39835/__cypress/runner/cypress_runner.js:165528:18)\n    at Async../node_modules/bluebird/js/release/async.js.Async._drainQueue (http://localhost:39835/__cypress/runner/cypress_runner.js:162140:16)\n    at Async../node_modules/bluebird/js/release/async.js.Async._drainQueues (http://localhost:39835/__cypress/runner/cypress_runner.js:162150:10)\n    at Async.drainQueues (http://localhost:39835/__cypress/runner/cypress_runner.js:162024:14)",
                "diff": null
              },
              "uuid": "0ea7d545-16b5-4bfe-8c76-4ba23d6dde8d",
              "parentUUID": "4f8f98e0-7e95-48f6-9a09-4697c5f80549",
              "isHook": false,
              "skipped": false
            },
            {
              "title": "Verifica se o texto do botão é 'Limpar'",
              "fullTitle": "9 - Crie um botão que, ao ser clicado, limpa o quadro preenchendo a cor de todos seus pixels com branco. Verifica se o texto do botão é 'Limpar'",
              "timedOut": null,
              "duration": 4249,
              "state": "failed",
              "speed": null,
              "pass": false,
              "fail": true,
              "pending": false,
              "context": null,
              "code": "cy.get('#clear-board').should('contain.text', 'Limpar');",
              "err": {
                "message": "CypressError: Timed out retrying: Expected to find element: '#clear-board', but never found it.",
                "estack": "CypressError: Timed out retrying: Expected to find element: '#clear-board', but never found it.\n    at cypressErr (http://localhost:39835/__cypress/runner/cypress_runner.js:149934:9)\n    at throwErr (http://localhost:39835/__cypress/runner/cypress_runner.js:149867:11)\n    at Object.throwErrByPath (http://localhost:39835/__cypress/runner/cypress_runner.js:149915:3)\n    at retry (http://localhost:39835/__cypress/runner/cypress_runner.js:144197:19)\n    at onFailFn (http://localhost:39835/__cypress/runner/cypress_runner.js:132448:16)\n    at tryCatcher (http://localhost:39835/__cypress/runner/cypress_runner.js:167415:23)\n    at Promise._settlePromiseFromHandler (http://localhost:39835/__cypress/runner/cypress_runner.js:165351:31)\n    at Promise._settlePromise (http://localhost:39835/__cypress/runner/cypress_runner.js:165408:18)\n    at Promise._settlePromise0 (http://localhost:39835/__cypress/runner/cypress_runner.js:165453:10)\n    at Promise._settlePromises (http://localhost:39835/__cypress/runner/cypress_runner.js:165528:18)\n    at Async../node_modules/bluebird/js/release/async.js.Async._drainQueue (http://localhost:39835/__cypress/runner/cypress_runner.js:162140:16)\n    at Async../node_modules/bluebird/js/release/async.js.Async._drainQueues (http://localhost:39835/__cypress/runner/cypress_runner.js:162150:10)\n    at Async.drainQueues (http://localhost:39835/__cypress/runner/cypress_runner.js:162024:14)",
                "diff": null
              },
              "uuid": "8ee17501-b54b-42a0-8f9a-e793680de179",
              "parentUUID": "4f8f98e0-7e95-48f6-9a09-4697c5f80549",
              "isHook": false,
              "skipped": false
            },
            {
              "title": "Verifica se ao clicar no botão, o quadro de pixels é totalmente preenchido de branco",
              "fullTitle": "9 - Crie um botão que, ao ser clicado, limpa o quadro preenchendo a cor de todos seus pixels com branco. Verifica se ao clicar no botão, o quadro de pixels é totalmente preenchido de branco",
              "timedOut": null,
              "duration": 4382,
              "state": "failed",
              "speed": null,
              "pass": false,
              "fail": true,
              "pending": false,
              "context": null,
              "code": "cy.get('.color').eq(1).then(function (color) {\n  var backgroundColor = color.css('background-color');\n  cy.wrap(color).click();\n  cy.get('.pixel').each(function (pixel) {\n    cy.wrap(pixel).click().should('have.css', 'background-color', backgroundColor);\n  });\n});\ncy.get('#clear-board').click();\ncy.get('.pixel').each(function (pixel) {\n  cy.wrap(pixel).should('have.css', 'background-color', WHITE);\n});",
              "err": {
                "message": "CypressError: Timed out retrying: expected '<div#pixel1.pixel>' to have CSS property 'background-color' with the value 'rgb(255, 0, 0)', but the value was 'rgb(255, 255, 255)'",
                "estack": "CypressError: Timed out retrying: expected '<div#pixel1.pixel>' to have CSS property 'background-color' with the value 'rgb(255, 0, 0)', but the value was 'rgb(255, 255, 255)'\n    at cypressErr (http://localhost:39835/__cypress/runner/cypress_runner.js:149934:9)\n    at throwErr (http://localhost:39835/__cypress/runner/cypress_runner.js:149867:11)\n    at Object.throwErrByPath (http://localhost:39835/__cypress/runner/cypress_runner.js:149915:3)\n    at retry (http://localhost:39835/__cypress/runner/cypress_runner.js:144197:19)\n    at onFailFn (http://localhost:39835/__cypress/runner/cypress_runner.js:132448:16)\n    at tryCatcher (http://localhost:39835/__cypress/runner/cypress_runner.js:167415:23)\n    at Promise._settlePromiseFromHandler (http://localhost:39835/__cypress/runner/cypress_runner.js:165351:31)\n    at Promise._settlePromise (http://localhost:39835/__cypress/runner/cypress_runner.js:165408:18)\n    at Promise._settlePromise0 (http://localhost:39835/__cypress/runner/cypress_runner.js:165453:10)\n    at Promise._settlePromises (http://localhost:39835/__cypress/runner/cypress_runner.js:165528:18)\n    at Async../node_modules/bluebird/js/release/async.js.Async._drainQueue (http://localhost:39835/__cypress/runner/cypress_runner.js:162140:16)\n    at Async../node_modules/bluebird/js/release/async.js.Async._drainQueues (http://localhost:39835/__cypress/runner/cypress_runner.js:162150:10)\n    at Async.drainQueues (http://localhost:39835/__cypress/runner/cypress_runner.js:162024:14)",
                "diff": null
              },
              "uuid": "3c805ef8-0f5e-4420-8a07-7685bdf54135",
              "parentUUID": "4f8f98e0-7e95-48f6-9a09-4697c5f80549",
              "isHook": false,
              "skipped": false
            }
          ],
          "suites": [],
          "passes": [],
          "failures": [
            "06d8348b-9a14-4c28-b839-c17b40865afe",
            "0ea7d545-16b5-4bfe-8c76-4ba23d6dde8d",
            "8ee17501-b54b-42a0-8f9a-e793680de179",
            "3c805ef8-0f5e-4420-8a07-7685bdf54135"
          ],
          "pending": [],
          "skipped": [],
          "duration": 17166,
          "root": false,
          "rootEmpty": false,
          "_timeout": 2000
        },
        {
          "uuid": "b7ee8626-5cc1-4f4a-8d71-4919c09d608a",
          "title": "10 - Faça o quadro de pixels ter seu tamanho definido pelo usuário.",
          "fullFile": "",
          "file": "",
          "beforeHooks": [],
          "afterHooks": [],
          "tests": [
            {
              "title": "Verifica se existe um input com o id `board-size`",
              "fullTitle": "10 - Faça o quadro de pixels ter seu tamanho definido pelo usuário. Verifica se existe um input com o id `board-size`",
              "timedOut": null,
              "duration": 4250,
              "state": "failed",
              "speed": null,
              "pass": false,
              "fail": true,
              "pending": false,
              "context": null,
              "code": "cy.get('#board-size').should('be.visible');",
              "err": {
                "message": "CypressError: Timed out retrying: Expected to find element: '#board-size', but never found it.",
                "estack": "CypressError: Timed out retrying: Expected to find element: '#board-size', but never found it.\n    at cypressErr (http://localhost:39835/__cypress/runner/cypress_runner.js:149934:9)\n    at throwErr (http://localhost:39835/__cypress/runner/cypress_runner.js:149867:11)\n    at Object.throwErrByPath (http://localhost:39835/__cypress/runner/cypress_runner.js:149915:3)\n    at retry (http://localhost:39835/__cypress/runner/cypress_runner.js:144197:19)\n    at onFailFn (http://localhost:39835/__cypress/runner/cypress_runner.js:132448:16)\n    at tryCatcher (http://localhost:39835/__cypress/runner/cypress_runner.js:167415:23)\n    at Promise._settlePromiseFromHandler (http://localhost:39835/__cypress/runner/cypress_runner.js:165351:31)\n    at Promise._settlePromise (http://localhost:39835/__cypress/runner/cypress_runner.js:165408:18)\n    at Promise._settlePromise0 (http://localhost:39835/__cypress/runner/cypress_runner.js:165453:10)\n    at Promise._settlePromises (http://localhost:39835/__cypress/runner/cypress_runner.js:165528:18)\n    at Async../node_modules/bluebird/js/release/async.js.Async._drainQueue (http://localhost:39835/__cypress/runner/cypress_runner.js:162140:16)\n    at Async../node_modules/bluebird/js/release/async.js.Async._drainQueues (http://localhost:39835/__cypress/runner/cypress_runner.js:162150:10)\n    at Async.drainQueues (http://localhost:39835/__cypress/runner/cypress_runner.js:162024:14)",
                "diff": null
              },
              "uuid": "16519d80-a593-4bf5-a862-4a778a09b7be",
              "parentUUID": "b7ee8626-5cc1-4f4a-8d71-4919c09d608a",
              "isHook": false,
              "skipped": false
            },
            {
              "title": "Verifica se existe um botão com o id `generate-board`",
              "fullTitle": "10 - Faça o quadro de pixels ter seu tamanho definido pelo usuário. Verifica se existe um botão com o id `generate-board`",
              "timedOut": null,
              "duration": 4249,
              "state": "failed",
              "speed": null,
              "pass": false,
              "fail": true,
              "pending": false,
              "context": null,
              "code": "cy.get('#generate-board').should('be.visible');",
              "err": {
                "message": "CypressError: Timed out retrying: Expected to find element: '#generate-board', but never found it.",
                "estack": "CypressError: Timed out retrying: Expected to find element: '#generate-board', but never found it.\n    at cypressErr (http://localhost:39835/__cypress/runner/cypress_runner.js:149934:9)\n    at throwErr (http://localhost:39835/__cypress/runner/cypress_runner.js:149867:11)\n    at Object.throwErrByPath (http://localhost:39835/__cypress/runner/cypress_runner.js:149915:3)\n    at retry (http://localhost:39835/__cypress/runner/cypress_runner.js:144197:19)\n    at onFailFn (http://localhost:39835/__cypress/runner/cypress_runner.js:132448:16)\n    at tryCatcher (http://localhost:39835/__cypress/runner/cypress_runner.js:167415:23)\n    at Promise._settlePromiseFromHandler (http://localhost:39835/__cypress/runner/cypress_runner.js:165351:31)\n    at Promise._settlePromise (http://localhost:39835/__cypress/runner/cypress_runner.js:165408:18)\n    at Promise._settlePromise0 (http://localhost:39835/__cypress/runner/cypress_runner.js:165453:10)\n    at Promise._settlePromises (http://localhost:39835/__cypress/runner/cypress_runner.js:165528:18)\n    at Async../node_modules/bluebird/js/release/async.js.Async._drainQueue (http://localhost:39835/__cypress/runner/cypress_runner.js:162140:16)\n    at Async../node_modules/bluebird/js/release/async.js.Async._drainQueues (http://localhost:39835/__cypress/runner/cypress_runner.js:162150:10)\n    at Async.drainQueues (http://localhost:39835/__cypress/runner/cypress_runner.js:162024:14)",
                "diff": null
              },
              "uuid": "703be2e7-7ff3-4136-a2fb-bb819770ba4f",
              "parentUUID": "b7ee8626-5cc1-4f4a-8d71-4919c09d608a",
              "isHook": false,
              "skipped": false
            },
            {
              "title": "Verifica se o input só aceita número maiores que zero. Essa restrição deve ser feita usando os atributos do elemento `input`",
              "fullTitle": "10 - Faça o quadro de pixels ter seu tamanho definido pelo usuário. Verifica se o input só aceita número maiores que zero. Essa restrição deve ser feita usando os atributos do elemento `input`",
              "timedOut": null,
              "duration": 4242,
              "state": "failed",
              "speed": null,
              "pass": false,
              "fail": true,
              "pending": false,
              "context": null,
              "code": "cy.get('#board-size[type=\\'number\\'][min=\\'1\\']');",
              "err": {
                "message": "CypressError: Timed out retrying: Expected to find element: '#board-size[type='number'][min='1']', but never found it.",
                "estack": "CypressError: Timed out retrying: Expected to find element: '#board-size[type='number'][min='1']', but never found it.\n    at cypressErr (http://localhost:39835/__cypress/runner/cypress_runner.js:149934:9)\n    at throwErr (http://localhost:39835/__cypress/runner/cypress_runner.js:149867:11)\n    at Object.throwErrByPath (http://localhost:39835/__cypress/runner/cypress_runner.js:149915:3)\n    at retry (http://localhost:39835/__cypress/runner/cypress_runner.js:144197:19)\n    at onFailFn (http://localhost:39835/__cypress/runner/cypress_runner.js:132448:16)\n    at tryCatcher (http://localhost:39835/__cypress/runner/cypress_runner.js:167415:23)\n    at Promise._settlePromiseFromHandler (http://localhost:39835/__cypress/runner/cypress_runner.js:165351:31)\n    at Promise._settlePromise (http://localhost:39835/__cypress/runner/cypress_runner.js:165408:18)\n    at Promise._settlePromise0 (http://localhost:39835/__cypress/runner/cypress_runner.js:165453:10)\n    at Promise._settlePromises (http://localhost:39835/__cypress/runner/cypress_runner.js:165528:18)\n    at Async../node_modules/bluebird/js/release/async.js.Async._drainQueue (http://localhost:39835/__cypress/runner/cypress_runner.js:162140:16)\n    at Async../node_modules/bluebird/js/release/async.js.Async._drainQueues (http://localhost:39835/__cypress/runner/cypress_runner.js:162150:10)\n    at Async.drainQueues (http://localhost:39835/__cypress/runner/cypress_runner.js:162024:14)",
                "diff": null
              },
              "uuid": "fa193bd2-5cf6-4487-a3a1-ad1aafb70d0b",
              "parentUUID": "b7ee8626-5cc1-4f4a-8d71-4919c09d608a",
              "isHook": false,
              "skipped": false
            },
            {
              "title": "Verifica se o botão contém o texto 'VQV'",
              "fullTitle": "10 - Faça o quadro de pixels ter seu tamanho definido pelo usuário. Verifica se o botão contém o texto 'VQV'",
              "timedOut": null,
              "duration": 4251,
              "state": "failed",
              "speed": null,
              "pass": false,
              "fail": true,
              "pending": false,
              "context": null,
              "code": "cy.get('#generate-board').contains(/vqv/i);",
              "err": {
                "message": "CypressError: Timed out retrying: Expected to find element: '#generate-board', but never found it.",
                "estack": "CypressError: Timed out retrying: Expected to find element: '#generate-board', but never found it.\n    at cypressErr (http://localhost:39835/__cypress/runner/cypress_runner.js:149934:9)\n    at throwErr (http://localhost:39835/__cypress/runner/cypress_runner.js:149867:11)\n    at Object.throwErrByPath (http://localhost:39835/__cypress/runner/cypress_runner.js:149915:3)\n    at retry (http://localhost:39835/__cypress/runner/cypress_runner.js:144197:19)\n    at onFailFn (http://localhost:39835/__cypress/runner/cypress_runner.js:132448:16)\n    at tryCatcher (http://localhost:39835/__cypress/runner/cypress_runner.js:167415:23)\n    at Promise._settlePromiseFromHandler (http://localhost:39835/__cypress/runner/cypress_runner.js:165351:31)\n    at Promise._settlePromise (http://localhost:39835/__cypress/runner/cypress_runner.js:165408:18)\n    at Promise._settlePromise0 (http://localhost:39835/__cypress/runner/cypress_runner.js:165453:10)\n    at Promise._settlePromises (http://localhost:39835/__cypress/runner/cypress_runner.js:165528:18)\n    at Async../node_modules/bluebird/js/release/async.js.Async._drainQueue (http://localhost:39835/__cypress/runner/cypress_runner.js:162140:16)\n    at Async../node_modules/bluebird/js/release/async.js.Async._drainQueues (http://localhost:39835/__cypress/runner/cypress_runner.js:162150:10)\n    at Async.drainQueues (http://localhost:39835/__cypress/runner/cypress_runner.js:162024:14)",
                "diff": null
              },
              "uuid": "12163b90-c091-4a57-9885-39c2bd422408",
              "parentUUID": "b7ee8626-5cc1-4f4a-8d71-4919c09d608a",
              "isHook": false,
              "skipped": false
            },
            {
              "title": "Verifica se o input está posicionado entre a paleta de cores e o quadro de pixels",
              "fullTitle": "10 - Faça o quadro de pixels ter seu tamanho definido pelo usuário. Verifica se o input está posicionado entre a paleta de cores e o quadro de pixels",
              "timedOut": null,
              "duration": 4262,
              "state": "failed",
              "speed": null,
              "pass": false,
              "fail": true,
              "pending": false,
              "context": null,
              "code": "cy.get('#color-palette').then(function (palette) {\n  cy.get('#board-size').should('be.belowOf', palette);\n});\ncy.get('#board-size').then(function (palette) {\n  cy.get('#pixel-board').should('be.belowOf', palette);\n});",
              "err": {
                "message": "CypressError: Timed out retrying: Expected to find element: '#board-size', but never found it.",
                "estack": "CypressError: Timed out retrying: Expected to find element: '#board-size', but never found it.\n    at cypressErr (http://localhost:39835/__cypress/runner/cypress_runner.js:149934:9)\n    at throwErr (http://localhost:39835/__cypress/runner/cypress_runner.js:149867:11)\n    at Object.throwErrByPath (http://localhost:39835/__cypress/runner/cypress_runner.js:149915:3)\n    at retry (http://localhost:39835/__cypress/runner/cypress_runner.js:144197:19)\n    at onFailFn (http://localhost:39835/__cypress/runner/cypress_runner.js:132448:16)\n    at tryCatcher (http://localhost:39835/__cypress/runner/cypress_runner.js:167415:23)\n    at Promise._settlePromiseFromHandler (http://localhost:39835/__cypress/runner/cypress_runner.js:165351:31)\n    at Promise._settlePromise (http://localhost:39835/__cypress/runner/cypress_runner.js:165408:18)\n    at Promise._settlePromise0 (http://localhost:39835/__cypress/runner/cypress_runner.js:165453:10)\n    at Promise._settlePromises (http://localhost:39835/__cypress/runner/cypress_runner.js:165528:18)\n    at Async../node_modules/bluebird/js/release/async.js.Async._drainQueue (http://localhost:39835/__cypress/runner/cypress_runner.js:162140:16)\n    at Async../node_modules/bluebird/js/release/async.js.Async._drainQueues (http://localhost:39835/__cypress/runner/cypress_runner.js:162150:10)\n    at Async.drainQueues (http://localhost:39835/__cypress/runner/cypress_runner.js:162024:14)",
                "diff": null
              },
              "uuid": "a66d62bc-820f-46d5-bf70-bc2c68e77109",
              "parentUUID": "b7ee8626-5cc1-4f4a-8d71-4919c09d608a",
              "isHook": false,
              "skipped": false
            },
            {
              "title": "Verifica se o botão está posicionado ao lado do input",
              "fullTitle": "10 - Faça o quadro de pixels ter seu tamanho definido pelo usuário. Verifica se o botão está posicionado ao lado do input",
              "timedOut": null,
              "duration": 4259,
              "state": "failed",
              "speed": null,
              "pass": false,
              "fail": true,
              "pending": false,
              "context": null,
              "code": "cy.get('#board-size').then(function (board) {\n  cy.get('#generate-board').should('be.onTheRightOf', board);\n});",
              "err": {
                "message": "CypressError: Timed out retrying: Expected to find element: '#board-size', but never found it.",
                "estack": "CypressError: Timed out retrying: Expected to find element: '#board-size', but never found it.\n    at cypressErr (http://localhost:39835/__cypress/runner/cypress_runner.js:149934:9)\n    at throwErr (http://localhost:39835/__cypress/runner/cypress_runner.js:149867:11)\n    at Object.throwErrByPath (http://localhost:39835/__cypress/runner/cypress_runner.js:149915:3)\n    at retry (http://localhost:39835/__cypress/runner/cypress_runner.js:144197:19)\n    at onFailFn (http://localhost:39835/__cypress/runner/cypress_runner.js:132448:16)\n    at tryCatcher (http://localhost:39835/__cypress/runner/cypress_runner.js:167415:23)\n    at Promise._settlePromiseFromHandler (http://localhost:39835/__cypress/runner/cypress_runner.js:165351:31)\n    at Promise._settlePromise (http://localhost:39835/__cypress/runner/cypress_runner.js:165408:18)\n    at Promise._settlePromise0 (http://localhost:39835/__cypress/runner/cypress_runner.js:165453:10)\n    at Promise._settlePromises (http://localhost:39835/__cypress/runner/cypress_runner.js:165528:18)\n    at Async../node_modules/bluebird/js/release/async.js.Async._drainQueue (http://localhost:39835/__cypress/runner/cypress_runner.js:162140:16)\n    at Async../node_modules/bluebird/js/release/async.js.Async._drainQueues (http://localhost:39835/__cypress/runner/cypress_runner.js:162150:10)\n    at Async.drainQueues (http://localhost:39835/__cypress/runner/cypress_runner.js:162024:14)",
                "diff": null
              },
              "uuid": "286bcc90-7d1a-4e97-807f-915688d6e99f",
              "parentUUID": "b7ee8626-5cc1-4f4a-8d71-4919c09d608a",
              "isHook": false,
              "skipped": false
            },
            {
              "title": "Verifica se nenhum valor for colocado no input ao clicar no botão, um `alert` é exibido com o texto: 'Board inválido!'",
              "fullTitle": "10 - Faça o quadro de pixels ter seu tamanho definido pelo usuário. Verifica se nenhum valor for colocado no input ao clicar no botão, um `alert` é exibido com o texto: 'Board inválido!'",
              "timedOut": null,
              "duration": 4275,
              "state": "failed",
              "speed": null,
              "pass": false,
              "fail": true,
              "pending": false,
              "context": null,
              "code": "var alerted = false;\ncy.on('window:alert', function (msg) {\n  return alerted = msg;\n});\ncy.get('#generate-board').click().then(function () {\n  return expect(alerted).to.match(/Board inválido!/i);\n});",
              "err": {
                "message": "CypressError: Timed out retrying: Expected to find element: '#generate-board', but never found it.",
                "estack": "CypressError: Timed out retrying: Expected to find element: '#generate-board', but never found it.\n    at cypressErr (http://localhost:39835/__cypress/runner/cypress_runner.js:149934:9)\n    at throwErr (http://localhost:39835/__cypress/runner/cypress_runner.js:149867:11)\n    at Object.throwErrByPath (http://localhost:39835/__cypress/runner/cypress_runner.js:149915:3)\n    at retry (http://localhost:39835/__cypress/runner/cypress_runner.js:144197:19)\n    at onFailFn (http://localhost:39835/__cypress/runner/cypress_runner.js:132448:16)\n    at tryCatcher (http://localhost:39835/__cypress/runner/cypress_runner.js:167415:23)\n    at Promise._settlePromiseFromHandler (http://localhost:39835/__cypress/runner/cypress_runner.js:165351:31)\n    at Promise._settlePromise (http://localhost:39835/__cypress/runner/cypress_runner.js:165408:18)\n    at Promise._settlePromise0 (http://localhost:39835/__cypress/runner/cypress_runner.js:165453:10)\n    at Promise._settlePromises (http://localhost:39835/__cypress/runner/cypress_runner.js:165528:18)\n    at Async../node_modules/bluebird/js/release/async.js.Async._drainQueue (http://localhost:39835/__cypress/runner/cypress_runner.js:162140:16)\n    at Async../node_modules/bluebird/js/release/async.js.Async._drainQueues (http://localhost:39835/__cypress/runner/cypress_runner.js:162150:10)\n    at Async.drainQueues (http://localhost:39835/__cypress/runner/cypress_runner.js:162024:14)",
                "diff": null
              },
              "uuid": "bd1d8ef6-e518-4c1d-8f0b-b9c2089b2e41",
              "parentUUID": "b7ee8626-5cc1-4f4a-8d71-4919c09d608a",
              "isHook": false,
              "skipped": false
            },
            {
              "title": "Verifica se ao clicar no botão com um valor preenchido, o tamanho do board muda.",
              "fullTitle": "10 - Faça o quadro de pixels ter seu tamanho definido pelo usuário. Verifica se ao clicar no botão com um valor preenchido, o tamanho do board muda.",
              "timedOut": null,
              "duration": 4252,
              "state": "failed",
              "speed": null,
              "pass": false,
              "fail": true,
              "pending": false,
              "context": null,
              "code": "cy.get('#board-size').clear().type(10);\ncy.get('#generate-board').click();\ncy.get('.pixel').should('have.length', 100);",
              "err": {
                "message": "CypressError: Timed out retrying: Expected to find element: '#board-size', but never found it.",
                "estack": "CypressError: Timed out retrying: Expected to find element: '#board-size', but never found it.\n    at cypressErr (http://localhost:39835/__cypress/runner/cypress_runner.js:149934:9)\n    at throwErr (http://localhost:39835/__cypress/runner/cypress_runner.js:149867:11)\n    at Object.throwErrByPath (http://localhost:39835/__cypress/runner/cypress_runner.js:149915:3)\n    at retry (http://localhost:39835/__cypress/runner/cypress_runner.js:144197:19)\n    at onFailFn (http://localhost:39835/__cypress/runner/cypress_runner.js:132448:16)\n    at tryCatcher (http://localhost:39835/__cypress/runner/cypress_runner.js:167415:23)\n    at Promise._settlePromiseFromHandler (http://localhost:39835/__cypress/runner/cypress_runner.js:165351:31)\n    at Promise._settlePromise (http://localhost:39835/__cypress/runner/cypress_runner.js:165408:18)\n    at Promise._settlePromise0 (http://localhost:39835/__cypress/runner/cypress_runner.js:165453:10)\n    at Promise._settlePromises (http://localhost:39835/__cypress/runner/cypress_runner.js:165528:18)\n    at Async../node_modules/bluebird/js/release/async.js.Async._drainQueue (http://localhost:39835/__cypress/runner/cypress_runner.js:162140:16)\n    at Async../node_modules/bluebird/js/release/async.js.Async._drainQueues (http://localhost:39835/__cypress/runner/cypress_runner.js:162150:10)\n    at Async.drainQueues (http://localhost:39835/__cypress/runner/cypress_runner.js:162024:14)",
                "diff": null
              },
              "uuid": "103e47bf-9ed5-4536-b7cf-9b54ec890196",
              "parentUUID": "b7ee8626-5cc1-4f4a-8d71-4919c09d608a",
              "isHook": false,
              "skipped": false
            },
            {
              "title": "Verifica se o novo quadro tem todos os pixels preenchidos com a cor branca",
              "fullTitle": "10 - Faça o quadro de pixels ter seu tamanho definido pelo usuário. Verifica se o novo quadro tem todos os pixels preenchidos com a cor branca",
              "timedOut": null,
              "duration": 4288,
              "state": "failed",
              "speed": null,
              "pass": false,
              "fail": true,
              "pending": false,
              "context": null,
              "code": "cy.get('#board-size').clear().type(6);\ncy.get('#generate-board').click();\ncy.get('.pixel').should('have.length', 36).each(function (pixel) {\n  expect(pixel).to.have.css('background-color', WHITE);\n});",
              "err": {
                "message": "CypressError: Timed out retrying: Expected to find element: '#board-size', but never found it.",
                "estack": "CypressError: Timed out retrying: Expected to find element: '#board-size', but never found it.\n    at cypressErr (http://localhost:39835/__cypress/runner/cypress_runner.js:149934:9)\n    at throwErr (http://localhost:39835/__cypress/runner/cypress_runner.js:149867:11)\n    at Object.throwErrByPath (http://localhost:39835/__cypress/runner/cypress_runner.js:149915:3)\n    at retry (http://localhost:39835/__cypress/runner/cypress_runner.js:144197:19)\n    at onFailFn (http://localhost:39835/__cypress/runner/cypress_runner.js:132448:16)\n    at tryCatcher (http://localhost:39835/__cypress/runner/cypress_runner.js:167415:23)\n    at Promise._settlePromiseFromHandler (http://localhost:39835/__cypress/runner/cypress_runner.js:165351:31)\n    at Promise._settlePromise (http://localhost:39835/__cypress/runner/cypress_runner.js:165408:18)\n    at Promise._settlePromise0 (http://localhost:39835/__cypress/runner/cypress_runner.js:165453:10)\n    at Promise._settlePromises (http://localhost:39835/__cypress/runner/cypress_runner.js:165528:18)\n    at Async../node_modules/bluebird/js/release/async.js.Async._drainQueue (http://localhost:39835/__cypress/runner/cypress_runner.js:162140:16)\n    at Async../node_modules/bluebird/js/release/async.js.Async._drainQueues (http://localhost:39835/__cypress/runner/cypress_runner.js:162150:10)\n    at Async.drainQueues (http://localhost:39835/__cypress/runner/cypress_runner.js:162024:14)",
                "diff": null
              },
              "uuid": "defae8f3-7fc0-4758-ade8-ac8f70e90743",
              "parentUUID": "b7ee8626-5cc1-4f4a-8d71-4919c09d608a",
              "isHook": false,
              "skipped": false
            }
          ],
          "suites": [],
          "passes": [],
          "failures": [
            "16519d80-a593-4bf5-a862-4a778a09b7be",
            "703be2e7-7ff3-4136-a2fb-bb819770ba4f",
            "fa193bd2-5cf6-4487-a3a1-ad1aafb70d0b",
            "12163b90-c091-4a57-9885-39c2bd422408",
            "a66d62bc-820f-46d5-bf70-bc2c68e77109",
            "286bcc90-7d1a-4e97-807f-915688d6e99f",
            "bd1d8ef6-e518-4c1d-8f0b-b9c2089b2e41",
            "103e47bf-9ed5-4536-b7cf-9b54ec890196",
            "defae8f3-7fc0-4758-ade8-ac8f70e90743"
          ],
          "pending": [],
          "skipped": [],
          "duration": 38328,
          "root": false,
          "rootEmpty": false,
          "_timeout": 2000
        },
        {
          "uuid": "51be313a-bc0f-46d4-acfa-934c05892122",
          "title": "11 - Limite o tamanho mínimo e máximo do board.",
          "fullFile": "",
          "file": "",
          "beforeHooks": [],
          "afterHooks": [],
          "tests": [
            {
              "title": "Verifica se a altura máxima do board é 50",
              "fullTitle": "11 - Limite o tamanho mínimo e máximo do board. Verifica se a altura máxima do board é 50",
              "timedOut": null,
              "duration": 4259,
              "state": "failed",
              "speed": null,
              "pass": false,
              "fail": true,
              "pending": false,
              "context": null,
              "code": "cy.get('#board-size').clear().type(50);\ncy.get('#generate-board').click();\ncy.get('.pixel').should('have.length', 2500);",
              "err": {
                "message": "CypressError: Timed out retrying: Expected to find element: '#board-size', but never found it.",
                "estack": "CypressError: Timed out retrying: Expected to find element: '#board-size', but never found it.\n    at cypressErr (http://localhost:39835/__cypress/runner/cypress_runner.js:149934:9)\n    at throwErr (http://localhost:39835/__cypress/runner/cypress_runner.js:149867:11)\n    at Object.throwErrByPath (http://localhost:39835/__cypress/runner/cypress_runner.js:149915:3)\n    at retry (http://localhost:39835/__cypress/runner/cypress_runner.js:144197:19)\n    at onFailFn (http://localhost:39835/__cypress/runner/cypress_runner.js:132448:16)\n    at tryCatcher (http://localhost:39835/__cypress/runner/cypress_runner.js:167415:23)\n    at Promise._settlePromiseFromHandler (http://localhost:39835/__cypress/runner/cypress_runner.js:165351:31)\n    at Promise._settlePromise (http://localhost:39835/__cypress/runner/cypress_runner.js:165408:18)\n    at Promise._settlePromise0 (http://localhost:39835/__cypress/runner/cypress_runner.js:165453:10)\n    at Promise._settlePromises (http://localhost:39835/__cypress/runner/cypress_runner.js:165528:18)\n    at Async../node_modules/bluebird/js/release/async.js.Async._drainQueue (http://localhost:39835/__cypress/runner/cypress_runner.js:162140:16)\n    at Async../node_modules/bluebird/js/release/async.js.Async._drainQueues (http://localhost:39835/__cypress/runner/cypress_runner.js:162150:10)\n    at Async.drainQueues (http://localhost:39835/__cypress/runner/cypress_runner.js:162024:14)",
                "diff": null
              },
              "uuid": "984e5e91-f00c-4a8d-be49-4f7a436de1a9",
              "parentUUID": "51be313a-bc0f-46d4-acfa-934c05892122",
              "isHook": false,
              "skipped": false
            },
            {
              "title": "Verifica se a altura do board é 5 quando um valor menor é colocado no input",
              "fullTitle": "11 - Limite o tamanho mínimo e máximo do board. Verifica se a altura do board é 5 quando um valor menor é colocado no input",
              "timedOut": null,
              "duration": 4279,
              "state": "failed",
              "speed": null,
              "pass": false,
              "fail": true,
              "pending": false,
              "context": null,
              "code": "cy.get('#board-size').clear().type(4);\ncy.get('#generate-board').click();\ncy.get('.pixel').should('have.length', 25);",
              "err": {
                "message": "CypressError: Timed out retrying: Expected to find element: '#board-size', but never found it.",
                "estack": "CypressError: Timed out retrying: Expected to find element: '#board-size', but never found it.\n    at cypressErr (http://localhost:39835/__cypress/runner/cypress_runner.js:149934:9)\n    at throwErr (http://localhost:39835/__cypress/runner/cypress_runner.js:149867:11)\n    at Object.throwErrByPath (http://localhost:39835/__cypress/runner/cypress_runner.js:149915:3)\n    at retry (http://localhost:39835/__cypress/runner/cypress_runner.js:144197:19)\n    at onFailFn (http://localhost:39835/__cypress/runner/cypress_runner.js:132448:16)\n    at tryCatcher (http://localhost:39835/__cypress/runner/cypress_runner.js:167415:23)\n    at Promise._settlePromiseFromHandler (http://localhost:39835/__cypress/runner/cypress_runner.js:165351:31)\n    at Promise._settlePromise (http://localhost:39835/__cypress/runner/cypress_runner.js:165408:18)\n    at Promise._settlePromise0 (http://localhost:39835/__cypress/runner/cypress_runner.js:165453:10)\n    at Promise._settlePromises (http://localhost:39835/__cypress/runner/cypress_runner.js:165528:18)\n    at Async../node_modules/bluebird/js/release/async.js.Async._drainQueue (http://localhost:39835/__cypress/runner/cypress_runner.js:162140:16)\n    at Async../node_modules/bluebird/js/release/async.js.Async._drainQueues (http://localhost:39835/__cypress/runner/cypress_runner.js:162150:10)\n    at Async.drainQueues (http://localhost:39835/__cypress/runner/cypress_runner.js:162024:14)",
                "diff": null
              },
              "uuid": "15f00ca3-0c9e-4af1-9a5d-f82340c00692",
              "parentUUID": "51be313a-bc0f-46d4-acfa-934c05892122",
              "isHook": false,
              "skipped": false
            },
            {
              "title": "Verifica se a altura do board é 50 quando um valor maior é colocado no input",
              "fullTitle": "11 - Limite o tamanho mínimo e máximo do board. Verifica se a altura do board é 50 quando um valor maior é colocado no input",
              "timedOut": null,
              "duration": 4283,
              "state": "failed",
              "speed": null,
              "pass": false,
              "fail": true,
              "pending": false,
              "context": null,
              "code": "cy.get('#board-size').clear().type(51);\ncy.get('#generate-board').click();\ncy.get('.pixel').should('have.length', 2500);",
              "err": {
                "message": "CypressError: Timed out retrying: Expected to find element: '#board-size', but never found it.",
                "estack": "CypressError: Timed out retrying: Expected to find element: '#board-size', but never found it.\n    at cypressErr (http://localhost:39835/__cypress/runner/cypress_runner.js:149934:9)\n    at throwErr (http://localhost:39835/__cypress/runner/cypress_runner.js:149867:11)\n    at Object.throwErrByPath (http://localhost:39835/__cypress/runner/cypress_runner.js:149915:3)\n    at retry (http://localhost:39835/__cypress/runner/cypress_runner.js:144197:19)\n    at onFailFn (http://localhost:39835/__cypress/runner/cypress_runner.js:132448:16)\n    at tryCatcher (http://localhost:39835/__cypress/runner/cypress_runner.js:167415:23)\n    at Promise._settlePromiseFromHandler (http://localhost:39835/__cypress/runner/cypress_runner.js:165351:31)\n    at Promise._settlePromise (http://localhost:39835/__cypress/runner/cypress_runner.js:165408:18)\n    at Promise._settlePromise0 (http://localhost:39835/__cypress/runner/cypress_runner.js:165453:10)\n    at Promise._settlePromises (http://localhost:39835/__cypress/runner/cypress_runner.js:165528:18)\n    at Async../node_modules/bluebird/js/release/async.js.Async._drainQueue (http://localhost:39835/__cypress/runner/cypress_runner.js:162140:16)\n    at Async../node_modules/bluebird/js/release/async.js.Async._drainQueues (http://localhost:39835/__cypress/runner/cypress_runner.js:162150:10)\n    at Async.drainQueues (http://localhost:39835/__cypress/runner/cypress_runner.js:162024:14)",
                "diff": null
              },
              "uuid": "072b3799-7ae1-4890-9387-f1085a3ea4a6",
              "parentUUID": "51be313a-bc0f-46d4-acfa-934c05892122",
              "isHook": false,
              "skipped": false
            }
          ],
          "suites": [],
          "passes": [],
          "failures": [
            "984e5e91-f00c-4a8d-be49-4f7a436de1a9",
            "15f00ca3-0c9e-4af1-9a5d-f82340c00692",
            "072b3799-7ae1-4890-9387-f1085a3ea4a6"
          ],
          "pending": [],
          "skipped": [],
          "duration": 12821,
          "root": false,
          "rootEmpty": false,
          "_timeout": 2000
        },
        {
          "uuid": "e962b3ea-5259-45b8-a679-5e06029584d1",
          "title": "12 - Faça com que as cores da paleta sejam geradas aleatoriamente ao carregar a página.",
          "fullFile": "",
          "file": "",
          "beforeHooks": [],
          "afterHooks": [],
          "tests": [
            {
              "title": "Verifica se as cores geradas na paleta são diferentes a cada carregamento da página",
              "fullTitle": "12 - Faça com que as cores da paleta sejam geradas aleatoriamente ao carregar a página. Verifica se as cores geradas na paleta são diferentes a cada carregamento da página",
              "timedOut": null,
              "duration": 335,
              "state": "failed",
              "speed": null,
              "pass": false,
              "fail": true,
              "pending": false,
              "context": null,
              "code": "cy.get('.color').then(function (colors) {\n  var currentColors;\n  var previousColors;\n  previousColors = Array.from(colors).map(function (color) {\n    return Cypress.$(color).css('background-color');\n  });\n  for (var i = 0; i < 5; i += 1) {\n    cy.reload();\n    cy.get('.color').then(function (colors) {\n      currentColors = Array.from(colors).map(function (color) {\n        return Cypress.$(color).css('background-color');\n      });\n      expect(currentColors).not.to.deep.equal(previousColors);\n      previousColors = currentColors;\n    });\n  }\n});",
              "err": {
                "message": "AssertionError: expected [ Array(4) ] to not deeply equal [ Array(4) ]",
                "estack": "AssertionError: expected [ Array(4) ] to not deeply equal [ Array(4) ]\n    at getRet (http://localhost:39835/__cypress/runner/cypress_runner.js:136585:16)\n    at tryCatcher (http://localhost:39835/__cypress/runner/cypress_runner.js:167415:23)\n    at Function.Promise.attempt.Promise.try (http://localhost:39835/__cypress/runner/cypress_runner.js:164690:29)\n    at Context.thenFn (http://localhost:39835/__cypress/runner/cypress_runner.js:136599:23)\n    at Context.then (http://localhost:39835/__cypress/runner/cypress_runner.js:136971:21)\n    at Context.<anonymous> (http://localhost:39835/__cypress/runner/cypress_runner.js:148875:21)\n    at http://localhost:39835/__cypress/runner/cypress_runner.js:148351:33\n    at tryCatcher (http://localhost:39835/__cypress/runner/cypress_runner.js:167415:23)\n    at Promise._settlePromiseFromHandler (http://localhost:39835/__cypress/runner/cypress_runner.js:165351:31)\n    at Promise._settlePromise (http://localhost:39835/__cypress/runner/cypress_runner.js:165408:18)\n    at Promise._settlePromiseCtx (http://localhost:39835/__cypress/runner/cypress_runner.js:165445:10)\n    at Async../node_modules/bluebird/js/release/async.js.Async._drainQueue (http://localhost:39835/__cypress/runner/cypress_runner.js:162145:12)\n    at Async../node_modules/bluebird/js/release/async.js.Async._drainQueues (http://localhost:39835/__cypress/runner/cypress_runner.js:162150:10)\n    at Async.drainQueues (http://localhost:39835/__cypress/runner/cypress_runner.js:162024:14)",
                "diff": ""
              },
              "uuid": "9eb739bb-b6fd-48e2-b82c-810470fffefb",
              "parentUUID": "e962b3ea-5259-45b8-a679-5e06029584d1",
              "isHook": false,
              "skipped": false
            },
            {
              "title": "Verifica se a cor preta ainda está presente e é a primeira na sua paleta de cores",
              "fullTitle": "12 - Faça com que as cores da paleta sejam geradas aleatoriamente ao carregar a página. Verifica se a cor preta ainda está presente e é a primeira na sua paleta de cores",
              "timedOut": null,
              "duration": 329,
              "state": "failed",
              "speed": null,
              "pass": false,
              "fail": true,
              "pending": false,
              "context": null,
              "code": "cy.get('.color').then(function (colors) {\n  var currentColors;\n  var previousColors;\n  previousColors = Array.from(colors).map(function (color) {\n    return Cypress.$(color).css('background-color');\n  });\n  expect(previousColors[0]).to.eq(BLACK);\n  for (var i = 0; i < 5; i += 1) {\n    cy.reload();\n    cy.get('.color').then(function (colors) {\n      currentColors = Array.from(colors).map(function (color) {\n        return Cypress.$(color).css('background-color');\n      });\n      expect(currentColors[0]).to.eq(BLACK);\n      expect(currentColors).not.to.deep.equal(previousColors);\n      previousColors = currentColors;\n    });\n  }\n});",
              "err": {
                "message": "AssertionError: expected [ Array(4) ] to not deeply equal [ Array(4) ]",
                "estack": "AssertionError: expected [ Array(4) ] to not deeply equal [ Array(4) ]\n    at getRet (http://localhost:39835/__cypress/runner/cypress_runner.js:136585:16)\n    at tryCatcher (http://localhost:39835/__cypress/runner/cypress_runner.js:167415:23)\n    at Function.Promise.attempt.Promise.try (http://localhost:39835/__cypress/runner/cypress_runner.js:164690:29)\n    at Context.thenFn (http://localhost:39835/__cypress/runner/cypress_runner.js:136599:23)\n    at Context.then (http://localhost:39835/__cypress/runner/cypress_runner.js:136971:21)\n    at Context.<anonymous> (http://localhost:39835/__cypress/runner/cypress_runner.js:148875:21)\n    at http://localhost:39835/__cypress/runner/cypress_runner.js:148351:33\n    at tryCatcher (http://localhost:39835/__cypress/runner/cypress_runner.js:167415:23)\n    at Promise._settlePromiseFromHandler (http://localhost:39835/__cypress/runner/cypress_runner.js:165351:31)\n    at Promise._settlePromise (http://localhost:39835/__cypress/runner/cypress_runner.js:165408:18)\n    at Promise._settlePromiseCtx (http://localhost:39835/__cypress/runner/cypress_runner.js:165445:10)\n    at Async../node_modules/bluebird/js/release/async.js.Async._drainQueue (http://localhost:39835/__cypress/runner/cypress_runner.js:162145:12)\n    at Async../node_modules/bluebird/js/release/async.js.Async._drainQueues (http://localhost:39835/__cypress/runner/cypress_runner.js:162150:10)\n    at Async.drainQueues (http://localhost:39835/__cypress/runner/cypress_runner.js:162024:14)",
                "diff": ""
              },
              "uuid": "50661aa0-3a15-4c38-ae26-21e883f66586",
              "parentUUID": "e962b3ea-5259-45b8-a679-5e06029584d1",
              "isHook": false,
              "skipped": false
            }
          ],
          "suites": [],
          "passes": [],
          "failures": [
            "9eb739bb-b6fd-48e2-b82c-810470fffefb",
            "50661aa0-3a15-4c38-ae26-21e883f66586"
          ],
          "pending": [],
          "skipped": [],
          "duration": 664,
          "root": false,
          "rootEmpty": false,
          "_timeout": 2000
        }
      ],
      "passes": [],
      "failures": [],
      "pending": [],
      "skipped": [],
      "duration": 0,
      "root": true,
      "rootEmpty": true,
      "_timeout": 2000
    }
  ],
  "meta": {
    "mocha": {
      "version": "7.0.1"
    },
    "mochawesome": {
      "options": {
        "quiet": false,
        "reportFilename": "mochawesome",
        "saveHtml": false,
        "saveJson": true,
        "consoleReporter": "spec",
        "useInlineDiffs": false
      },
      "version": "4.1.0"
    },
    "marge": {
      "options": {
        "id": "default",
        "reportDir": "cypress/reports",
        "overwrite": true,
        "html": false,
        "json": true
      },
      "version": "4.1.0"
    }
  }
}