{
  "stats": {
    "suites": 12,
    "tests": 0,
    "passes": 0,
    "pending": 0,
    "failures": 0,
    "start": "2021-08-13T19:25:45.014Z",
    "end": "2021-08-13T19:25:47.482Z",
    "duration": 2468,
    "testsRegistered": 41,
    "passPercent": 0,
    "pendingPercent": 0,
    "other": 12,
    "hasOther": true,
    "skipped": 41,
    "hasSkipped": true
  },
  "results": [
    {
      "uuid": "87462eec-c960-4543-9710-4763146e8dc4",
      "title": "",
      "fullFile": "cypress/integration/project.spec.js",
      "file": "cypress/integration/project.spec.js",
      "beforeHooks": [],
      "afterHooks": [],
      "tests": [],
      "suites": [
        {
          "uuid": "d95ca575-95e5-44fa-933b-e0440497f625",
          "title": "1 - Adicione à página o título \"Paleta de Cores\".",
          "fullFile": "",
          "file": "",
          "beforeHooks": [],
          "afterHooks": [],
          "tests": [
            {
              "title": "Verifica se contém um elemento `h1` com o id `title` com o título correto",
              "fullTitle": "1 - Adicione à página o título \"Paleta de Cores\". Verifica se contém um elemento `h1` com o id `title` com o título correto",
              "timedOut": null,
              "duration": 259,
              "state": "failed",
              "speed": null,
              "pass": false,
              "fail": true,
              "pending": false,
              "context": null,
              "code": "cy.get('h1#title').should('contain.text', 'Paleta de Cores');",
              "err": {
                "message": "CypressError: cy.visit() failed trying to load:\n\n./index.html\n\nWe failed looking for this file at the path:\n\n/home/alessandrofm/projetos-trybe/sd-015-b-project-pixels-art/index.html\n\nThe internal Cypress web server responded with:\n\n  > 404: Not Found\n\nBecause this error occurred during a 'before each' hook we are skipping the remaining tests in the current suite: '1 - Adicione à página o tít...'",
                "estack": "CypressError: cy.visit() failed trying to load:\n\n./index.html\n\nWe failed looking for this file at the path:\n\n/home/alessandrofm/projetos-trybe/sd-015-b-project-pixels-art/index.html\n\nThe internal Cypress web server responded with:\n\n  > 404: Not Found\n\nBecause this error occurred during a 'before each' hook we are skipping the remaining tests in the current suite: '1 - Adicione à página o tít...'\n    at cypressErr (http://localhost:36809/__cypress/runner/cypress_runner.js:149934:9)\n    at throwErr (http://localhost:36809/__cypress/runner/cypress_runner.js:149867:11)\n    at Object.throwErrByPath (http://localhost:36809/__cypress/runner/cypress_runner.js:149915:3)\n    at http://localhost:36809/__cypress/runner/cypress_runner.js:138814:34\n    at visitFailedByErr (http://localhost:36809/__cypress/runner/cypress_runner.js:138327:12)\n    at http://localhost:36809/__cypress/runner/cypress_runner.js:138795:22\n    at tryCatcher (http://localhost:36809/__cypress/runner/cypress_runner.js:167415:23)\n    at Promise._settlePromiseFromHandler (http://localhost:36809/__cypress/runner/cypress_runner.js:165351:31)\n    at Promise._settlePromise (http://localhost:36809/__cypress/runner/cypress_runner.js:165408:18)\n    at Promise._settlePromise0 (http://localhost:36809/__cypress/runner/cypress_runner.js:165453:10)\n    at Promise._settlePromises (http://localhost:36809/__cypress/runner/cypress_runner.js:165528:18)\n    at Async../node_modules/bluebird/js/release/async.js.Async._drainQueue (http://localhost:36809/__cypress/runner/cypress_runner.js:162140:16)\n    at Async../node_modules/bluebird/js/release/async.js.Async._drainQueues (http://localhost:36809/__cypress/runner/cypress_runner.js:162150:10)\n    at Async.drainQueues (http://localhost:36809/__cypress/runner/cypress_runner.js:162024:14)",
                "diff": null
              },
              "uuid": "aa74db92-dee7-4e28-8075-0bd87b926107",
              "parentUUID": "d95ca575-95e5-44fa-933b-e0440497f625",
              "isHook": false,
              "skipped": false
            }
          ],
          "suites": [],
          "passes": [],
          "failures": [
            "aa74db92-dee7-4e28-8075-0bd87b926107"
          ],
          "pending": [],
          "skipped": [],
          "duration": 259,
          "root": false,
          "rootEmpty": false,
          "_timeout": 2000
        },
        {
          "uuid": "98ff5414-2f14-4387-a140-fe66b7206318",
          "title": "2 - Adicione à página uma paleta de quatro cores distintas.",
          "fullFile": "",
          "file": "",
          "beforeHooks": [],
          "afterHooks": [],
          "tests": [
            {
              "title": "A paleta de cores deve ser um elemento com `id` denominado `color-palette`",
              "fullTitle": "2 - Adicione à página uma paleta de quatro cores distintas. A paleta de cores deve ser um elemento com `id` denominado `color-palette`",
              "timedOut": null,
              "duration": 165,
              "state": "failed",
              "speed": null,
              "pass": false,
              "fail": true,
              "pending": false,
              "context": null,
              "code": "cy.get('#color-palette').should('be.visible');",
              "err": {
                "message": "CypressError: cy.visit() failed trying to load:\n\n./index.html\n\nWe failed looking for this file at the path:\n\n/home/alessandrofm/projetos-trybe/sd-015-b-project-pixels-art/index.html\n\nThe internal Cypress web server responded with:\n\n  > 404: Not Found\n\nBecause this error occurred during a 'before each' hook we are skipping the remaining tests in the current suite: '2 - Adicione à página uma p...'",
                "estack": "CypressError: cy.visit() failed trying to load:\n\n./index.html\n\nWe failed looking for this file at the path:\n\n/home/alessandrofm/projetos-trybe/sd-015-b-project-pixels-art/index.html\n\nThe internal Cypress web server responded with:\n\n  > 404: Not Found\n\nBecause this error occurred during a 'before each' hook we are skipping the remaining tests in the current suite: '2 - Adicione à página uma p...'\n    at cypressErr (http://localhost:36809/__cypress/runner/cypress_runner.js:149934:9)\n    at throwErr (http://localhost:36809/__cypress/runner/cypress_runner.js:149867:11)\n    at Object.throwErrByPath (http://localhost:36809/__cypress/runner/cypress_runner.js:149915:3)\n    at http://localhost:36809/__cypress/runner/cypress_runner.js:138814:34\n    at visitFailedByErr (http://localhost:36809/__cypress/runner/cypress_runner.js:138327:12)\n    at http://localhost:36809/__cypress/runner/cypress_runner.js:138795:22\n    at tryCatcher (http://localhost:36809/__cypress/runner/cypress_runner.js:167415:23)\n    at Promise._settlePromiseFromHandler (http://localhost:36809/__cypress/runner/cypress_runner.js:165351:31)\n    at Promise._settlePromise (http://localhost:36809/__cypress/runner/cypress_runner.js:165408:18)\n    at Promise._settlePromise0 (http://localhost:36809/__cypress/runner/cypress_runner.js:165453:10)\n    at Promise._settlePromises (http://localhost:36809/__cypress/runner/cypress_runner.js:165528:18)\n    at Async../node_modules/bluebird/js/release/async.js.Async._drainQueue (http://localhost:36809/__cypress/runner/cypress_runner.js:162140:16)\n    at Async../node_modules/bluebird/js/release/async.js.Async._drainQueues (http://localhost:36809/__cypress/runner/cypress_runner.js:162150:10)\n    at Async.drainQueues (http://localhost:36809/__cypress/runner/cypress_runner.js:162024:14)",
                "diff": null
              },
              "uuid": "cb44e2b3-9c96-4b2e-bf4e-412309d0e7d7",
              "parentUUID": "98ff5414-2f14-4387-a140-fe66b7206318",
              "isHook": false,
              "skipped": false
            },
            {
              "title": "Verifica se cada cor individual da paleta de cores possui a `classe` chamada `color`.",
              "fullTitle": "2 - Adicione à página uma paleta de quatro cores distintas. Verifica se cada cor individual da paleta de cores possui a `classe` chamada `color`.",
              "timedOut": null,
              "duration": 0,
              "state": "skipped",
              "speed": null,
              "pass": false,
              "fail": false,
              "pending": false,
              "context": null,
              "code": "cy.get('.color').should('have.length', 4).then(function (colors) {\n  for (var i = 0; i < colors.length; i++) {\n    cy.wrap(colors[i]).should('be.visible');\n  }\n});",
              "err": {},
              "uuid": "da961882-e1b4-4217-8d21-8948fb572b5f",
              "parentUUID": "98ff5414-2f14-4387-a140-fe66b7206318",
              "isHook": false,
              "skipped": true
            },
            {
              "title": "Verifica se a cor de fundo de cada elemento da paleta é a cor que o elemento representa. **A única cor não permitida na paleta é a cor branca.**",
              "fullTitle": "2 - Adicione à página uma paleta de quatro cores distintas. Verifica se a cor de fundo de cada elemento da paleta é a cor que o elemento representa. **A única cor não permitida na paleta é a cor branca.**",
              "timedOut": null,
              "duration": 0,
              "state": "skipped",
              "speed": null,
              "pass": false,
              "fail": false,
              "pending": false,
              "context": null,
              "code": "cy.get('.color').each(function (color) {\n  cy.wrap(color).should('have.class', 'color').and('not.have.css', 'background-color', WHITE);\n  cy.wrap(color).should('have.css', 'background-color');\n});",
              "err": {},
              "uuid": "6b44f61e-d5d1-40e4-b53f-4baac4d116bb",
              "parentUUID": "98ff5414-2f14-4387-a140-fe66b7206318",
              "isHook": false,
              "skipped": true
            },
            {
              "title": "Verifica se cada elemento da paleta de cores tem uma borda preta, sólida e com 1 pixel de largura;",
              "fullTitle": "2 - Adicione à página uma paleta de quatro cores distintas. Verifica se cada elemento da paleta de cores tem uma borda preta, sólida e com 1 pixel de largura;",
              "timedOut": null,
              "duration": 0,
              "state": "skipped",
              "speed": null,
              "pass": false,
              "fail": false,
              "pending": false,
              "context": null,
              "code": "cy.get('.color').each(function (color) {\n  cy.wrap(color).and('have.css', 'border', \"1px solid \".concat(BLACK)).and('have.class', 'color');\n});",
              "err": {},
              "uuid": "45bd550b-64d9-470b-b0cd-0b130d33391f",
              "parentUUID": "98ff5414-2f14-4387-a140-fe66b7206318",
              "isHook": false,
              "skipped": true
            },
            {
              "title": "Verifica se a paleta lista todas as cores disponíveis para utilização, lado a lado.",
              "fullTitle": "2 - Adicione à página uma paleta de quatro cores distintas. Verifica se a paleta lista todas as cores disponíveis para utilização, lado a lado.",
              "timedOut": null,
              "duration": 0,
              "state": "skipped",
              "speed": null,
              "pass": false,
              "fail": false,
              "pending": false,
              "context": null,
              "code": "cy.get('.color').then(function (colors) {\n  for (var index = 1; index < colors.length; index += 1) {\n    var currentColor = colors[index];\n    var previousColor = colors[index - 1];\n    cy.wrap(currentColor).should('be.onTheRightOf', previousColor).and('be.horizontallyAlignedWith', previousColor);\n  }\n});",
              "err": {},
              "uuid": "413b898a-934e-4c29-adbb-833f382643ef",
              "parentUUID": "98ff5414-2f14-4387-a140-fe66b7206318",
              "isHook": false,
              "skipped": true
            },
            {
              "title": "Verifica se a paleta de cores está posicionada abaixo do título 'Paleta de Cores'",
              "fullTitle": "2 - Adicione à página uma paleta de quatro cores distintas. Verifica se a paleta de cores está posicionada abaixo do título 'Paleta de Cores'",
              "timedOut": null,
              "duration": 0,
              "state": "skipped",
              "speed": null,
              "pass": false,
              "fail": false,
              "pending": false,
              "context": null,
              "code": "cy.get('h1#title').then(function (title) {\n  cy.get('#color-palette').should('be.belowOf', title);\n});",
              "err": {},
              "uuid": "c2a19e4b-cfb1-4eee-8d75-70a0830f5481",
              "parentUUID": "98ff5414-2f14-4387-a140-fe66b7206318",
              "isHook": false,
              "skipped": true
            },
            {
              "title": "Verifica se a paleta de cores não contém cores repetidas.",
              "fullTitle": "2 - Adicione à página uma paleta de quatro cores distintas. Verifica se a paleta de cores não contém cores repetidas.",
              "timedOut": null,
              "duration": 0,
              "state": "skipped",
              "speed": null,
              "pass": false,
              "fail": false,
              "pending": false,
              "context": null,
              "code": "cy.get('.color').then(function (colors) {\n  var allColors = Array.from(colors).map(function (color) {\n    return Cypress.$(color).css('background-color');\n  });\n  cy.log(allColors);\n  var uniqColors = (0, _toConsumableArray2[\"default\"])(new Set(allColors));\n  cy.log(uniqColors);\n  expect(allColors.length).to.eq(uniqColors.length);\n});",
              "err": {},
              "uuid": "66a41c80-0607-4001-8acd-5739961b6476",
              "parentUUID": "98ff5414-2f14-4387-a140-fe66b7206318",
              "isHook": false,
              "skipped": true
            }
          ],
          "suites": [],
          "passes": [],
          "failures": [
            "cb44e2b3-9c96-4b2e-bf4e-412309d0e7d7"
          ],
          "pending": [],
          "skipped": [
            "da961882-e1b4-4217-8d21-8948fb572b5f",
            "6b44f61e-d5d1-40e4-b53f-4baac4d116bb",
            "45bd550b-64d9-470b-b0cd-0b130d33391f",
            "413b898a-934e-4c29-adbb-833f382643ef",
            "c2a19e4b-cfb1-4eee-8d75-70a0830f5481",
            "66a41c80-0607-4001-8acd-5739961b6476"
          ],
          "duration": 165,
          "root": false,
          "rootEmpty": false,
          "_timeout": 2000
        },
        {
          "uuid": "b3746d73-a403-471a-b58b-e3f23acdd733",
          "title": "3 - Adicione a cor **preta** como a primeira cor da paleta de cores.",
          "fullFile": "",
          "file": "",
          "beforeHooks": [],
          "afterHooks": [],
          "tests": [
            {
              "title": "Verifica se a primeira cor da paleta é preta",
              "fullTitle": "3 - Adicione a cor **preta** como a primeira cor da paleta de cores. Verifica se a primeira cor da paleta é preta",
              "timedOut": null,
              "duration": 193,
              "state": "failed",
              "speed": null,
              "pass": false,
              "fail": true,
              "pending": false,
              "context": null,
              "code": "cy.get('.color').first().should('have.css', 'background-color', BLACK);",
              "err": {
                "message": "CypressError: cy.visit() failed trying to load:\n\n./index.html\n\nWe failed looking for this file at the path:\n\n/home/alessandrofm/projetos-trybe/sd-015-b-project-pixels-art/index.html\n\nThe internal Cypress web server responded with:\n\n  > 404: Not Found\n\nBecause this error occurred during a 'before each' hook we are skipping the remaining tests in the current suite: '3 - Adicione a cor **preta*...'",
                "estack": "CypressError: cy.visit() failed trying to load:\n\n./index.html\n\nWe failed looking for this file at the path:\n\n/home/alessandrofm/projetos-trybe/sd-015-b-project-pixels-art/index.html\n\nThe internal Cypress web server responded with:\n\n  > 404: Not Found\n\nBecause this error occurred during a 'before each' hook we are skipping the remaining tests in the current suite: '3 - Adicione a cor **preta*...'\n    at cypressErr (http://localhost:36809/__cypress/runner/cypress_runner.js:149934:9)\n    at throwErr (http://localhost:36809/__cypress/runner/cypress_runner.js:149867:11)\n    at Object.throwErrByPath (http://localhost:36809/__cypress/runner/cypress_runner.js:149915:3)\n    at http://localhost:36809/__cypress/runner/cypress_runner.js:138814:34\n    at visitFailedByErr (http://localhost:36809/__cypress/runner/cypress_runner.js:138327:12)\n    at http://localhost:36809/__cypress/runner/cypress_runner.js:138795:22\n    at tryCatcher (http://localhost:36809/__cypress/runner/cypress_runner.js:167415:23)\n    at Promise._settlePromiseFromHandler (http://localhost:36809/__cypress/runner/cypress_runner.js:165351:31)\n    at Promise._settlePromise (http://localhost:36809/__cypress/runner/cypress_runner.js:165408:18)\n    at Promise._settlePromise0 (http://localhost:36809/__cypress/runner/cypress_runner.js:165453:10)\n    at Promise._settlePromises (http://localhost:36809/__cypress/runner/cypress_runner.js:165528:18)\n    at Async../node_modules/bluebird/js/release/async.js.Async._drainQueue (http://localhost:36809/__cypress/runner/cypress_runner.js:162140:16)\n    at Async../node_modules/bluebird/js/release/async.js.Async._drainQueues (http://localhost:36809/__cypress/runner/cypress_runner.js:162150:10)\n    at Async.drainQueues (http://localhost:36809/__cypress/runner/cypress_runner.js:162024:14)",
                "diff": null
              },
              "uuid": "9957661e-0853-42fc-8a7c-2efb74ce0e06",
              "parentUUID": "b3746d73-a403-471a-b58b-e3f23acdd733",
              "isHook": false,
              "skipped": false
            },
            {
              "title": "Verifica se as demais cores podem ser escolhidas livremente.",
              "fullTitle": "3 - Adicione a cor **preta** como a primeira cor da paleta de cores. Verifica se as demais cores podem ser escolhidas livremente.",
              "timedOut": null,
              "duration": 0,
              "state": "skipped",
              "speed": null,
              "pass": false,
              "fail": false,
              "pending": false,
              "context": null,
              "code": "cy.get('.color').eq(1).should('not.have.css', 'background-color', BLACK);\ncy.get('.color').eq(1).should('not.have.css', 'background-color', WHITE);\ncy.get('.color').eq(1).should('not.have.css', 'background-color', 'rgba(0, 0, 0, 0)');\ncy.get('.color').eq(1).should('have.css', 'background-color');\ncy.get('.color').eq(2).should('not.have.css', 'background-color', BLACK);\ncy.get('.color').eq(2).should('not.have.css', 'background-color', WHITE);\ncy.get('.color').eq(2).should('not.have.css', 'background-color', 'rgba(0, 0, 0, 0)');\ncy.get('.color').eq(2).should('have.css', 'background-color');\ncy.get('.color').eq(3).should('not.have.css', 'background-color', BLACK);\ncy.get('.color').eq(3).should('not.have.css', 'background-color', WHITE);\ncy.get('.color').eq(3).should('not.have.css', 'background-color', 'rgba(0, 0, 0, 0)');\ncy.get('.color').eq(3).should('have.css', 'background-color');",
              "err": {},
              "uuid": "725c36d4-a11e-409c-9cb8-b420bb2c7027",
              "parentUUID": "b3746d73-a403-471a-b58b-e3f23acdd733",
              "isHook": false,
              "skipped": true
            }
          ],
          "suites": [],
          "passes": [],
          "failures": [
            "9957661e-0853-42fc-8a7c-2efb74ce0e06"
          ],
          "pending": [],
          "skipped": [
            "725c36d4-a11e-409c-9cb8-b420bb2c7027"
          ],
          "duration": 193,
          "root": false,
          "rootEmpty": false,
          "_timeout": 2000
        },
        {
          "uuid": "0f03360c-2c19-4a62-a899-b2145fc4eaa0",
          "title": "4 - Adicione à página um quadro de pixels, com 25 pixels.",
          "fullFile": "",
          "file": "",
          "beforeHooks": [],
          "afterHooks": [],
          "tests": [
            {
              "title": "Verifica se o quadro de pixels possui o `id` denominado `pixel-board`",
              "fullTitle": "4 - Adicione à página um quadro de pixels, com 25 pixels. Verifica se o quadro de pixels possui o `id` denominado `pixel-board`",
              "timedOut": null,
              "duration": 218,
              "state": "failed",
              "speed": null,
              "pass": false,
              "fail": true,
              "pending": false,
              "context": null,
              "code": "cy.get('#pixel-board').should('be.visible');",
              "err": {
                "message": "CypressError: cy.visit() failed trying to load:\n\n./index.html\n\nWe failed looking for this file at the path:\n\n/home/alessandrofm/projetos-trybe/sd-015-b-project-pixels-art/index.html\n\nThe internal Cypress web server responded with:\n\n  > 404: Not Found\n\nBecause this error occurred during a 'before each' hook we are skipping the remaining tests in the current suite: '4 - Adicione à página um qu...'",
                "estack": "CypressError: cy.visit() failed trying to load:\n\n./index.html\n\nWe failed looking for this file at the path:\n\n/home/alessandrofm/projetos-trybe/sd-015-b-project-pixels-art/index.html\n\nThe internal Cypress web server responded with:\n\n  > 404: Not Found\n\nBecause this error occurred during a 'before each' hook we are skipping the remaining tests in the current suite: '4 - Adicione à página um qu...'\n    at cypressErr (http://localhost:36809/__cypress/runner/cypress_runner.js:149934:9)\n    at throwErr (http://localhost:36809/__cypress/runner/cypress_runner.js:149867:11)\n    at Object.throwErrByPath (http://localhost:36809/__cypress/runner/cypress_runner.js:149915:3)\n    at http://localhost:36809/__cypress/runner/cypress_runner.js:138814:34\n    at visitFailedByErr (http://localhost:36809/__cypress/runner/cypress_runner.js:138327:12)\n    at http://localhost:36809/__cypress/runner/cypress_runner.js:138795:22\n    at tryCatcher (http://localhost:36809/__cypress/runner/cypress_runner.js:167415:23)\n    at Promise._settlePromiseFromHandler (http://localhost:36809/__cypress/runner/cypress_runner.js:165351:31)\n    at Promise._settlePromise (http://localhost:36809/__cypress/runner/cypress_runner.js:165408:18)\n    at Promise._settlePromise0 (http://localhost:36809/__cypress/runner/cypress_runner.js:165453:10)\n    at Promise._settlePromises (http://localhost:36809/__cypress/runner/cypress_runner.js:165528:18)\n    at Async../node_modules/bluebird/js/release/async.js.Async._drainQueue (http://localhost:36809/__cypress/runner/cypress_runner.js:162140:16)\n    at Async../node_modules/bluebird/js/release/async.js.Async._drainQueues (http://localhost:36809/__cypress/runner/cypress_runner.js:162150:10)\n    at Async.drainQueues (http://localhost:36809/__cypress/runner/cypress_runner.js:162024:14)",
                "diff": null
              },
              "uuid": "2726201c-f3ef-47b2-9d07-a4d5b77dff63",
              "parentUUID": "0f03360c-2c19-4a62-a899-b2145fc4eaa0",
              "isHook": false,
              "skipped": false
            },
            {
              "title": "Verifica se cada pixel individual dentro do quadro possui a `classe` denominada `pixel`.",
              "fullTitle": "4 - Adicione à página um quadro de pixels, com 25 pixels. Verifica se cada pixel individual dentro do quadro possui a `classe` denominada `pixel`.",
              "timedOut": null,
              "duration": 0,
              "state": "skipped",
              "speed": null,
              "pass": false,
              "fail": false,
              "pending": false,
              "context": null,
              "code": "cy.get('.pixel').should('have.length', 25);",
              "err": {},
              "uuid": "dbb5d006-c6be-4017-b86a-21d5664ba302",
              "parentUUID": "0f03360c-2c19-4a62-a899-b2145fc4eaa0",
              "isHook": false,
              "skipped": true
            },
            {
              "title": "Verifica se a cor inicial dos pixels dentro do quadro, ao abrir a página, é branca.",
              "fullTitle": "4 - Adicione à página um quadro de pixels, com 25 pixels. Verifica se a cor inicial dos pixels dentro do quadro, ao abrir a página, é branca.",
              "timedOut": null,
              "duration": 0,
              "state": "skipped",
              "speed": null,
              "pass": false,
              "fail": false,
              "pending": false,
              "context": null,
              "code": "cy.get('.pixel').should('have.length', 25).each(function (pixel) {\n  expect(pixel).to.have.css('background-color', WHITE);\n});",
              "err": {},
              "uuid": "78ab5aca-9370-4e87-b400-7eab700e3c7a",
              "parentUUID": "0f03360c-2c19-4a62-a899-b2145fc4eaa0",
              "isHook": false,
              "skipped": true
            },
            {
              "title": "Verifica se o quadro de pixels aparece abaixo da paleta de cores",
              "fullTitle": "4 - Adicione à página um quadro de pixels, com 25 pixels. Verifica se o quadro de pixels aparece abaixo da paleta de cores",
              "timedOut": null,
              "duration": 0,
              "state": "skipped",
              "speed": null,
              "pass": false,
              "fail": false,
              "pending": false,
              "context": null,
              "code": "cy.get('#color-palette').then(function (palette) {\n  cy.get('#pixel-board').should('be.belowOf', palette);\n});",
              "err": {},
              "uuid": "8c92edec-cf5e-4c18-b601-3fabf70ca017",
              "parentUUID": "0f03360c-2c19-4a62-a899-b2145fc4eaa0",
              "isHook": false,
              "skipped": true
            }
          ],
          "suites": [],
          "passes": [],
          "failures": [
            "2726201c-f3ef-47b2-9d07-a4d5b77dff63"
          ],
          "pending": [],
          "skipped": [
            "dbb5d006-c6be-4017-b86a-21d5664ba302",
            "78ab5aca-9370-4e87-b400-7eab700e3c7a",
            "8c92edec-cf5e-4c18-b601-3fabf70ca017"
          ],
          "duration": 218,
          "root": false,
          "rootEmpty": false,
          "_timeout": 2000
        },
        {
          "uuid": "623acf39-56a4-4fd1-bfa9-9799b3dd0ba6",
          "title": "5 - Faça com que cada elemento do quadro de pixels possua 40 pixels de largura, 40 pixels de altura e seja delimitado por uma borda preta de 1 pixel.",
          "fullFile": "",
          "file": "",
          "beforeHooks": [],
          "afterHooks": [],
          "tests": [
            {
              "title": "Verifica se o quadro de pixels tem altura e comprimento de 5 elementos",
              "fullTitle": "5 - Faça com que cada elemento do quadro de pixels possua 40 pixels de largura, 40 pixels de altura e seja delimitado por uma borda preta de 1 pixel. Verifica se o quadro de pixels tem altura e comprimento de 5 elementos",
              "timedOut": null,
              "duration": 182,
              "state": "failed",
              "speed": null,
              "pass": false,
              "fail": true,
              "pending": false,
              "context": null,
              "code": "cy.get('.pixel').should('have.length', 25).each(function (pixel) {\n  expect(pixel).to.have.css('background-color', WHITE);\n}).and(function (pixels) {\n  var rows = chunk(pixels, 5);\n  rows.forEach(function (row) {\n    for (var index = 1; index < row.length; index += 1) {\n      var current = pixels[index];\n      var previous = pixels[index - 1];\n      cy.wrap(current).should('be.onTheRightOf', previous).and('be.horizontallyAlignedWith', previous);\n    }\n  });\n  for (var index = 1; index < 5; index += 1) {\n    expect(pixels[index * 5]).to.be.belowOf(pixels[(index - 1) * 5]);\n  }\n});",
              "err": {
                "message": "CypressError: cy.visit() failed trying to load:\n\n./index.html\n\nWe failed looking for this file at the path:\n\n/home/alessandrofm/projetos-trybe/sd-015-b-project-pixels-art/index.html\n\nThe internal Cypress web server responded with:\n\n  > 404: Not Found\n\nBecause this error occurred during a 'before each' hook we are skipping the remaining tests in the current suite: '5 - Faça com que cada eleme...'",
                "estack": "CypressError: cy.visit() failed trying to load:\n\n./index.html\n\nWe failed looking for this file at the path:\n\n/home/alessandrofm/projetos-trybe/sd-015-b-project-pixels-art/index.html\n\nThe internal Cypress web server responded with:\n\n  > 404: Not Found\n\nBecause this error occurred during a 'before each' hook we are skipping the remaining tests in the current suite: '5 - Faça com que cada eleme...'\n    at cypressErr (http://localhost:36809/__cypress/runner/cypress_runner.js:149934:9)\n    at throwErr (http://localhost:36809/__cypress/runner/cypress_runner.js:149867:11)\n    at Object.throwErrByPath (http://localhost:36809/__cypress/runner/cypress_runner.js:149915:3)\n    at http://localhost:36809/__cypress/runner/cypress_runner.js:138814:34\n    at visitFailedByErr (http://localhost:36809/__cypress/runner/cypress_runner.js:138327:12)\n    at http://localhost:36809/__cypress/runner/cypress_runner.js:138795:22\n    at tryCatcher (http://localhost:36809/__cypress/runner/cypress_runner.js:167415:23)\n    at Promise._settlePromiseFromHandler (http://localhost:36809/__cypress/runner/cypress_runner.js:165351:31)\n    at Promise._settlePromise (http://localhost:36809/__cypress/runner/cypress_runner.js:165408:18)\n    at Promise._settlePromise0 (http://localhost:36809/__cypress/runner/cypress_runner.js:165453:10)\n    at Promise._settlePromises (http://localhost:36809/__cypress/runner/cypress_runner.js:165528:18)\n    at Async../node_modules/bluebird/js/release/async.js.Async._drainQueue (http://localhost:36809/__cypress/runner/cypress_runner.js:162140:16)\n    at Async../node_modules/bluebird/js/release/async.js.Async._drainQueues (http://localhost:36809/__cypress/runner/cypress_runner.js:162150:10)\n    at Async.drainQueues (http://localhost:36809/__cypress/runner/cypress_runner.js:162024:14)",
                "diff": null
              },
              "uuid": "a43985e5-0a5d-4bc2-9a12-4d34cfbec6db",
              "parentUUID": "623acf39-56a4-4fd1-bfa9-9799b3dd0ba6",
              "isHook": false,
              "skipped": false
            },
            {
              "title": "Verifica se 40 pixels é o tamanho total do elemento, incluindo seu conteúdo e excluindo a borda preta, que deve ser criada à parte.",
              "fullTitle": "5 - Faça com que cada elemento do quadro de pixels possua 40 pixels de largura, 40 pixels de altura e seja delimitado por uma borda preta de 1 pixel. Verifica se 40 pixels é o tamanho total do elemento, incluindo seu conteúdo e excluindo a borda preta, que deve ser criada à parte.",
              "timedOut": null,
              "duration": 0,
              "state": "skipped",
              "speed": null,
              "pass": false,
              "fail": false,
              "pending": false,
              "context": null,
              "code": "cy.get('.pixel').each(function (pixel) {\n  cy.wrap(pixel).should('have.css', 'height', '40px').and('have.css', 'width', '40px').and('have.css', 'border', \"1px solid \".concat(BLACK));\n});",
              "err": {},
              "uuid": "fe0a13c9-cb5b-492a-990c-d5e0ec18511b",
              "parentUUID": "623acf39-56a4-4fd1-bfa9-9799b3dd0ba6",
              "isHook": false,
              "skipped": true
            }
          ],
          "suites": [],
          "passes": [],
          "failures": [
            "a43985e5-0a5d-4bc2-9a12-4d34cfbec6db"
          ],
          "pending": [],
          "skipped": [
            "fe0a13c9-cb5b-492a-990c-d5e0ec18511b"
          ],
          "duration": 182,
          "root": false,
          "rootEmpty": false,
          "_timeout": 2000
        },
        {
          "uuid": "1ae26217-aa5c-488c-856d-aef78fde38b3",
          "title": "6 - Defina a cor preta como cor inicial. Ao carregar a página a cor preta já deve estar selecionada para pintar os pixels",
          "fullFile": "",
          "file": "",
          "beforeHooks": [],
          "afterHooks": [],
          "tests": [
            {
              "title": "Verifica se o elemento da cor preta possui, inicialmente, a `classe` `selected`",
              "fullTitle": "6 - Defina a cor preta como cor inicial. Ao carregar a página a cor preta já deve estar selecionada para pintar os pixels Verifica se o elemento da cor preta possui, inicialmente, a `classe` `selected`",
              "timedOut": null,
              "duration": 177,
              "state": "failed",
              "speed": null,
              "pass": false,
              "fail": true,
              "pending": false,
              "context": null,
              "code": "cy.get('.selected').first().should('have.css', 'background-color', BLACK);",
              "err": {
                "message": "CypressError: cy.visit() failed trying to load:\n\n./index.html\n\nWe failed looking for this file at the path:\n\n/home/alessandrofm/projetos-trybe/sd-015-b-project-pixels-art/index.html\n\nThe internal Cypress web server responded with:\n\n  > 404: Not Found\n\nBecause this error occurred during a 'before each' hook we are skipping the remaining tests in the current suite: '6 - Defina a cor preta como...'",
                "estack": "CypressError: cy.visit() failed trying to load:\n\n./index.html\n\nWe failed looking for this file at the path:\n\n/home/alessandrofm/projetos-trybe/sd-015-b-project-pixels-art/index.html\n\nThe internal Cypress web server responded with:\n\n  > 404: Not Found\n\nBecause this error occurred during a 'before each' hook we are skipping the remaining tests in the current suite: '6 - Defina a cor preta como...'\n    at cypressErr (http://localhost:36809/__cypress/runner/cypress_runner.js:149934:9)\n    at throwErr (http://localhost:36809/__cypress/runner/cypress_runner.js:149867:11)\n    at Object.throwErrByPath (http://localhost:36809/__cypress/runner/cypress_runner.js:149915:3)\n    at http://localhost:36809/__cypress/runner/cypress_runner.js:138814:34\n    at visitFailedByErr (http://localhost:36809/__cypress/runner/cypress_runner.js:138327:12)\n    at http://localhost:36809/__cypress/runner/cypress_runner.js:138795:22\n    at tryCatcher (http://localhost:36809/__cypress/runner/cypress_runner.js:167415:23)\n    at Promise._settlePromiseFromHandler (http://localhost:36809/__cypress/runner/cypress_runner.js:165351:31)\n    at Promise._settlePromise (http://localhost:36809/__cypress/runner/cypress_runner.js:165408:18)\n    at Promise._settlePromise0 (http://localhost:36809/__cypress/runner/cypress_runner.js:165453:10)\n    at Promise._settlePromises (http://localhost:36809/__cypress/runner/cypress_runner.js:165528:18)\n    at Async../node_modules/bluebird/js/release/async.js.Async._drainQueue (http://localhost:36809/__cypress/runner/cypress_runner.js:162140:16)\n    at Async../node_modules/bluebird/js/release/async.js.Async._drainQueues (http://localhost:36809/__cypress/runner/cypress_runner.js:162150:10)\n    at Async.drainQueues (http://localhost:36809/__cypress/runner/cypress_runner.js:162024:14)",
                "diff": null
              },
              "uuid": "f54c3cb3-4e48-4bff-a944-2eea7d1be670",
              "parentUUID": "1ae26217-aa5c-488c-856d-aef78fde38b3",
              "isHook": false,
              "skipped": false
            },
            {
              "title": "Verifica se nenhuma outra cor da paleta tem a `classe` `selected`",
              "fullTitle": "6 - Defina a cor preta como cor inicial. Ao carregar a página a cor preta já deve estar selecionada para pintar os pixels Verifica se nenhuma outra cor da paleta tem a `classe` `selected`",
              "timedOut": null,
              "duration": 0,
              "state": "skipped",
              "speed": null,
              "pass": false,
              "fail": false,
              "pending": false,
              "context": null,
              "code": "cy.get('.color:not(:first-child)').each(function (color) {\n  cy.wrap(color).should('not.have.class', 'selected');\n});",
              "err": {},
              "uuid": "ad5dcce9-5498-490b-a79f-c6c088d2e589",
              "parentUUID": "1ae26217-aa5c-488c-856d-aef78fde38b3",
              "isHook": false,
              "skipped": true
            }
          ],
          "suites": [],
          "passes": [],
          "failures": [
            "f54c3cb3-4e48-4bff-a944-2eea7d1be670"
          ],
          "pending": [],
          "skipped": [
            "ad5dcce9-5498-490b-a79f-c6c088d2e589"
          ],
          "duration": 177,
          "root": false,
          "rootEmpty": false,
          "_timeout": 2000
        },
        {
          "uuid": "60e1431d-8b7c-49e4-8fc7-a037da17f05b",
          "title": "7 - Clicar em uma das cores da paleta, faz com que ela seja selecionada e utilizada para preencher os pixels no quadro.",
          "fullFile": "",
          "file": "",
          "beforeHooks": [],
          "afterHooks": [],
          "tests": [
            {
              "title": "Verifica se somente uma cor da paleta de cores tem a classe `selected` de cada vez",
              "fullTitle": "7 - Clicar em uma das cores da paleta, faz com que ela seja selecionada e utilizada para preencher os pixels no quadro. Verifica se somente uma cor da paleta de cores tem a classe `selected` de cada vez",
              "timedOut": null,
              "duration": 174,
              "state": "failed",
              "speed": null,
              "pass": false,
              "fail": true,
              "pending": false,
              "context": null,
              "code": "cy.get('.color').each(function (selectedColor, selectedColorIndex) {\n  cy.wrap(selectedColor).click();\n  cy.get('.color').each(function (color, colorIndex) {\n    if (colorIndex === selectedColorIndex) {\n      expect(color).to.have[\"class\"]('selected');\n    } else {\n      expect(color).not.to.have[\"class\"]('selected');\n    }\n  });\n});",
              "err": {
                "message": "CypressError: cy.visit() failed trying to load:\n\n./index.html\n\nWe failed looking for this file at the path:\n\n/home/alessandrofm/projetos-trybe/sd-015-b-project-pixels-art/index.html\n\nThe internal Cypress web server responded with:\n\n  > 404: Not Found\n\nBecause this error occurred during a 'before each' hook we are skipping the remaining tests in the current suite: '7 - Clicar em uma das cores...'",
                "estack": "CypressError: cy.visit() failed trying to load:\n\n./index.html\n\nWe failed looking for this file at the path:\n\n/home/alessandrofm/projetos-trybe/sd-015-b-project-pixels-art/index.html\n\nThe internal Cypress web server responded with:\n\n  > 404: Not Found\n\nBecause this error occurred during a 'before each' hook we are skipping the remaining tests in the current suite: '7 - Clicar em uma das cores...'\n    at cypressErr (http://localhost:36809/__cypress/runner/cypress_runner.js:149934:9)\n    at throwErr (http://localhost:36809/__cypress/runner/cypress_runner.js:149867:11)\n    at Object.throwErrByPath (http://localhost:36809/__cypress/runner/cypress_runner.js:149915:3)\n    at http://localhost:36809/__cypress/runner/cypress_runner.js:138814:34\n    at visitFailedByErr (http://localhost:36809/__cypress/runner/cypress_runner.js:138327:12)\n    at http://localhost:36809/__cypress/runner/cypress_runner.js:138795:22\n    at tryCatcher (http://localhost:36809/__cypress/runner/cypress_runner.js:167415:23)\n    at Promise._settlePromiseFromHandler (http://localhost:36809/__cypress/runner/cypress_runner.js:165351:31)\n    at Promise._settlePromise (http://localhost:36809/__cypress/runner/cypress_runner.js:165408:18)\n    at Promise._settlePromise0 (http://localhost:36809/__cypress/runner/cypress_runner.js:165453:10)\n    at Promise._settlePromises (http://localhost:36809/__cypress/runner/cypress_runner.js:165528:18)\n    at Async../node_modules/bluebird/js/release/async.js.Async._drainQueue (http://localhost:36809/__cypress/runner/cypress_runner.js:162140:16)\n    at Async../node_modules/bluebird/js/release/async.js.Async._drainQueues (http://localhost:36809/__cypress/runner/cypress_runner.js:162150:10)\n    at Async.drainQueues (http://localhost:36809/__cypress/runner/cypress_runner.js:162024:14)",
                "diff": null
              },
              "uuid": "fd1256b7-a5fe-407c-8a3a-fbdd8090c53d",
              "parentUUID": "60e1431d-8b7c-49e4-8fc7-a037da17f05b",
              "isHook": false,
              "skipped": false
            },
            {
              "title": "Verifica se os pixels dentro do quadro não têm a classe `selected` quando são clicados",
              "fullTitle": "7 - Clicar em uma das cores da paleta, faz com que ela seja selecionada e utilizada para preencher os pixels no quadro. Verifica se os pixels dentro do quadro não têm a classe `selected` quando são clicados",
              "timedOut": null,
              "duration": 0,
              "state": "skipped",
              "speed": null,
              "pass": false,
              "fail": false,
              "pending": false,
              "context": null,
              "code": "cy.get('.color').each(function (color) {\n  var backgroundColor = color.css('background-color');\n  cy.wrap(color).click();\n  cy.get('.pixel').each(function (pixel) {\n    cy.wrap(pixel).click().should('not.have.class', 'selected');\n  });\n});",
              "err": {},
              "uuid": "11d100a6-65e5-4e1b-b9cd-30e6ff6f2251",
              "parentUUID": "60e1431d-8b7c-49e4-8fc7-a037da17f05b",
              "isHook": false,
              "skipped": true
            }
          ],
          "suites": [],
          "passes": [],
          "failures": [
            "fd1256b7-a5fe-407c-8a3a-fbdd8090c53d"
          ],
          "pending": [],
          "skipped": [
            "11d100a6-65e5-4e1b-b9cd-30e6ff6f2251"
          ],
          "duration": 174,
          "root": false,
          "rootEmpty": false,
          "_timeout": 2000
        },
        {
          "uuid": "dfe2d6d6-f0c0-4661-99a0-9fae2ccc481b",
          "title": "8 - Clicar em um pixel dentro do quadro após selecionar uma cor na paleta, faz com que o pixel seja preenchido com a cor selecionada.",
          "fullFile": "",
          "file": "",
          "beforeHooks": [],
          "afterHooks": [],
          "tests": [
            {
              "title": "Verifica se ao carregar a página deve ser possível pintar os pixels de preto",
              "fullTitle": "8 - Clicar em um pixel dentro do quadro após selecionar uma cor na paleta, faz com que o pixel seja preenchido com a cor selecionada. Verifica se ao carregar a página deve ser possível pintar os pixels de preto",
              "timedOut": null,
              "duration": 187,
              "state": "failed",
              "speed": null,
              "pass": false,
              "fail": true,
              "pending": false,
              "context": null,
              "code": "cy.get('.pixel').each(function (pixel) {\n  cy.wrap(pixel).click().should('have.css', 'background-color', BLACK);\n});",
              "err": {
                "message": "CypressError: cy.visit() failed trying to load:\n\n./index.html\n\nWe failed looking for this file at the path:\n\n/home/alessandrofm/projetos-trybe/sd-015-b-project-pixels-art/index.html\n\nThe internal Cypress web server responded with:\n\n  > 404: Not Found\n\nBecause this error occurred during a 'before each' hook we are skipping the remaining tests in the current suite: '8 - Clicar em um pixel dent...'",
                "estack": "CypressError: cy.visit() failed trying to load:\n\n./index.html\n\nWe failed looking for this file at the path:\n\n/home/alessandrofm/projetos-trybe/sd-015-b-project-pixels-art/index.html\n\nThe internal Cypress web server responded with:\n\n  > 404: Not Found\n\nBecause this error occurred during a 'before each' hook we are skipping the remaining tests in the current suite: '8 - Clicar em um pixel dent...'\n    at cypressErr (http://localhost:36809/__cypress/runner/cypress_runner.js:149934:9)\n    at throwErr (http://localhost:36809/__cypress/runner/cypress_runner.js:149867:11)\n    at Object.throwErrByPath (http://localhost:36809/__cypress/runner/cypress_runner.js:149915:3)\n    at http://localhost:36809/__cypress/runner/cypress_runner.js:138814:34\n    at visitFailedByErr (http://localhost:36809/__cypress/runner/cypress_runner.js:138327:12)\n    at http://localhost:36809/__cypress/runner/cypress_runner.js:138795:22\n    at tryCatcher (http://localhost:36809/__cypress/runner/cypress_runner.js:167415:23)\n    at Promise._settlePromiseFromHandler (http://localhost:36809/__cypress/runner/cypress_runner.js:165351:31)\n    at Promise._settlePromise (http://localhost:36809/__cypress/runner/cypress_runner.js:165408:18)\n    at Promise._settlePromise0 (http://localhost:36809/__cypress/runner/cypress_runner.js:165453:10)\n    at Promise._settlePromises (http://localhost:36809/__cypress/runner/cypress_runner.js:165528:18)\n    at Async../node_modules/bluebird/js/release/async.js.Async._drainQueue (http://localhost:36809/__cypress/runner/cypress_runner.js:162140:16)\n    at Async../node_modules/bluebird/js/release/async.js.Async._drainQueues (http://localhost:36809/__cypress/runner/cypress_runner.js:162150:10)\n    at Async.drainQueues (http://localhost:36809/__cypress/runner/cypress_runner.js:162024:14)",
                "diff": null
              },
              "uuid": "04dc1186-339d-402b-9af6-4e588a638b51",
              "parentUUID": "dfe2d6d6-f0c0-4661-99a0-9fae2ccc481b",
              "isHook": false,
              "skipped": false
            },
            {
              "title": "Verifica se após selecionar uma outra cor na paleta, é possível pintar os pixels com essa cor",
              "fullTitle": "8 - Clicar em um pixel dentro do quadro após selecionar uma cor na paleta, faz com que o pixel seja preenchido com a cor selecionada. Verifica se após selecionar uma outra cor na paleta, é possível pintar os pixels com essa cor",
              "timedOut": null,
              "duration": 0,
              "state": "skipped",
              "speed": null,
              "pass": false,
              "fail": false,
              "pending": false,
              "context": null,
              "code": "cy.get('.color').each(function (color) {\n  var backgroundColor = color.css('background-color');\n  cy.wrap(color).click();\n  cy.get('.pixel').each(function (pixel) {\n    cy.wrap(pixel).click().should('have.css', 'background-color', backgroundColor);\n  });\n});",
              "err": {},
              "uuid": "c7368660-4010-45c7-94ea-8b8e1a8b13f3",
              "parentUUID": "dfe2d6d6-f0c0-4661-99a0-9fae2ccc481b",
              "isHook": false,
              "skipped": true
            },
            {
              "title": "Verifica se somente o pixel que foi clicado foi preenchido com a cor selecionada, sem influenciar na cor dos demais pixels.",
              "fullTitle": "8 - Clicar em um pixel dentro do quadro após selecionar uma cor na paleta, faz com que o pixel seja preenchido com a cor selecionada. Verifica se somente o pixel que foi clicado foi preenchido com a cor selecionada, sem influenciar na cor dos demais pixels.",
              "timedOut": null,
              "duration": 0,
              "state": "skipped",
              "speed": null,
              "pass": false,
              "fail": false,
              "pending": false,
              "context": null,
              "code": "var colorToPixelIndexMap = {\n  0: 6,\n  1: 8,\n  2: 16,\n  3: 18\n};\ncy.get('.color').each(function (color, index) {\n  cy.wrap(color).click();\n  var backgroundColor = color.css('background-color');\n  var clickedPixelIndex = colorToPixelIndexMap[index];\n  cy.get('.pixel').eq(clickedPixelIndex).click();\n  cy.get('.pixel').eq(clickedPixelIndex - 1).should('not.have.css', 'background-color', backgroundColor);\n  cy.get('.pixel').eq(clickedPixelIndex + 1).should('not.have.css', 'background-color', backgroundColor);\n  cy.get('.pixel').eq(clickedPixelIndex - 5).should('not.have.css', 'background-color', backgroundColor);\n  cy.get('.pixel').eq(clickedPixelIndex + 5).should('not.have.css', 'background-color', backgroundColor);\n  cy.get('.pixel').eq(clickedPixelIndex - 6).should('not.have.css', 'background-color', backgroundColor);\n  cy.get('.pixel').eq(clickedPixelIndex - 4).should('not.have.css', 'background-color', backgroundColor);\n  cy.get('.pixel').eq(clickedPixelIndex + 4).should('not.have.css', 'background-color', backgroundColor);\n  cy.get('.pixel').eq(clickedPixelIndex + 6).should('not.have.css', 'background-color', backgroundColor);\n});",
              "err": {},
              "uuid": "3e3ac9af-4eb6-4386-940b-2b2ed42da2d5",
              "parentUUID": "dfe2d6d6-f0c0-4661-99a0-9fae2ccc481b",
              "isHook": false,
              "skipped": true
            }
          ],
          "suites": [],
          "passes": [],
          "failures": [
            "04dc1186-339d-402b-9af6-4e588a638b51"
          ],
          "pending": [],
          "skipped": [
            "c7368660-4010-45c7-94ea-8b8e1a8b13f3",
            "3e3ac9af-4eb6-4386-940b-2b2ed42da2d5"
          ],
          "duration": 187,
          "root": false,
          "rootEmpty": false,
          "_timeout": 2000
        },
        {
          "uuid": "28aed341-eb39-45f6-9add-03897549245e",
          "title": "9 - Crie um botão que, ao ser clicado, limpa o quadro preenchendo a cor de todos seus pixels com branco.",
          "fullFile": "",
          "file": "",
          "beforeHooks": [],
          "afterHooks": [],
          "tests": [
            {
              "title": "Verifica se o botão tem o `id` denominado `clear-board`",
              "fullTitle": "9 - Crie um botão que, ao ser clicado, limpa o quadro preenchendo a cor de todos seus pixels com branco. Verifica se o botão tem o `id` denominado `clear-board`",
              "timedOut": null,
              "duration": 190,
              "state": "failed",
              "speed": null,
              "pass": false,
              "fail": true,
              "pending": false,
              "context": null,
              "code": "cy.get('#clear-board').should('be.visible');",
              "err": {
                "message": "CypressError: cy.visit() failed trying to load:\n\n./index.html\n\nWe failed looking for this file at the path:\n\n/home/alessandrofm/projetos-trybe/sd-015-b-project-pixels-art/index.html\n\nThe internal Cypress web server responded with:\n\n  > 404: Not Found\n\nBecause this error occurred during a 'before each' hook we are skipping the remaining tests in the current suite: '9 - Crie um botão que, ao s...'",
                "estack": "CypressError: cy.visit() failed trying to load:\n\n./index.html\n\nWe failed looking for this file at the path:\n\n/home/alessandrofm/projetos-trybe/sd-015-b-project-pixels-art/index.html\n\nThe internal Cypress web server responded with:\n\n  > 404: Not Found\n\nBecause this error occurred during a 'before each' hook we are skipping the remaining tests in the current suite: '9 - Crie um botão que, ao s...'\n    at cypressErr (http://localhost:36809/__cypress/runner/cypress_runner.js:149934:9)\n    at throwErr (http://localhost:36809/__cypress/runner/cypress_runner.js:149867:11)\n    at Object.throwErrByPath (http://localhost:36809/__cypress/runner/cypress_runner.js:149915:3)\n    at http://localhost:36809/__cypress/runner/cypress_runner.js:138814:34\n    at visitFailedByErr (http://localhost:36809/__cypress/runner/cypress_runner.js:138327:12)\n    at http://localhost:36809/__cypress/runner/cypress_runner.js:138795:22\n    at tryCatcher (http://localhost:36809/__cypress/runner/cypress_runner.js:167415:23)\n    at Promise._settlePromiseFromHandler (http://localhost:36809/__cypress/runner/cypress_runner.js:165351:31)\n    at Promise._settlePromise (http://localhost:36809/__cypress/runner/cypress_runner.js:165408:18)\n    at Promise._settlePromise0 (http://localhost:36809/__cypress/runner/cypress_runner.js:165453:10)\n    at Promise._settlePromises (http://localhost:36809/__cypress/runner/cypress_runner.js:165528:18)\n    at Async../node_modules/bluebird/js/release/async.js.Async._drainQueue (http://localhost:36809/__cypress/runner/cypress_runner.js:162140:16)\n    at Async../node_modules/bluebird/js/release/async.js.Async._drainQueues (http://localhost:36809/__cypress/runner/cypress_runner.js:162150:10)\n    at Async.drainQueues (http://localhost:36809/__cypress/runner/cypress_runner.js:162024:14)",
                "diff": null
              },
              "uuid": "14005e6f-f77e-49a6-b0b2-8dc30fdb5549",
              "parentUUID": "28aed341-eb39-45f6-9add-03897549245e",
              "isHook": false,
              "skipped": false
            },
            {
              "title": "Verifica se o botão está posicionado entre a paleta de cores e o quadro de pixels",
              "fullTitle": "9 - Crie um botão que, ao ser clicado, limpa o quadro preenchendo a cor de todos seus pixels com branco. Verifica se o botão está posicionado entre a paleta de cores e o quadro de pixels",
              "timedOut": null,
              "duration": 0,
              "state": "skipped",
              "speed": null,
              "pass": false,
              "fail": false,
              "pending": false,
              "context": null,
              "code": "cy.get('#color-palette').then(function (palette) {\n  cy.get('#clear-board').should('be.belowOf', palette);\n});\ncy.get('#clear-board').then(function (clearBtn) {\n  cy.get('#pixel-board').should('be.belowOf', clearBtn);\n});",
              "err": {},
              "uuid": "2c8acd73-9865-4d51-b262-772b7dbcdcb9",
              "parentUUID": "28aed341-eb39-45f6-9add-03897549245e",
              "isHook": false,
              "skipped": true
            },
            {
              "title": "Verifica se o texto do botão é 'Limpar'",
              "fullTitle": "9 - Crie um botão que, ao ser clicado, limpa o quadro preenchendo a cor de todos seus pixels com branco. Verifica se o texto do botão é 'Limpar'",
              "timedOut": null,
              "duration": 0,
              "state": "skipped",
              "speed": null,
              "pass": false,
              "fail": false,
              "pending": false,
              "context": null,
              "code": "cy.get('#clear-board').should('contain.text', 'Limpar');",
              "err": {},
              "uuid": "348e5465-cb8b-468a-95f5-8ff750264513",
              "parentUUID": "28aed341-eb39-45f6-9add-03897549245e",
              "isHook": false,
              "skipped": true
            },
            {
              "title": "Verifica se ao clicar no botão, o quadro de pixels é totalmente preenchido de branco",
              "fullTitle": "9 - Crie um botão que, ao ser clicado, limpa o quadro preenchendo a cor de todos seus pixels com branco. Verifica se ao clicar no botão, o quadro de pixels é totalmente preenchido de branco",
              "timedOut": null,
              "duration": 0,
              "state": "skipped",
              "speed": null,
              "pass": false,
              "fail": false,
              "pending": false,
              "context": null,
              "code": "cy.get('.color').eq(1).then(function (color) {\n  var backgroundColor = color.css('background-color');\n  cy.wrap(color).click();\n  cy.get('.pixel').each(function (pixel) {\n    cy.wrap(pixel).click().should('have.css', 'background-color', backgroundColor);\n  });\n});\ncy.get('#clear-board').click();\ncy.get('.pixel').each(function (pixel) {\n  cy.wrap(pixel).should('have.css', 'background-color', WHITE);\n});",
              "err": {},
              "uuid": "ef5f2f0d-83b5-4e48-a7ba-a1eea9d26652",
              "parentUUID": "28aed341-eb39-45f6-9add-03897549245e",
              "isHook": false,
              "skipped": true
            }
          ],
          "suites": [],
          "passes": [],
          "failures": [
            "14005e6f-f77e-49a6-b0b2-8dc30fdb5549"
          ],
          "pending": [],
          "skipped": [
            "2c8acd73-9865-4d51-b262-772b7dbcdcb9",
            "348e5465-cb8b-468a-95f5-8ff750264513",
            "ef5f2f0d-83b5-4e48-a7ba-a1eea9d26652"
          ],
          "duration": 190,
          "root": false,
          "rootEmpty": false,
          "_timeout": 2000
        },
        {
          "uuid": "86ff4fd3-e5b1-4485-b6e4-6719ce5ef45b",
          "title": "10 - Faça o quadro de pixels ter seu tamanho definido pelo usuário.",
          "fullFile": "",
          "file": "",
          "beforeHooks": [],
          "afterHooks": [],
          "tests": [
            {
              "title": "Verifica se existe um input com o id `board-size`",
              "fullTitle": "10 - Faça o quadro de pixels ter seu tamanho definido pelo usuário. Verifica se existe um input com o id `board-size`",
              "timedOut": null,
              "duration": 162,
              "state": "failed",
              "speed": null,
              "pass": false,
              "fail": true,
              "pending": false,
              "context": null,
              "code": "cy.get('#board-size').should('be.visible');",
              "err": {
                "message": "CypressError: cy.visit() failed trying to load:\n\n./index.html\n\nWe failed looking for this file at the path:\n\n/home/alessandrofm/projetos-trybe/sd-015-b-project-pixels-art/index.html\n\nThe internal Cypress web server responded with:\n\n  > 404: Not Found\n\nBecause this error occurred during a 'before each' hook we are skipping the remaining tests in the current suite: '10 - Faça o quadro de pixel...'",
                "estack": "CypressError: cy.visit() failed trying to load:\n\n./index.html\n\nWe failed looking for this file at the path:\n\n/home/alessandrofm/projetos-trybe/sd-015-b-project-pixels-art/index.html\n\nThe internal Cypress web server responded with:\n\n  > 404: Not Found\n\nBecause this error occurred during a 'before each' hook we are skipping the remaining tests in the current suite: '10 - Faça o quadro de pixel...'\n    at cypressErr (http://localhost:36809/__cypress/runner/cypress_runner.js:149934:9)\n    at throwErr (http://localhost:36809/__cypress/runner/cypress_runner.js:149867:11)\n    at Object.throwErrByPath (http://localhost:36809/__cypress/runner/cypress_runner.js:149915:3)\n    at http://localhost:36809/__cypress/runner/cypress_runner.js:138814:34\n    at visitFailedByErr (http://localhost:36809/__cypress/runner/cypress_runner.js:138327:12)\n    at http://localhost:36809/__cypress/runner/cypress_runner.js:138795:22\n    at tryCatcher (http://localhost:36809/__cypress/runner/cypress_runner.js:167415:23)\n    at Promise._settlePromiseFromHandler (http://localhost:36809/__cypress/runner/cypress_runner.js:165351:31)\n    at Promise._settlePromise (http://localhost:36809/__cypress/runner/cypress_runner.js:165408:18)\n    at Promise._settlePromise0 (http://localhost:36809/__cypress/runner/cypress_runner.js:165453:10)\n    at Promise._settlePromises (http://localhost:36809/__cypress/runner/cypress_runner.js:165528:18)\n    at Async../node_modules/bluebird/js/release/async.js.Async._drainQueue (http://localhost:36809/__cypress/runner/cypress_runner.js:162140:16)\n    at Async../node_modules/bluebird/js/release/async.js.Async._drainQueues (http://localhost:36809/__cypress/runner/cypress_runner.js:162150:10)\n    at Async.drainQueues (http://localhost:36809/__cypress/runner/cypress_runner.js:162024:14)",
                "diff": null
              },
              "uuid": "3719da36-6862-4f13-baa9-ceb3b6fd8dcf",
              "parentUUID": "86ff4fd3-e5b1-4485-b6e4-6719ce5ef45b",
              "isHook": false,
              "skipped": false
            },
            {
              "title": "Verifica se existe um botão com o id `generate-board`",
              "fullTitle": "10 - Faça o quadro de pixels ter seu tamanho definido pelo usuário. Verifica se existe um botão com o id `generate-board`",
              "timedOut": null,
              "duration": 0,
              "state": "skipped",
              "speed": null,
              "pass": false,
              "fail": false,
              "pending": false,
              "context": null,
              "code": "cy.get('#generate-board').should('be.visible');",
              "err": {},
              "uuid": "110d9e4a-37a9-42e7-8891-a37371bd0dc9",
              "parentUUID": "86ff4fd3-e5b1-4485-b6e4-6719ce5ef45b",
              "isHook": false,
              "skipped": true
            },
            {
              "title": "Verifica se o input só aceita número maiores que zero. Essa restrição deve ser feita usando os atributos do elemento `input`",
              "fullTitle": "10 - Faça o quadro de pixels ter seu tamanho definido pelo usuário. Verifica se o input só aceita número maiores que zero. Essa restrição deve ser feita usando os atributos do elemento `input`",
              "timedOut": null,
              "duration": 0,
              "state": "skipped",
              "speed": null,
              "pass": false,
              "fail": false,
              "pending": false,
              "context": null,
              "code": "cy.get('#board-size[type=\\'number\\'][min=\\'1\\']');",
              "err": {},
              "uuid": "b64734c3-bb11-4f77-9331-100f04b439eb",
              "parentUUID": "86ff4fd3-e5b1-4485-b6e4-6719ce5ef45b",
              "isHook": false,
              "skipped": true
            },
            {
              "title": "Verifica se o botão contém o texto 'VQV'",
              "fullTitle": "10 - Faça o quadro de pixels ter seu tamanho definido pelo usuário. Verifica se o botão contém o texto 'VQV'",
              "timedOut": null,
              "duration": 0,
              "state": "skipped",
              "speed": null,
              "pass": false,
              "fail": false,
              "pending": false,
              "context": null,
              "code": "cy.get('#generate-board').contains(/vqv/i);",
              "err": {},
              "uuid": "119b6046-91e2-4e1c-a437-770aed5c2865",
              "parentUUID": "86ff4fd3-e5b1-4485-b6e4-6719ce5ef45b",
              "isHook": false,
              "skipped": true
            },
            {
              "title": "Verifica se o input está posicionado entre a paleta de cores e o quadro de pixels",
              "fullTitle": "10 - Faça o quadro de pixels ter seu tamanho definido pelo usuário. Verifica se o input está posicionado entre a paleta de cores e o quadro de pixels",
              "timedOut": null,
              "duration": 0,
              "state": "skipped",
              "speed": null,
              "pass": false,
              "fail": false,
              "pending": false,
              "context": null,
              "code": "cy.get('#color-palette').then(function (palette) {\n  cy.get('#board-size').should('be.belowOf', palette);\n});\ncy.get('#board-size').then(function (palette) {\n  cy.get('#pixel-board').should('be.belowOf', palette);\n});",
              "err": {},
              "uuid": "68bc3980-6e83-4095-9180-5c7eecc81841",
              "parentUUID": "86ff4fd3-e5b1-4485-b6e4-6719ce5ef45b",
              "isHook": false,
              "skipped": true
            },
            {
              "title": "Verifica se o botão está posicionado ao lado do input",
              "fullTitle": "10 - Faça o quadro de pixels ter seu tamanho definido pelo usuário. Verifica se o botão está posicionado ao lado do input",
              "timedOut": null,
              "duration": 0,
              "state": "skipped",
              "speed": null,
              "pass": false,
              "fail": false,
              "pending": false,
              "context": null,
              "code": "cy.get('#board-size').then(function (board) {\n  cy.get('#generate-board').should('be.onTheRightOf', board);\n});",
              "err": {},
              "uuid": "ea5f049b-c04f-4514-bc59-8c01051dc79b",
              "parentUUID": "86ff4fd3-e5b1-4485-b6e4-6719ce5ef45b",
              "isHook": false,
              "skipped": true
            },
            {
              "title": "Verifica se nenhum valor for colocado no input ao clicar no botão, um `alert` é exibido com o texto: 'Board inválido!'",
              "fullTitle": "10 - Faça o quadro de pixels ter seu tamanho definido pelo usuário. Verifica se nenhum valor for colocado no input ao clicar no botão, um `alert` é exibido com o texto: 'Board inválido!'",
              "timedOut": null,
              "duration": 0,
              "state": "skipped",
              "speed": null,
              "pass": false,
              "fail": false,
              "pending": false,
              "context": null,
              "code": "var alerted = false;\ncy.on('window:alert', function (msg) {\n  return alerted = msg;\n});\ncy.get('#generate-board').click().then(function () {\n  return expect(alerted).to.match(/Board inválido!/i);\n});",
              "err": {},
              "uuid": "84e1923c-f42e-4f31-87bb-ad71be7a2ce0",
              "parentUUID": "86ff4fd3-e5b1-4485-b6e4-6719ce5ef45b",
              "isHook": false,
              "skipped": true
            },
            {
              "title": "Verifica se ao clicar no botão com um valor preenchido, o tamanho do board muda.",
              "fullTitle": "10 - Faça o quadro de pixels ter seu tamanho definido pelo usuário. Verifica se ao clicar no botão com um valor preenchido, o tamanho do board muda.",
              "timedOut": null,
              "duration": 0,
              "state": "skipped",
              "speed": null,
              "pass": false,
              "fail": false,
              "pending": false,
              "context": null,
              "code": "cy.get('#board-size').clear().type(10);\ncy.get('#generate-board').click();\ncy.get('.pixel').should('have.length', 100);",
              "err": {},
              "uuid": "f10db7ce-fdac-447b-92e2-aed0c41599bd",
              "parentUUID": "86ff4fd3-e5b1-4485-b6e4-6719ce5ef45b",
              "isHook": false,
              "skipped": true
            },
            {
              "title": "Verifica se o novo quadro tem todos os pixels preenchidos com a cor branca",
              "fullTitle": "10 - Faça o quadro de pixels ter seu tamanho definido pelo usuário. Verifica se o novo quadro tem todos os pixels preenchidos com a cor branca",
              "timedOut": null,
              "duration": 0,
              "state": "skipped",
              "speed": null,
              "pass": false,
              "fail": false,
              "pending": false,
              "context": null,
              "code": "cy.get('#board-size').clear().type(6);\ncy.get('#generate-board').click();\ncy.get('.pixel').should('have.length', 36).each(function (pixel) {\n  expect(pixel).to.have.css('background-color', WHITE);\n});",
              "err": {},
              "uuid": "e8a3e0b9-ea10-450c-8a95-b06d209ed797",
              "parentUUID": "86ff4fd3-e5b1-4485-b6e4-6719ce5ef45b",
              "isHook": false,
              "skipped": true
            }
          ],
          "suites": [],
          "passes": [],
          "failures": [
            "3719da36-6862-4f13-baa9-ceb3b6fd8dcf"
          ],
          "pending": [],
          "skipped": [
            "110d9e4a-37a9-42e7-8891-a37371bd0dc9",
            "b64734c3-bb11-4f77-9331-100f04b439eb",
            "119b6046-91e2-4e1c-a437-770aed5c2865",
            "68bc3980-6e83-4095-9180-5c7eecc81841",
            "ea5f049b-c04f-4514-bc59-8c01051dc79b",
            "84e1923c-f42e-4f31-87bb-ad71be7a2ce0",
            "f10db7ce-fdac-447b-92e2-aed0c41599bd",
            "e8a3e0b9-ea10-450c-8a95-b06d209ed797"
          ],
          "duration": 162,
          "root": false,
          "rootEmpty": false,
          "_timeout": 2000
        },
        {
          "uuid": "6548b0c1-f9ff-4331-8d48-0c7cfd180265",
          "title": "11 - Limite o tamanho mínimo e máximo do board.",
          "fullFile": "",
          "file": "",
          "beforeHooks": [],
          "afterHooks": [],
          "tests": [
            {
              "title": "Verifica se a altura máxima do board é 50",
              "fullTitle": "11 - Limite o tamanho mínimo e máximo do board. Verifica se a altura máxima do board é 50",
              "timedOut": null,
              "duration": 187,
              "state": "failed",
              "speed": null,
              "pass": false,
              "fail": true,
              "pending": false,
              "context": null,
              "code": "cy.get('#board-size').clear().type(50);\ncy.get('#generate-board').click();\ncy.get('.pixel').should('have.length', 2500);",
              "err": {
                "message": "CypressError: cy.visit() failed trying to load:\n\n./index.html\n\nWe failed looking for this file at the path:\n\n/home/alessandrofm/projetos-trybe/sd-015-b-project-pixels-art/index.html\n\nThe internal Cypress web server responded with:\n\n  > 404: Not Found\n\nBecause this error occurred during a 'before each' hook we are skipping the remaining tests in the current suite: '11 - Limite o tamanho mínim...'",
                "estack": "CypressError: cy.visit() failed trying to load:\n\n./index.html\n\nWe failed looking for this file at the path:\n\n/home/alessandrofm/projetos-trybe/sd-015-b-project-pixels-art/index.html\n\nThe internal Cypress web server responded with:\n\n  > 404: Not Found\n\nBecause this error occurred during a 'before each' hook we are skipping the remaining tests in the current suite: '11 - Limite o tamanho mínim...'\n    at cypressErr (http://localhost:36809/__cypress/runner/cypress_runner.js:149934:9)\n    at throwErr (http://localhost:36809/__cypress/runner/cypress_runner.js:149867:11)\n    at Object.throwErrByPath (http://localhost:36809/__cypress/runner/cypress_runner.js:149915:3)\n    at http://localhost:36809/__cypress/runner/cypress_runner.js:138814:34\n    at visitFailedByErr (http://localhost:36809/__cypress/runner/cypress_runner.js:138327:12)\n    at http://localhost:36809/__cypress/runner/cypress_runner.js:138795:22\n    at tryCatcher (http://localhost:36809/__cypress/runner/cypress_runner.js:167415:23)\n    at Promise._settlePromiseFromHandler (http://localhost:36809/__cypress/runner/cypress_runner.js:165351:31)\n    at Promise._settlePromise (http://localhost:36809/__cypress/runner/cypress_runner.js:165408:18)\n    at Promise._settlePromise0 (http://localhost:36809/__cypress/runner/cypress_runner.js:165453:10)\n    at Promise._settlePromises (http://localhost:36809/__cypress/runner/cypress_runner.js:165528:18)\n    at Async../node_modules/bluebird/js/release/async.js.Async._drainQueue (http://localhost:36809/__cypress/runner/cypress_runner.js:162140:16)\n    at Async../node_modules/bluebird/js/release/async.js.Async._drainQueues (http://localhost:36809/__cypress/runner/cypress_runner.js:162150:10)\n    at Async.drainQueues (http://localhost:36809/__cypress/runner/cypress_runner.js:162024:14)",
                "diff": null
              },
              "uuid": "0ad9da7f-56ba-4b08-9893-33f5476791f8",
              "parentUUID": "6548b0c1-f9ff-4331-8d48-0c7cfd180265",
              "isHook": false,
              "skipped": false
            },
            {
              "title": "Verifica se a altura do board é 5 quando um valor menor é colocado no input",
              "fullTitle": "11 - Limite o tamanho mínimo e máximo do board. Verifica se a altura do board é 5 quando um valor menor é colocado no input",
              "timedOut": null,
              "duration": 0,
              "state": "skipped",
              "speed": null,
              "pass": false,
              "fail": false,
              "pending": false,
              "context": null,
              "code": "cy.get('#board-size').clear().type(4);\ncy.get('#generate-board').click();\ncy.get('.pixel').should('have.length', 25);",
              "err": {},
              "uuid": "355a06d9-d8ba-4950-870e-be8607b6ad1e",
              "parentUUID": "6548b0c1-f9ff-4331-8d48-0c7cfd180265",
              "isHook": false,
              "skipped": true
            },
            {
              "title": "Verifica se a altura do board é 50 quando um valor maior é colocado no input",
              "fullTitle": "11 - Limite o tamanho mínimo e máximo do board. Verifica se a altura do board é 50 quando um valor maior é colocado no input",
              "timedOut": null,
              "duration": 0,
              "state": "skipped",
              "speed": null,
              "pass": false,
              "fail": false,
              "pending": false,
              "context": null,
              "code": "cy.get('#board-size').clear().type(51);\ncy.get('#generate-board').click();\ncy.get('.pixel').should('have.length', 2500);",
              "err": {},
              "uuid": "a82b5e81-9a24-442c-a39e-5e51f03555a1",
              "parentUUID": "6548b0c1-f9ff-4331-8d48-0c7cfd180265",
              "isHook": false,
              "skipped": true
            }
          ],
          "suites": [],
          "passes": [],
          "failures": [
            "0ad9da7f-56ba-4b08-9893-33f5476791f8"
          ],
          "pending": [],
          "skipped": [
            "355a06d9-d8ba-4950-870e-be8607b6ad1e",
            "a82b5e81-9a24-442c-a39e-5e51f03555a1"
          ],
          "duration": 187,
          "root": false,
          "rootEmpty": false,
          "_timeout": 2000
        },
        {
          "uuid": "0951fcdb-ebea-40b0-a93b-be47ee86add5",
          "title": "12 - Faça com que as cores da paleta sejam geradas aleatoriamente ao carregar a página.",
          "fullFile": "",
          "file": "",
          "beforeHooks": [],
          "afterHooks": [],
          "tests": [
            {
              "title": "Verifica se as cores geradas na paleta são diferentes a cada carregamento da página",
              "fullTitle": "12 - Faça com que as cores da paleta sejam geradas aleatoriamente ao carregar a página. Verifica se as cores geradas na paleta são diferentes a cada carregamento da página",
              "timedOut": null,
              "duration": 180,
              "state": "failed",
              "speed": null,
              "pass": false,
              "fail": true,
              "pending": false,
              "context": null,
              "code": "cy.get('.color').then(function (colors) {\n  var currentColors;\n  var previousColors;\n  previousColors = Array.from(colors).map(function (color) {\n    return Cypress.$(color).css('background-color');\n  });\n  for (var i = 0; i < 5; i += 1) {\n    cy.reload();\n    cy.get('.color').then(function (colors) {\n      currentColors = Array.from(colors).map(function (color) {\n        return Cypress.$(color).css('background-color');\n      });\n      expect(currentColors).not.to.deep.equal(previousColors);\n      previousColors = currentColors;\n    });\n  }\n});",
              "err": {
                "message": "CypressError: cy.visit() failed trying to load:\n\n./index.html\n\nWe failed looking for this file at the path:\n\n/home/alessandrofm/projetos-trybe/sd-015-b-project-pixels-art/index.html\n\nThe internal Cypress web server responded with:\n\n  > 404: Not Found\n\nBecause this error occurred during a 'before each' hook we are skipping the remaining tests in the current suite: '12 - Faça com que as cores ...'",
                "estack": "CypressError: cy.visit() failed trying to load:\n\n./index.html\n\nWe failed looking for this file at the path:\n\n/home/alessandrofm/projetos-trybe/sd-015-b-project-pixels-art/index.html\n\nThe internal Cypress web server responded with:\n\n  > 404: Not Found\n\nBecause this error occurred during a 'before each' hook we are skipping the remaining tests in the current suite: '12 - Faça com que as cores ...'\n    at cypressErr (http://localhost:36809/__cypress/runner/cypress_runner.js:149934:9)\n    at throwErr (http://localhost:36809/__cypress/runner/cypress_runner.js:149867:11)\n    at Object.throwErrByPath (http://localhost:36809/__cypress/runner/cypress_runner.js:149915:3)\n    at http://localhost:36809/__cypress/runner/cypress_runner.js:138814:34\n    at visitFailedByErr (http://localhost:36809/__cypress/runner/cypress_runner.js:138327:12)\n    at http://localhost:36809/__cypress/runner/cypress_runner.js:138795:22\n    at tryCatcher (http://localhost:36809/__cypress/runner/cypress_runner.js:167415:23)\n    at Promise._settlePromiseFromHandler (http://localhost:36809/__cypress/runner/cypress_runner.js:165351:31)\n    at Promise._settlePromise (http://localhost:36809/__cypress/runner/cypress_runner.js:165408:18)\n    at Promise._settlePromise0 (http://localhost:36809/__cypress/runner/cypress_runner.js:165453:10)\n    at Promise._settlePromises (http://localhost:36809/__cypress/runner/cypress_runner.js:165528:18)\n    at Async../node_modules/bluebird/js/release/async.js.Async._drainQueue (http://localhost:36809/__cypress/runner/cypress_runner.js:162140:16)\n    at Async../node_modules/bluebird/js/release/async.js.Async._drainQueues (http://localhost:36809/__cypress/runner/cypress_runner.js:162150:10)\n    at Async.drainQueues (http://localhost:36809/__cypress/runner/cypress_runner.js:162024:14)",
                "diff": null
              },
              "uuid": "182ca235-be37-4e83-8773-a71b62a26769",
              "parentUUID": "0951fcdb-ebea-40b0-a93b-be47ee86add5",
              "isHook": false,
              "skipped": false
            },
            {
              "title": "Verifica se a cor preta ainda está presente e é a primeira na sua paleta de cores",
              "fullTitle": "12 - Faça com que as cores da paleta sejam geradas aleatoriamente ao carregar a página. Verifica se a cor preta ainda está presente e é a primeira na sua paleta de cores",
              "timedOut": null,
              "duration": 0,
              "state": "skipped",
              "speed": null,
              "pass": false,
              "fail": false,
              "pending": false,
              "context": null,
              "code": "cy.get('.color').then(function (colors) {\n  var currentColors;\n  var previousColors;\n  previousColors = Array.from(colors).map(function (color) {\n    return Cypress.$(color).css('background-color');\n  });\n  expect(previousColors[0]).to.eq(BLACK);\n  for (var i = 0; i < 5; i += 1) {\n    cy.reload();\n    cy.get('.color').then(function (colors) {\n      currentColors = Array.from(colors).map(function (color) {\n        return Cypress.$(color).css('background-color');\n      });\n      expect(currentColors[0]).to.eq(BLACK);\n      expect(currentColors).not.to.deep.equal(previousColors);\n      previousColors = currentColors;\n    });\n  }\n});",
              "err": {},
              "uuid": "93f40ee5-0a7c-47a5-a1a4-dc69d5a15c7a",
              "parentUUID": "0951fcdb-ebea-40b0-a93b-be47ee86add5",
              "isHook": false,
              "skipped": true
            }
          ],
          "suites": [],
          "passes": [],
          "failures": [
            "182ca235-be37-4e83-8773-a71b62a26769"
          ],
          "pending": [],
          "skipped": [
            "93f40ee5-0a7c-47a5-a1a4-dc69d5a15c7a"
          ],
          "duration": 180,
          "root": false,
          "rootEmpty": false,
          "_timeout": 2000
        }
      ],
      "passes": [],
      "failures": [],
      "pending": [],
      "skipped": [],
      "duration": 0,
      "root": true,
      "rootEmpty": true,
      "_timeout": 2000
    }
  ],
  "meta": {
    "mocha": {
      "version": "7.0.1"
    },
    "mochawesome": {
      "options": {
        "quiet": false,
        "reportFilename": "mochawesome",
        "saveHtml": false,
        "saveJson": true,
        "consoleReporter": "spec",
        "useInlineDiffs": false
      },
      "version": "4.1.0"
    },
    "marge": {
      "options": {
        "id": "default",
        "reportDir": "cypress/reports",
        "overwrite": true,
        "html": false,
        "json": true
      },
      "version": "4.1.0"
    }
  }
}