{
  "stats": {
    "suites": 12,
    "tests": 0,
    "passes": 0,
    "pending": 0,
    "failures": 0,
    "start": "2021-08-13T18:30:28.331Z",
    "end": "2021-08-13T18:30:30.747Z",
    "duration": 2416,
    "testsRegistered": 41,
    "passPercent": 0,
    "pendingPercent": 0,
    "other": 12,
    "hasOther": true,
    "skipped": 41,
    "hasSkipped": true
  },
  "results": [
    {
      "uuid": "f3b47780-5822-451e-acbe-efe15ed876f5",
      "title": "",
      "fullFile": "cypress/integration/project.spec.js",
      "file": "cypress/integration/project.spec.js",
      "beforeHooks": [],
      "afterHooks": [],
      "tests": [],
      "suites": [
        {
          "uuid": "23afee08-addd-443a-a622-e56390a46753",
          "title": "1 - Adicione à página o título \"Paleta de Cores\".",
          "fullFile": "",
          "file": "",
          "beforeHooks": [],
          "afterHooks": [],
          "tests": [
            {
              "title": "Verifica se contém um elemento `h1` com o id `title` com o título correto",
              "fullTitle": "1 - Adicione à página o título \"Paleta de Cores\". Verifica se contém um elemento `h1` com o id `title` com o título correto",
              "timedOut": null,
              "duration": 235,
              "state": "failed",
              "speed": null,
              "pass": false,
              "fail": true,
              "pending": false,
              "context": null,
              "code": "cy.get('h1#title').should('contain.text', 'Paleta de Cores');",
              "err": {
                "message": "CypressError: cy.visit() failed trying to load:\n\n./index.html\n\nWe failed looking for this file at the path:\n\n/home/alessandrofm/projetos-trybe/sd-015-b-project-pixels-art/index.html\n\nThe internal Cypress web server responded with:\n\n  > 404: Not Found\n\nBecause this error occurred during a 'before each' hook we are skipping the remaining tests in the current suite: '1 - Adicione à página o tít...'",
                "estack": "CypressError: cy.visit() failed trying to load:\n\n./index.html\n\nWe failed looking for this file at the path:\n\n/home/alessandrofm/projetos-trybe/sd-015-b-project-pixels-art/index.html\n\nThe internal Cypress web server responded with:\n\n  > 404: Not Found\n\nBecause this error occurred during a 'before each' hook we are skipping the remaining tests in the current suite: '1 - Adicione à página o tít...'\n    at cypressErr (http://localhost:41827/__cypress/runner/cypress_runner.js:149934:9)\n    at throwErr (http://localhost:41827/__cypress/runner/cypress_runner.js:149867:11)\n    at Object.throwErrByPath (http://localhost:41827/__cypress/runner/cypress_runner.js:149915:3)\n    at http://localhost:41827/__cypress/runner/cypress_runner.js:138814:34\n    at visitFailedByErr (http://localhost:41827/__cypress/runner/cypress_runner.js:138327:12)\n    at http://localhost:41827/__cypress/runner/cypress_runner.js:138795:22\n    at tryCatcher (http://localhost:41827/__cypress/runner/cypress_runner.js:167415:23)\n    at Promise._settlePromiseFromHandler (http://localhost:41827/__cypress/runner/cypress_runner.js:165351:31)\n    at Promise._settlePromise (http://localhost:41827/__cypress/runner/cypress_runner.js:165408:18)\n    at Promise._settlePromise0 (http://localhost:41827/__cypress/runner/cypress_runner.js:165453:10)\n    at Promise._settlePromises (http://localhost:41827/__cypress/runner/cypress_runner.js:165528:18)\n    at Async../node_modules/bluebird/js/release/async.js.Async._drainQueue (http://localhost:41827/__cypress/runner/cypress_runner.js:162140:16)\n    at Async../node_modules/bluebird/js/release/async.js.Async._drainQueues (http://localhost:41827/__cypress/runner/cypress_runner.js:162150:10)\n    at Async.drainQueues (http://localhost:41827/__cypress/runner/cypress_runner.js:162024:14)",
                "diff": null
              },
              "uuid": "4af0ab24-874d-4da6-b02c-b2127e40a751",
              "parentUUID": "23afee08-addd-443a-a622-e56390a46753",
              "isHook": false,
              "skipped": false
            }
          ],
          "suites": [],
          "passes": [],
          "failures": [
            "4af0ab24-874d-4da6-b02c-b2127e40a751"
          ],
          "pending": [],
          "skipped": [],
          "duration": 235,
          "root": false,
          "rootEmpty": false,
          "_timeout": 2000
        },
        {
          "uuid": "24f0dd3c-0d91-43a0-a724-a13b0607081c",
          "title": "2 - Adicione à página uma paleta de quatro cores distintas.",
          "fullFile": "",
          "file": "",
          "beforeHooks": [],
          "afterHooks": [],
          "tests": [
            {
              "title": "A paleta de cores deve ser um elemento com `id` denominado `color-palette`",
              "fullTitle": "2 - Adicione à página uma paleta de quatro cores distintas. A paleta de cores deve ser um elemento com `id` denominado `color-palette`",
              "timedOut": null,
              "duration": 167,
              "state": "failed",
              "speed": null,
              "pass": false,
              "fail": true,
              "pending": false,
              "context": null,
              "code": "cy.get('#color-palette').should('be.visible');",
              "err": {
                "message": "CypressError: cy.visit() failed trying to load:\n\n./index.html\n\nWe failed looking for this file at the path:\n\n/home/alessandrofm/projetos-trybe/sd-015-b-project-pixels-art/index.html\n\nThe internal Cypress web server responded with:\n\n  > 404: Not Found\n\nBecause this error occurred during a 'before each' hook we are skipping the remaining tests in the current suite: '2 - Adicione à página uma p...'",
                "estack": "CypressError: cy.visit() failed trying to load:\n\n./index.html\n\nWe failed looking for this file at the path:\n\n/home/alessandrofm/projetos-trybe/sd-015-b-project-pixels-art/index.html\n\nThe internal Cypress web server responded with:\n\n  > 404: Not Found\n\nBecause this error occurred during a 'before each' hook we are skipping the remaining tests in the current suite: '2 - Adicione à página uma p...'\n    at cypressErr (http://localhost:41827/__cypress/runner/cypress_runner.js:149934:9)\n    at throwErr (http://localhost:41827/__cypress/runner/cypress_runner.js:149867:11)\n    at Object.throwErrByPath (http://localhost:41827/__cypress/runner/cypress_runner.js:149915:3)\n    at http://localhost:41827/__cypress/runner/cypress_runner.js:138814:34\n    at visitFailedByErr (http://localhost:41827/__cypress/runner/cypress_runner.js:138327:12)\n    at http://localhost:41827/__cypress/runner/cypress_runner.js:138795:22\n    at tryCatcher (http://localhost:41827/__cypress/runner/cypress_runner.js:167415:23)\n    at Promise._settlePromiseFromHandler (http://localhost:41827/__cypress/runner/cypress_runner.js:165351:31)\n    at Promise._settlePromise (http://localhost:41827/__cypress/runner/cypress_runner.js:165408:18)\n    at Promise._settlePromise0 (http://localhost:41827/__cypress/runner/cypress_runner.js:165453:10)\n    at Promise._settlePromises (http://localhost:41827/__cypress/runner/cypress_runner.js:165528:18)\n    at Async../node_modules/bluebird/js/release/async.js.Async._drainQueue (http://localhost:41827/__cypress/runner/cypress_runner.js:162140:16)\n    at Async../node_modules/bluebird/js/release/async.js.Async._drainQueues (http://localhost:41827/__cypress/runner/cypress_runner.js:162150:10)\n    at Async.drainQueues (http://localhost:41827/__cypress/runner/cypress_runner.js:162024:14)",
                "diff": null
              },
              "uuid": "239c27df-6e30-4f4b-95d8-dca8abb04ea0",
              "parentUUID": "24f0dd3c-0d91-43a0-a724-a13b0607081c",
              "isHook": false,
              "skipped": false
            },
            {
              "title": "Verifica se cada cor individual da paleta de cores possui a `classe` chamada `color`.",
              "fullTitle": "2 - Adicione à página uma paleta de quatro cores distintas. Verifica se cada cor individual da paleta de cores possui a `classe` chamada `color`.",
              "timedOut": null,
              "duration": 0,
              "state": "skipped",
              "speed": null,
              "pass": false,
              "fail": false,
              "pending": false,
              "context": null,
              "code": "cy.get('.color').should('have.length', 4).then(function (colors) {\n  for (var i = 0; i < colors.length; i++) {\n    cy.wrap(colors[i]).should('be.visible');\n  }\n});",
              "err": {},
              "uuid": "85c78d1e-066c-4b8f-9802-b43c2e6f55fe",
              "parentUUID": "24f0dd3c-0d91-43a0-a724-a13b0607081c",
              "isHook": false,
              "skipped": true
            },
            {
              "title": "Verifica se a cor de fundo de cada elemento da paleta é a cor que o elemento representa. **A única cor não permitida na paleta é a cor branca.**",
              "fullTitle": "2 - Adicione à página uma paleta de quatro cores distintas. Verifica se a cor de fundo de cada elemento da paleta é a cor que o elemento representa. **A única cor não permitida na paleta é a cor branca.**",
              "timedOut": null,
              "duration": 0,
              "state": "skipped",
              "speed": null,
              "pass": false,
              "fail": false,
              "pending": false,
              "context": null,
              "code": "cy.get('.color').each(function (color) {\n  cy.wrap(color).should('have.class', 'color').and('not.have.css', 'background-color', WHITE);\n  cy.wrap(color).should('have.css', 'background-color');\n});",
              "err": {},
              "uuid": "98163f4a-7bb6-49ad-9f91-1e7dd0a5c420",
              "parentUUID": "24f0dd3c-0d91-43a0-a724-a13b0607081c",
              "isHook": false,
              "skipped": true
            },
            {
              "title": "Verifica se cada elemento da paleta de cores tem uma borda preta, sólida e com 1 pixel de largura;",
              "fullTitle": "2 - Adicione à página uma paleta de quatro cores distintas. Verifica se cada elemento da paleta de cores tem uma borda preta, sólida e com 1 pixel de largura;",
              "timedOut": null,
              "duration": 0,
              "state": "skipped",
              "speed": null,
              "pass": false,
              "fail": false,
              "pending": false,
              "context": null,
              "code": "cy.get('.color').each(function (color) {\n  cy.wrap(color).and('have.css', 'border', \"1px solid \".concat(BLACK)).and('have.class', 'color');\n});",
              "err": {},
              "uuid": "4ee63bee-5e0e-4518-8ae8-d52b730aa23f",
              "parentUUID": "24f0dd3c-0d91-43a0-a724-a13b0607081c",
              "isHook": false,
              "skipped": true
            },
            {
              "title": "Verifica se a paleta lista todas as cores disponíveis para utilização, lado a lado.",
              "fullTitle": "2 - Adicione à página uma paleta de quatro cores distintas. Verifica se a paleta lista todas as cores disponíveis para utilização, lado a lado.",
              "timedOut": null,
              "duration": 0,
              "state": "skipped",
              "speed": null,
              "pass": false,
              "fail": false,
              "pending": false,
              "context": null,
              "code": "cy.get('.color').then(function (colors) {\n  for (var index = 1; index < colors.length; index += 1) {\n    var currentColor = colors[index];\n    var previousColor = colors[index - 1];\n    cy.wrap(currentColor).should('be.onTheRightOf', previousColor).and('be.horizontallyAlignedWith', previousColor);\n  }\n});",
              "err": {},
              "uuid": "9797158f-1577-4d2d-8d27-0bce78f36524",
              "parentUUID": "24f0dd3c-0d91-43a0-a724-a13b0607081c",
              "isHook": false,
              "skipped": true
            },
            {
              "title": "Verifica se a paleta de cores está posicionada abaixo do título 'Paleta de Cores'",
              "fullTitle": "2 - Adicione à página uma paleta de quatro cores distintas. Verifica se a paleta de cores está posicionada abaixo do título 'Paleta de Cores'",
              "timedOut": null,
              "duration": 0,
              "state": "skipped",
              "speed": null,
              "pass": false,
              "fail": false,
              "pending": false,
              "context": null,
              "code": "cy.get('h1#title').then(function (title) {\n  cy.get('#color-palette').should('be.belowOf', title);\n});",
              "err": {},
              "uuid": "0dfc4ac3-9887-4dea-b3cd-07753c204ac4",
              "parentUUID": "24f0dd3c-0d91-43a0-a724-a13b0607081c",
              "isHook": false,
              "skipped": true
            },
            {
              "title": "Verifica se a paleta de cores não contém cores repetidas.",
              "fullTitle": "2 - Adicione à página uma paleta de quatro cores distintas. Verifica se a paleta de cores não contém cores repetidas.",
              "timedOut": null,
              "duration": 0,
              "state": "skipped",
              "speed": null,
              "pass": false,
              "fail": false,
              "pending": false,
              "context": null,
              "code": "cy.get('.color').then(function (colors) {\n  var allColors = Array.from(colors).map(function (color) {\n    return Cypress.$(color).css('background-color');\n  });\n  cy.log(allColors);\n  var uniqColors = (0, _toConsumableArray2[\"default\"])(new Set(allColors));\n  cy.log(uniqColors);\n  expect(allColors.length).to.eq(uniqColors.length);\n});",
              "err": {},
              "uuid": "d03bf6fb-b82f-4b88-9881-42a695a631a6",
              "parentUUID": "24f0dd3c-0d91-43a0-a724-a13b0607081c",
              "isHook": false,
              "skipped": true
            }
          ],
          "suites": [],
          "passes": [],
          "failures": [
            "239c27df-6e30-4f4b-95d8-dca8abb04ea0"
          ],
          "pending": [],
          "skipped": [
            "85c78d1e-066c-4b8f-9802-b43c2e6f55fe",
            "98163f4a-7bb6-49ad-9f91-1e7dd0a5c420",
            "4ee63bee-5e0e-4518-8ae8-d52b730aa23f",
            "9797158f-1577-4d2d-8d27-0bce78f36524",
            "0dfc4ac3-9887-4dea-b3cd-07753c204ac4",
            "d03bf6fb-b82f-4b88-9881-42a695a631a6"
          ],
          "duration": 167,
          "root": false,
          "rootEmpty": false,
          "_timeout": 2000
        },
        {
          "uuid": "d00f4bd1-b15a-4452-ba97-e5e1786861a1",
          "title": "3 - Adicione a cor **preta** como a primeira cor da paleta de cores.",
          "fullFile": "",
          "file": "",
          "beforeHooks": [],
          "afterHooks": [],
          "tests": [
            {
              "title": "Verifica se a primeira cor da paleta é preta",
              "fullTitle": "3 - Adicione a cor **preta** como a primeira cor da paleta de cores. Verifica se a primeira cor da paleta é preta",
              "timedOut": null,
              "duration": 166,
              "state": "failed",
              "speed": null,
              "pass": false,
              "fail": true,
              "pending": false,
              "context": null,
              "code": "cy.get('.color').first().should('have.css', 'background-color', BLACK);",
              "err": {
                "message": "CypressError: cy.visit() failed trying to load:\n\n./index.html\n\nWe failed looking for this file at the path:\n\n/home/alessandrofm/projetos-trybe/sd-015-b-project-pixels-art/index.html\n\nThe internal Cypress web server responded with:\n\n  > 404: Not Found\n\nBecause this error occurred during a 'before each' hook we are skipping the remaining tests in the current suite: '3 - Adicione a cor **preta*...'",
                "estack": "CypressError: cy.visit() failed trying to load:\n\n./index.html\n\nWe failed looking for this file at the path:\n\n/home/alessandrofm/projetos-trybe/sd-015-b-project-pixels-art/index.html\n\nThe internal Cypress web server responded with:\n\n  > 404: Not Found\n\nBecause this error occurred during a 'before each' hook we are skipping the remaining tests in the current suite: '3 - Adicione a cor **preta*...'\n    at cypressErr (http://localhost:41827/__cypress/runner/cypress_runner.js:149934:9)\n    at throwErr (http://localhost:41827/__cypress/runner/cypress_runner.js:149867:11)\n    at Object.throwErrByPath (http://localhost:41827/__cypress/runner/cypress_runner.js:149915:3)\n    at http://localhost:41827/__cypress/runner/cypress_runner.js:138814:34\n    at visitFailedByErr (http://localhost:41827/__cypress/runner/cypress_runner.js:138327:12)\n    at http://localhost:41827/__cypress/runner/cypress_runner.js:138795:22\n    at tryCatcher (http://localhost:41827/__cypress/runner/cypress_runner.js:167415:23)\n    at Promise._settlePromiseFromHandler (http://localhost:41827/__cypress/runner/cypress_runner.js:165351:31)\n    at Promise._settlePromise (http://localhost:41827/__cypress/runner/cypress_runner.js:165408:18)\n    at Promise._settlePromise0 (http://localhost:41827/__cypress/runner/cypress_runner.js:165453:10)\n    at Promise._settlePromises (http://localhost:41827/__cypress/runner/cypress_runner.js:165528:18)\n    at Async../node_modules/bluebird/js/release/async.js.Async._drainQueue (http://localhost:41827/__cypress/runner/cypress_runner.js:162140:16)\n    at Async../node_modules/bluebird/js/release/async.js.Async._drainQueues (http://localhost:41827/__cypress/runner/cypress_runner.js:162150:10)\n    at Async.drainQueues (http://localhost:41827/__cypress/runner/cypress_runner.js:162024:14)",
                "diff": null
              },
              "uuid": "4a3272f4-b91f-4b5c-ba3b-af1c67540c55",
              "parentUUID": "d00f4bd1-b15a-4452-ba97-e5e1786861a1",
              "isHook": false,
              "skipped": false
            },
            {
              "title": "Verifica se as demais cores podem ser escolhidas livremente.",
              "fullTitle": "3 - Adicione a cor **preta** como a primeira cor da paleta de cores. Verifica se as demais cores podem ser escolhidas livremente.",
              "timedOut": null,
              "duration": 0,
              "state": "skipped",
              "speed": null,
              "pass": false,
              "fail": false,
              "pending": false,
              "context": null,
              "code": "cy.get('.color').eq(1).should('not.have.css', 'background-color', BLACK);\ncy.get('.color').eq(1).should('not.have.css', 'background-color', WHITE);\ncy.get('.color').eq(1).should('not.have.css', 'background-color', 'rgba(0, 0, 0, 0)');\ncy.get('.color').eq(1).should('have.css', 'background-color');\ncy.get('.color').eq(2).should('not.have.css', 'background-color', BLACK);\ncy.get('.color').eq(2).should('not.have.css', 'background-color', WHITE);\ncy.get('.color').eq(2).should('not.have.css', 'background-color', 'rgba(0, 0, 0, 0)');\ncy.get('.color').eq(2).should('have.css', 'background-color');\ncy.get('.color').eq(3).should('not.have.css', 'background-color', BLACK);\ncy.get('.color').eq(3).should('not.have.css', 'background-color', WHITE);\ncy.get('.color').eq(3).should('not.have.css', 'background-color', 'rgba(0, 0, 0, 0)');\ncy.get('.color').eq(3).should('have.css', 'background-color');",
              "err": {},
              "uuid": "7315100f-056e-4431-a54b-6bfb62135539",
              "parentUUID": "d00f4bd1-b15a-4452-ba97-e5e1786861a1",
              "isHook": false,
              "skipped": true
            }
          ],
          "suites": [],
          "passes": [],
          "failures": [
            "4a3272f4-b91f-4b5c-ba3b-af1c67540c55"
          ],
          "pending": [],
          "skipped": [
            "7315100f-056e-4431-a54b-6bfb62135539"
          ],
          "duration": 166,
          "root": false,
          "rootEmpty": false,
          "_timeout": 2000
        },
        {
          "uuid": "4e018cbb-03b0-46b4-98ff-edcd71a8cf20",
          "title": "4 - Adicione à página um quadro de pixels, com 25 pixels.",
          "fullFile": "",
          "file": "",
          "beforeHooks": [],
          "afterHooks": [],
          "tests": [
            {
              "title": "Verifica se o quadro de pixels possui o `id` denominado `pixel-board`",
              "fullTitle": "4 - Adicione à página um quadro de pixels, com 25 pixels. Verifica se o quadro de pixels possui o `id` denominado `pixel-board`",
              "timedOut": null,
              "duration": 206,
              "state": "failed",
              "speed": null,
              "pass": false,
              "fail": true,
              "pending": false,
              "context": null,
              "code": "cy.get('#pixel-board').should('be.visible');",
              "err": {
                "message": "CypressError: cy.visit() failed trying to load:\n\n./index.html\n\nWe failed looking for this file at the path:\n\n/home/alessandrofm/projetos-trybe/sd-015-b-project-pixels-art/index.html\n\nThe internal Cypress web server responded with:\n\n  > 404: Not Found\n\nBecause this error occurred during a 'before each' hook we are skipping the remaining tests in the current suite: '4 - Adicione à página um qu...'",
                "estack": "CypressError: cy.visit() failed trying to load:\n\n./index.html\n\nWe failed looking for this file at the path:\n\n/home/alessandrofm/projetos-trybe/sd-015-b-project-pixels-art/index.html\n\nThe internal Cypress web server responded with:\n\n  > 404: Not Found\n\nBecause this error occurred during a 'before each' hook we are skipping the remaining tests in the current suite: '4 - Adicione à página um qu...'\n    at cypressErr (http://localhost:41827/__cypress/runner/cypress_runner.js:149934:9)\n    at throwErr (http://localhost:41827/__cypress/runner/cypress_runner.js:149867:11)\n    at Object.throwErrByPath (http://localhost:41827/__cypress/runner/cypress_runner.js:149915:3)\n    at http://localhost:41827/__cypress/runner/cypress_runner.js:138814:34\n    at visitFailedByErr (http://localhost:41827/__cypress/runner/cypress_runner.js:138327:12)\n    at http://localhost:41827/__cypress/runner/cypress_runner.js:138795:22\n    at tryCatcher (http://localhost:41827/__cypress/runner/cypress_runner.js:167415:23)\n    at Promise._settlePromiseFromHandler (http://localhost:41827/__cypress/runner/cypress_runner.js:165351:31)\n    at Promise._settlePromise (http://localhost:41827/__cypress/runner/cypress_runner.js:165408:18)\n    at Promise._settlePromise0 (http://localhost:41827/__cypress/runner/cypress_runner.js:165453:10)\n    at Promise._settlePromises (http://localhost:41827/__cypress/runner/cypress_runner.js:165528:18)\n    at Async../node_modules/bluebird/js/release/async.js.Async._drainQueue (http://localhost:41827/__cypress/runner/cypress_runner.js:162140:16)\n    at Async../node_modules/bluebird/js/release/async.js.Async._drainQueues (http://localhost:41827/__cypress/runner/cypress_runner.js:162150:10)\n    at Async.drainQueues (http://localhost:41827/__cypress/runner/cypress_runner.js:162024:14)",
                "diff": null
              },
              "uuid": "ef759745-8377-4f6c-aedb-021d4cbe9678",
              "parentUUID": "4e018cbb-03b0-46b4-98ff-edcd71a8cf20",
              "isHook": false,
              "skipped": false
            },
            {
              "title": "Verifica se cada pixel individual dentro do quadro possui a `classe` denominada `pixel`.",
              "fullTitle": "4 - Adicione à página um quadro de pixels, com 25 pixels. Verifica se cada pixel individual dentro do quadro possui a `classe` denominada `pixel`.",
              "timedOut": null,
              "duration": 0,
              "state": "skipped",
              "speed": null,
              "pass": false,
              "fail": false,
              "pending": false,
              "context": null,
              "code": "cy.get('.pixel').should('have.length', 25);",
              "err": {},
              "uuid": "248abccd-9ebc-4fa5-935d-c34e1b3e3651",
              "parentUUID": "4e018cbb-03b0-46b4-98ff-edcd71a8cf20",
              "isHook": false,
              "skipped": true
            },
            {
              "title": "Verifica se a cor inicial dos pixels dentro do quadro, ao abrir a página, é branca.",
              "fullTitle": "4 - Adicione à página um quadro de pixels, com 25 pixels. Verifica se a cor inicial dos pixels dentro do quadro, ao abrir a página, é branca.",
              "timedOut": null,
              "duration": 0,
              "state": "skipped",
              "speed": null,
              "pass": false,
              "fail": false,
              "pending": false,
              "context": null,
              "code": "cy.get('.pixel').should('have.length', 25).each(function (pixel) {\n  expect(pixel).to.have.css('background-color', WHITE);\n});",
              "err": {},
              "uuid": "eb56173b-cb39-42a4-b8f4-8a10ad1d9ab7",
              "parentUUID": "4e018cbb-03b0-46b4-98ff-edcd71a8cf20",
              "isHook": false,
              "skipped": true
            },
            {
              "title": "Verifica se o quadro de pixels aparece abaixo da paleta de cores",
              "fullTitle": "4 - Adicione à página um quadro de pixels, com 25 pixels. Verifica se o quadro de pixels aparece abaixo da paleta de cores",
              "timedOut": null,
              "duration": 0,
              "state": "skipped",
              "speed": null,
              "pass": false,
              "fail": false,
              "pending": false,
              "context": null,
              "code": "cy.get('#color-palette').then(function (palette) {\n  cy.get('#pixel-board').should('be.belowOf', palette);\n});",
              "err": {},
              "uuid": "4d6719ec-b359-4867-a3dc-dfee897389a6",
              "parentUUID": "4e018cbb-03b0-46b4-98ff-edcd71a8cf20",
              "isHook": false,
              "skipped": true
            }
          ],
          "suites": [],
          "passes": [],
          "failures": [
            "ef759745-8377-4f6c-aedb-021d4cbe9678"
          ],
          "pending": [],
          "skipped": [
            "248abccd-9ebc-4fa5-935d-c34e1b3e3651",
            "eb56173b-cb39-42a4-b8f4-8a10ad1d9ab7",
            "4d6719ec-b359-4867-a3dc-dfee897389a6"
          ],
          "duration": 206,
          "root": false,
          "rootEmpty": false,
          "_timeout": 2000
        },
        {
          "uuid": "f9e60bc0-d185-44ed-a3c8-8ff7cd004580",
          "title": "5 - Faça com que cada elemento do quadro de pixels possua 40 pixels de largura, 40 pixels de altura e seja delimitado por uma borda preta de 1 pixel.",
          "fullFile": "",
          "file": "",
          "beforeHooks": [],
          "afterHooks": [],
          "tests": [
            {
              "title": "Verifica se o quadro de pixels tem altura e comprimento de 5 elementos",
              "fullTitle": "5 - Faça com que cada elemento do quadro de pixels possua 40 pixels de largura, 40 pixels de altura e seja delimitado por uma borda preta de 1 pixel. Verifica se o quadro de pixels tem altura e comprimento de 5 elementos",
              "timedOut": null,
              "duration": 187,
              "state": "failed",
              "speed": null,
              "pass": false,
              "fail": true,
              "pending": false,
              "context": null,
              "code": "cy.get('.pixel').should('have.length', 25).each(function (pixel) {\n  expect(pixel).to.have.css('background-color', WHITE);\n}).and(function (pixels) {\n  var rows = chunk(pixels, 5);\n  rows.forEach(function (row) {\n    for (var index = 1; index < row.length; index += 1) {\n      var current = pixels[index];\n      var previous = pixels[index - 1];\n      cy.wrap(current).should('be.onTheRightOf', previous).and('be.horizontallyAlignedWith', previous);\n    }\n  });\n  for (var index = 1; index < 5; index += 1) {\n    expect(pixels[index * 5]).to.be.belowOf(pixels[(index - 1) * 5]);\n  }\n});",
              "err": {
                "message": "CypressError: cy.visit() failed trying to load:\n\n./index.html\n\nWe failed looking for this file at the path:\n\n/home/alessandrofm/projetos-trybe/sd-015-b-project-pixels-art/index.html\n\nThe internal Cypress web server responded with:\n\n  > 404: Not Found\n\nBecause this error occurred during a 'before each' hook we are skipping the remaining tests in the current suite: '5 - Faça com que cada eleme...'",
                "estack": "CypressError: cy.visit() failed trying to load:\n\n./index.html\n\nWe failed looking for this file at the path:\n\n/home/alessandrofm/projetos-trybe/sd-015-b-project-pixels-art/index.html\n\nThe internal Cypress web server responded with:\n\n  > 404: Not Found\n\nBecause this error occurred during a 'before each' hook we are skipping the remaining tests in the current suite: '5 - Faça com que cada eleme...'\n    at cypressErr (http://localhost:41827/__cypress/runner/cypress_runner.js:149934:9)\n    at throwErr (http://localhost:41827/__cypress/runner/cypress_runner.js:149867:11)\n    at Object.throwErrByPath (http://localhost:41827/__cypress/runner/cypress_runner.js:149915:3)\n    at http://localhost:41827/__cypress/runner/cypress_runner.js:138814:34\n    at visitFailedByErr (http://localhost:41827/__cypress/runner/cypress_runner.js:138327:12)\n    at http://localhost:41827/__cypress/runner/cypress_runner.js:138795:22\n    at tryCatcher (http://localhost:41827/__cypress/runner/cypress_runner.js:167415:23)\n    at Promise._settlePromiseFromHandler (http://localhost:41827/__cypress/runner/cypress_runner.js:165351:31)\n    at Promise._settlePromise (http://localhost:41827/__cypress/runner/cypress_runner.js:165408:18)\n    at Promise._settlePromise0 (http://localhost:41827/__cypress/runner/cypress_runner.js:165453:10)\n    at Promise._settlePromises (http://localhost:41827/__cypress/runner/cypress_runner.js:165528:18)\n    at Async../node_modules/bluebird/js/release/async.js.Async._drainQueue (http://localhost:41827/__cypress/runner/cypress_runner.js:162140:16)\n    at Async../node_modules/bluebird/js/release/async.js.Async._drainQueues (http://localhost:41827/__cypress/runner/cypress_runner.js:162150:10)\n    at Async.drainQueues (http://localhost:41827/__cypress/runner/cypress_runner.js:162024:14)",
                "diff": null
              },
              "uuid": "3f7439a1-cf80-4512-bb09-4de48390b2f9",
              "parentUUID": "f9e60bc0-d185-44ed-a3c8-8ff7cd004580",
              "isHook": false,
              "skipped": false
            },
            {
              "title": "Verifica se 40 pixels é o tamanho total do elemento, incluindo seu conteúdo e excluindo a borda preta, que deve ser criada à parte.",
              "fullTitle": "5 - Faça com que cada elemento do quadro de pixels possua 40 pixels de largura, 40 pixels de altura e seja delimitado por uma borda preta de 1 pixel. Verifica se 40 pixels é o tamanho total do elemento, incluindo seu conteúdo e excluindo a borda preta, que deve ser criada à parte.",
              "timedOut": null,
              "duration": 0,
              "state": "skipped",
              "speed": null,
              "pass": false,
              "fail": false,
              "pending": false,
              "context": null,
              "code": "cy.get('.pixel').each(function (pixel) {\n  cy.wrap(pixel).should('have.css', 'height', '40px').and('have.css', 'width', '40px').and('have.css', 'border', \"1px solid \".concat(BLACK));\n});",
              "err": {},
              "uuid": "1c9dfe30-0d18-4f06-afa2-f8363c4da4e0",
              "parentUUID": "f9e60bc0-d185-44ed-a3c8-8ff7cd004580",
              "isHook": false,
              "skipped": true
            }
          ],
          "suites": [],
          "passes": [],
          "failures": [
            "3f7439a1-cf80-4512-bb09-4de48390b2f9"
          ],
          "pending": [],
          "skipped": [
            "1c9dfe30-0d18-4f06-afa2-f8363c4da4e0"
          ],
          "duration": 187,
          "root": false,
          "rootEmpty": false,
          "_timeout": 2000
        },
        {
          "uuid": "a9b95a09-edfc-4985-bd87-b3e9a9d423c0",
          "title": "6 - Defina a cor preta como cor inicial. Ao carregar a página a cor preta já deve estar selecionada para pintar os pixels",
          "fullFile": "",
          "file": "",
          "beforeHooks": [],
          "afterHooks": [],
          "tests": [
            {
              "title": "Verifica se o elemento da cor preta possui, inicialmente, a `classe` `selected`",
              "fullTitle": "6 - Defina a cor preta como cor inicial. Ao carregar a página a cor preta já deve estar selecionada para pintar os pixels Verifica se o elemento da cor preta possui, inicialmente, a `classe` `selected`",
              "timedOut": null,
              "duration": 199,
              "state": "failed",
              "speed": null,
              "pass": false,
              "fail": true,
              "pending": false,
              "context": null,
              "code": "cy.get('.selected').first().should('have.css', 'background-color', BLACK);",
              "err": {
                "message": "CypressError: cy.visit() failed trying to load:\n\n./index.html\n\nWe failed looking for this file at the path:\n\n/home/alessandrofm/projetos-trybe/sd-015-b-project-pixels-art/index.html\n\nThe internal Cypress web server responded with:\n\n  > 404: Not Found\n\nBecause this error occurred during a 'before each' hook we are skipping the remaining tests in the current suite: '6 - Defina a cor preta como...'",
                "estack": "CypressError: cy.visit() failed trying to load:\n\n./index.html\n\nWe failed looking for this file at the path:\n\n/home/alessandrofm/projetos-trybe/sd-015-b-project-pixels-art/index.html\n\nThe internal Cypress web server responded with:\n\n  > 404: Not Found\n\nBecause this error occurred during a 'before each' hook we are skipping the remaining tests in the current suite: '6 - Defina a cor preta como...'\n    at cypressErr (http://localhost:41827/__cypress/runner/cypress_runner.js:149934:9)\n    at throwErr (http://localhost:41827/__cypress/runner/cypress_runner.js:149867:11)\n    at Object.throwErrByPath (http://localhost:41827/__cypress/runner/cypress_runner.js:149915:3)\n    at http://localhost:41827/__cypress/runner/cypress_runner.js:138814:34\n    at visitFailedByErr (http://localhost:41827/__cypress/runner/cypress_runner.js:138327:12)\n    at http://localhost:41827/__cypress/runner/cypress_runner.js:138795:22\n    at tryCatcher (http://localhost:41827/__cypress/runner/cypress_runner.js:167415:23)\n    at Promise._settlePromiseFromHandler (http://localhost:41827/__cypress/runner/cypress_runner.js:165351:31)\n    at Promise._settlePromise (http://localhost:41827/__cypress/runner/cypress_runner.js:165408:18)\n    at Promise._settlePromise0 (http://localhost:41827/__cypress/runner/cypress_runner.js:165453:10)\n    at Promise._settlePromises (http://localhost:41827/__cypress/runner/cypress_runner.js:165528:18)\n    at Async../node_modules/bluebird/js/release/async.js.Async._drainQueue (http://localhost:41827/__cypress/runner/cypress_runner.js:162140:16)\n    at Async../node_modules/bluebird/js/release/async.js.Async._drainQueues (http://localhost:41827/__cypress/runner/cypress_runner.js:162150:10)\n    at Async.drainQueues (http://localhost:41827/__cypress/runner/cypress_runner.js:162024:14)",
                "diff": null
              },
              "uuid": "9029cc90-9d19-4024-bba8-304ef4d9f93f",
              "parentUUID": "a9b95a09-edfc-4985-bd87-b3e9a9d423c0",
              "isHook": false,
              "skipped": false
            },
            {
              "title": "Verifica se nenhuma outra cor da paleta tem a `classe` `selected`",
              "fullTitle": "6 - Defina a cor preta como cor inicial. Ao carregar a página a cor preta já deve estar selecionada para pintar os pixels Verifica se nenhuma outra cor da paleta tem a `classe` `selected`",
              "timedOut": null,
              "duration": 0,
              "state": "skipped",
              "speed": null,
              "pass": false,
              "fail": false,
              "pending": false,
              "context": null,
              "code": "cy.get('.color:not(:first-child)').each(function (color) {\n  cy.wrap(color).should('not.have.class', 'selected');\n});",
              "err": {},
              "uuid": "fea80b4f-5ac8-49e1-b677-cdc862c94b73",
              "parentUUID": "a9b95a09-edfc-4985-bd87-b3e9a9d423c0",
              "isHook": false,
              "skipped": true
            }
          ],
          "suites": [],
          "passes": [],
          "failures": [
            "9029cc90-9d19-4024-bba8-304ef4d9f93f"
          ],
          "pending": [],
          "skipped": [
            "fea80b4f-5ac8-49e1-b677-cdc862c94b73"
          ],
          "duration": 199,
          "root": false,
          "rootEmpty": false,
          "_timeout": 2000
        },
        {
          "uuid": "f23f7467-e6a9-445d-8f72-b4f9a183df49",
          "title": "7 - Clicar em uma das cores da paleta, faz com que ela seja selecionada e utilizada para preencher os pixels no quadro.",
          "fullFile": "",
          "file": "",
          "beforeHooks": [],
          "afterHooks": [],
          "tests": [
            {
              "title": "Verifica se somente uma cor da paleta de cores tem a classe `selected` de cada vez",
              "fullTitle": "7 - Clicar em uma das cores da paleta, faz com que ela seja selecionada e utilizada para preencher os pixels no quadro. Verifica se somente uma cor da paleta de cores tem a classe `selected` de cada vez",
              "timedOut": null,
              "duration": 159,
              "state": "failed",
              "speed": null,
              "pass": false,
              "fail": true,
              "pending": false,
              "context": null,
              "code": "cy.get('.color').each(function (selectedColor, selectedColorIndex) {\n  cy.wrap(selectedColor).click();\n  cy.get('.color').each(function (color, colorIndex) {\n    if (colorIndex === selectedColorIndex) {\n      expect(color).to.have[\"class\"]('selected');\n    } else {\n      expect(color).not.to.have[\"class\"]('selected');\n    }\n  });\n});",
              "err": {
                "message": "CypressError: cy.visit() failed trying to load:\n\n./index.html\n\nWe failed looking for this file at the path:\n\n/home/alessandrofm/projetos-trybe/sd-015-b-project-pixels-art/index.html\n\nThe internal Cypress web server responded with:\n\n  > 404: Not Found\n\nBecause this error occurred during a 'before each' hook we are skipping the remaining tests in the current suite: '7 - Clicar em uma das cores...'",
                "estack": "CypressError: cy.visit() failed trying to load:\n\n./index.html\n\nWe failed looking for this file at the path:\n\n/home/alessandrofm/projetos-trybe/sd-015-b-project-pixels-art/index.html\n\nThe internal Cypress web server responded with:\n\n  > 404: Not Found\n\nBecause this error occurred during a 'before each' hook we are skipping the remaining tests in the current suite: '7 - Clicar em uma das cores...'\n    at cypressErr (http://localhost:41827/__cypress/runner/cypress_runner.js:149934:9)\n    at throwErr (http://localhost:41827/__cypress/runner/cypress_runner.js:149867:11)\n    at Object.throwErrByPath (http://localhost:41827/__cypress/runner/cypress_runner.js:149915:3)\n    at http://localhost:41827/__cypress/runner/cypress_runner.js:138814:34\n    at visitFailedByErr (http://localhost:41827/__cypress/runner/cypress_runner.js:138327:12)\n    at http://localhost:41827/__cypress/runner/cypress_runner.js:138795:22\n    at tryCatcher (http://localhost:41827/__cypress/runner/cypress_runner.js:167415:23)\n    at Promise._settlePromiseFromHandler (http://localhost:41827/__cypress/runner/cypress_runner.js:165351:31)\n    at Promise._settlePromise (http://localhost:41827/__cypress/runner/cypress_runner.js:165408:18)\n    at Promise._settlePromise0 (http://localhost:41827/__cypress/runner/cypress_runner.js:165453:10)\n    at Promise._settlePromises (http://localhost:41827/__cypress/runner/cypress_runner.js:165528:18)\n    at Async../node_modules/bluebird/js/release/async.js.Async._drainQueue (http://localhost:41827/__cypress/runner/cypress_runner.js:162140:16)\n    at Async../node_modules/bluebird/js/release/async.js.Async._drainQueues (http://localhost:41827/__cypress/runner/cypress_runner.js:162150:10)\n    at Async.drainQueues (http://localhost:41827/__cypress/runner/cypress_runner.js:162024:14)",
                "diff": null
              },
              "uuid": "15eba7b5-8aaa-4b28-b806-a437de12ae0a",
              "parentUUID": "f23f7467-e6a9-445d-8f72-b4f9a183df49",
              "isHook": false,
              "skipped": false
            },
            {
              "title": "Verifica se os pixels dentro do quadro não têm a classe `selected` quando são clicados",
              "fullTitle": "7 - Clicar em uma das cores da paleta, faz com que ela seja selecionada e utilizada para preencher os pixels no quadro. Verifica se os pixels dentro do quadro não têm a classe `selected` quando são clicados",
              "timedOut": null,
              "duration": 0,
              "state": "skipped",
              "speed": null,
              "pass": false,
              "fail": false,
              "pending": false,
              "context": null,
              "code": "cy.get('.color').each(function (color) {\n  var backgroundColor = color.css('background-color');\n  cy.wrap(color).click();\n  cy.get('.pixel').each(function (pixel) {\n    cy.wrap(pixel).click().should('not.have.class', 'selected');\n  });\n});",
              "err": {},
              "uuid": "3c60533e-0464-4dd5-8296-9b601a7ae560",
              "parentUUID": "f23f7467-e6a9-445d-8f72-b4f9a183df49",
              "isHook": false,
              "skipped": true
            }
          ],
          "suites": [],
          "passes": [],
          "failures": [
            "15eba7b5-8aaa-4b28-b806-a437de12ae0a"
          ],
          "pending": [],
          "skipped": [
            "3c60533e-0464-4dd5-8296-9b601a7ae560"
          ],
          "duration": 159,
          "root": false,
          "rootEmpty": false,
          "_timeout": 2000
        },
        {
          "uuid": "5f65bf02-b436-4ab6-a005-0dfcc9719bf3",
          "title": "8 - Clicar em um pixel dentro do quadro após selecionar uma cor na paleta, faz com que o pixel seja preenchido com a cor selecionada.",
          "fullFile": "",
          "file": "",
          "beforeHooks": [],
          "afterHooks": [],
          "tests": [
            {
              "title": "Verifica se ao carregar a página deve ser possível pintar os pixels de preto",
              "fullTitle": "8 - Clicar em um pixel dentro do quadro após selecionar uma cor na paleta, faz com que o pixel seja preenchido com a cor selecionada. Verifica se ao carregar a página deve ser possível pintar os pixels de preto",
              "timedOut": null,
              "duration": 165,
              "state": "failed",
              "speed": null,
              "pass": false,
              "fail": true,
              "pending": false,
              "context": null,
              "code": "cy.get('.pixel').each(function (pixel) {\n  cy.wrap(pixel).click().should('have.css', 'background-color', BLACK);\n});",
              "err": {
                "message": "CypressError: cy.visit() failed trying to load:\n\n./index.html\n\nWe failed looking for this file at the path:\n\n/home/alessandrofm/projetos-trybe/sd-015-b-project-pixels-art/index.html\n\nThe internal Cypress web server responded with:\n\n  > 404: Not Found\n\nBecause this error occurred during a 'before each' hook we are skipping the remaining tests in the current suite: '8 - Clicar em um pixel dent...'",
                "estack": "CypressError: cy.visit() failed trying to load:\n\n./index.html\n\nWe failed looking for this file at the path:\n\n/home/alessandrofm/projetos-trybe/sd-015-b-project-pixels-art/index.html\n\nThe internal Cypress web server responded with:\n\n  > 404: Not Found\n\nBecause this error occurred during a 'before each' hook we are skipping the remaining tests in the current suite: '8 - Clicar em um pixel dent...'\n    at cypressErr (http://localhost:41827/__cypress/runner/cypress_runner.js:149934:9)\n    at throwErr (http://localhost:41827/__cypress/runner/cypress_runner.js:149867:11)\n    at Object.throwErrByPath (http://localhost:41827/__cypress/runner/cypress_runner.js:149915:3)\n    at http://localhost:41827/__cypress/runner/cypress_runner.js:138814:34\n    at visitFailedByErr (http://localhost:41827/__cypress/runner/cypress_runner.js:138327:12)\n    at http://localhost:41827/__cypress/runner/cypress_runner.js:138795:22\n    at tryCatcher (http://localhost:41827/__cypress/runner/cypress_runner.js:167415:23)\n    at Promise._settlePromiseFromHandler (http://localhost:41827/__cypress/runner/cypress_runner.js:165351:31)\n    at Promise._settlePromise (http://localhost:41827/__cypress/runner/cypress_runner.js:165408:18)\n    at Promise._settlePromise0 (http://localhost:41827/__cypress/runner/cypress_runner.js:165453:10)\n    at Promise._settlePromises (http://localhost:41827/__cypress/runner/cypress_runner.js:165528:18)\n    at Async../node_modules/bluebird/js/release/async.js.Async._drainQueue (http://localhost:41827/__cypress/runner/cypress_runner.js:162140:16)\n    at Async../node_modules/bluebird/js/release/async.js.Async._drainQueues (http://localhost:41827/__cypress/runner/cypress_runner.js:162150:10)\n    at Async.drainQueues (http://localhost:41827/__cypress/runner/cypress_runner.js:162024:14)",
                "diff": null
              },
              "uuid": "cd1848f3-50ea-407b-9d53-67baa4a737d4",
              "parentUUID": "5f65bf02-b436-4ab6-a005-0dfcc9719bf3",
              "isHook": false,
              "skipped": false
            },
            {
              "title": "Verifica se após selecionar uma outra cor na paleta, é possível pintar os pixels com essa cor",
              "fullTitle": "8 - Clicar em um pixel dentro do quadro após selecionar uma cor na paleta, faz com que o pixel seja preenchido com a cor selecionada. Verifica se após selecionar uma outra cor na paleta, é possível pintar os pixels com essa cor",
              "timedOut": null,
              "duration": 0,
              "state": "skipped",
              "speed": null,
              "pass": false,
              "fail": false,
              "pending": false,
              "context": null,
              "code": "cy.get('.color').each(function (color) {\n  var backgroundColor = color.css('background-color');\n  cy.wrap(color).click();\n  cy.get('.pixel').each(function (pixel) {\n    cy.wrap(pixel).click().should('have.css', 'background-color', backgroundColor);\n  });\n});",
              "err": {},
              "uuid": "ff7f87f9-8318-478e-a7d5-bfd3389d25ce",
              "parentUUID": "5f65bf02-b436-4ab6-a005-0dfcc9719bf3",
              "isHook": false,
              "skipped": true
            },
            {
              "title": "Verifica se somente o pixel que foi clicado foi preenchido com a cor selecionada, sem influenciar na cor dos demais pixels.",
              "fullTitle": "8 - Clicar em um pixel dentro do quadro após selecionar uma cor na paleta, faz com que o pixel seja preenchido com a cor selecionada. Verifica se somente o pixel que foi clicado foi preenchido com a cor selecionada, sem influenciar na cor dos demais pixels.",
              "timedOut": null,
              "duration": 0,
              "state": "skipped",
              "speed": null,
              "pass": false,
              "fail": false,
              "pending": false,
              "context": null,
              "code": "var colorToPixelIndexMap = {\n  0: 6,\n  1: 8,\n  2: 16,\n  3: 18\n};\ncy.get('.color').each(function (color, index) {\n  cy.wrap(color).click();\n  var backgroundColor = color.css('background-color');\n  var clickedPixelIndex = colorToPixelIndexMap[index];\n  cy.get('.pixel').eq(clickedPixelIndex).click();\n  cy.get('.pixel').eq(clickedPixelIndex - 1).should('not.have.css', 'background-color', backgroundColor);\n  cy.get('.pixel').eq(clickedPixelIndex + 1).should('not.have.css', 'background-color', backgroundColor);\n  cy.get('.pixel').eq(clickedPixelIndex - 5).should('not.have.css', 'background-color', backgroundColor);\n  cy.get('.pixel').eq(clickedPixelIndex + 5).should('not.have.css', 'background-color', backgroundColor);\n  cy.get('.pixel').eq(clickedPixelIndex - 6).should('not.have.css', 'background-color', backgroundColor);\n  cy.get('.pixel').eq(clickedPixelIndex - 4).should('not.have.css', 'background-color', backgroundColor);\n  cy.get('.pixel').eq(clickedPixelIndex + 4).should('not.have.css', 'background-color', backgroundColor);\n  cy.get('.pixel').eq(clickedPixelIndex + 6).should('not.have.css', 'background-color', backgroundColor);\n});",
              "err": {},
              "uuid": "a64323db-a5b0-4de1-b254-ce9ef504e224",
              "parentUUID": "5f65bf02-b436-4ab6-a005-0dfcc9719bf3",
              "isHook": false,
              "skipped": true
            }
          ],
          "suites": [],
          "passes": [],
          "failures": [
            "cd1848f3-50ea-407b-9d53-67baa4a737d4"
          ],
          "pending": [],
          "skipped": [
            "ff7f87f9-8318-478e-a7d5-bfd3389d25ce",
            "a64323db-a5b0-4de1-b254-ce9ef504e224"
          ],
          "duration": 165,
          "root": false,
          "rootEmpty": false,
          "_timeout": 2000
        },
        {
          "uuid": "d64cadd6-42fc-4099-a3f7-def608f2382d",
          "title": "9 - Crie um botão que, ao ser clicado, limpa o quadro preenchendo a cor de todos seus pixels com branco.",
          "fullFile": "",
          "file": "",
          "beforeHooks": [],
          "afterHooks": [],
          "tests": [
            {
              "title": "Verifica se o botão tem o `id` denominado `clear-board`",
              "fullTitle": "9 - Crie um botão que, ao ser clicado, limpa o quadro preenchendo a cor de todos seus pixels com branco. Verifica se o botão tem o `id` denominado `clear-board`",
              "timedOut": null,
              "duration": 176,
              "state": "failed",
              "speed": null,
              "pass": false,
              "fail": true,
              "pending": false,
              "context": null,
              "code": "cy.get('#clear-board').should('be.visible');",
              "err": {
                "message": "CypressError: cy.visit() failed trying to load:\n\n./index.html\n\nWe failed looking for this file at the path:\n\n/home/alessandrofm/projetos-trybe/sd-015-b-project-pixels-art/index.html\n\nThe internal Cypress web server responded with:\n\n  > 404: Not Found\n\nBecause this error occurred during a 'before each' hook we are skipping the remaining tests in the current suite: '9 - Crie um botão que, ao s...'",
                "estack": "CypressError: cy.visit() failed trying to load:\n\n./index.html\n\nWe failed looking for this file at the path:\n\n/home/alessandrofm/projetos-trybe/sd-015-b-project-pixels-art/index.html\n\nThe internal Cypress web server responded with:\n\n  > 404: Not Found\n\nBecause this error occurred during a 'before each' hook we are skipping the remaining tests in the current suite: '9 - Crie um botão que, ao s...'\n    at cypressErr (http://localhost:41827/__cypress/runner/cypress_runner.js:149934:9)\n    at throwErr (http://localhost:41827/__cypress/runner/cypress_runner.js:149867:11)\n    at Object.throwErrByPath (http://localhost:41827/__cypress/runner/cypress_runner.js:149915:3)\n    at http://localhost:41827/__cypress/runner/cypress_runner.js:138814:34\n    at visitFailedByErr (http://localhost:41827/__cypress/runner/cypress_runner.js:138327:12)\n    at http://localhost:41827/__cypress/runner/cypress_runner.js:138795:22\n    at tryCatcher (http://localhost:41827/__cypress/runner/cypress_runner.js:167415:23)\n    at Promise._settlePromiseFromHandler (http://localhost:41827/__cypress/runner/cypress_runner.js:165351:31)\n    at Promise._settlePromise (http://localhost:41827/__cypress/runner/cypress_runner.js:165408:18)\n    at Promise._settlePromise0 (http://localhost:41827/__cypress/runner/cypress_runner.js:165453:10)\n    at Promise._settlePromises (http://localhost:41827/__cypress/runner/cypress_runner.js:165528:18)\n    at Async../node_modules/bluebird/js/release/async.js.Async._drainQueue (http://localhost:41827/__cypress/runner/cypress_runner.js:162140:16)\n    at Async../node_modules/bluebird/js/release/async.js.Async._drainQueues (http://localhost:41827/__cypress/runner/cypress_runner.js:162150:10)\n    at Async.drainQueues (http://localhost:41827/__cypress/runner/cypress_runner.js:162024:14)",
                "diff": null
              },
              "uuid": "0901f2ab-cda8-4a79-9ec7-4964637c68c6",
              "parentUUID": "d64cadd6-42fc-4099-a3f7-def608f2382d",
              "isHook": false,
              "skipped": false
            },
            {
              "title": "Verifica se o botão está posicionado entre a paleta de cores e o quadro de pixels",
              "fullTitle": "9 - Crie um botão que, ao ser clicado, limpa o quadro preenchendo a cor de todos seus pixels com branco. Verifica se o botão está posicionado entre a paleta de cores e o quadro de pixels",
              "timedOut": null,
              "duration": 0,
              "state": "skipped",
              "speed": null,
              "pass": false,
              "fail": false,
              "pending": false,
              "context": null,
              "code": "cy.get('#color-palette').then(function (palette) {\n  cy.get('#clear-board').should('be.belowOf', palette);\n});\ncy.get('#clear-board').then(function (clearBtn) {\n  cy.get('#pixel-board').should('be.belowOf', clearBtn);\n});",
              "err": {},
              "uuid": "0a3da890-e886-45c9-8ec5-556fc78dc693",
              "parentUUID": "d64cadd6-42fc-4099-a3f7-def608f2382d",
              "isHook": false,
              "skipped": true
            },
            {
              "title": "Verifica se o texto do botão é 'Limpar'",
              "fullTitle": "9 - Crie um botão que, ao ser clicado, limpa o quadro preenchendo a cor de todos seus pixels com branco. Verifica se o texto do botão é 'Limpar'",
              "timedOut": null,
              "duration": 0,
              "state": "skipped",
              "speed": null,
              "pass": false,
              "fail": false,
              "pending": false,
              "context": null,
              "code": "cy.get('#clear-board').should('contain.text', 'Limpar');",
              "err": {},
              "uuid": "fd759fba-fde7-4203-944f-510b2a36798e",
              "parentUUID": "d64cadd6-42fc-4099-a3f7-def608f2382d",
              "isHook": false,
              "skipped": true
            },
            {
              "title": "Verifica se ao clicar no botão, o quadro de pixels é totalmente preenchido de branco",
              "fullTitle": "9 - Crie um botão que, ao ser clicado, limpa o quadro preenchendo a cor de todos seus pixels com branco. Verifica se ao clicar no botão, o quadro de pixels é totalmente preenchido de branco",
              "timedOut": null,
              "duration": 0,
              "state": "skipped",
              "speed": null,
              "pass": false,
              "fail": false,
              "pending": false,
              "context": null,
              "code": "cy.get('.color').eq(1).then(function (color) {\n  var backgroundColor = color.css('background-color');\n  cy.wrap(color).click();\n  cy.get('.pixel').each(function (pixel) {\n    cy.wrap(pixel).click().should('have.css', 'background-color', backgroundColor);\n  });\n});\ncy.get('#clear-board').click();\ncy.get('.pixel').each(function (pixel) {\n  cy.wrap(pixel).should('have.css', 'background-color', WHITE);\n});",
              "err": {},
              "uuid": "8f081a9f-2cb9-4b49-bd3a-bdc7709a98a0",
              "parentUUID": "d64cadd6-42fc-4099-a3f7-def608f2382d",
              "isHook": false,
              "skipped": true
            }
          ],
          "suites": [],
          "passes": [],
          "failures": [
            "0901f2ab-cda8-4a79-9ec7-4964637c68c6"
          ],
          "pending": [],
          "skipped": [
            "0a3da890-e886-45c9-8ec5-556fc78dc693",
            "fd759fba-fde7-4203-944f-510b2a36798e",
            "8f081a9f-2cb9-4b49-bd3a-bdc7709a98a0"
          ],
          "duration": 176,
          "root": false,
          "rootEmpty": false,
          "_timeout": 2000
        },
        {
          "uuid": "f26295d7-0ed6-413a-b7e7-77bc1bf0b4cf",
          "title": "10 - Faça o quadro de pixels ter seu tamanho definido pelo usuário.",
          "fullFile": "",
          "file": "",
          "beforeHooks": [],
          "afterHooks": [],
          "tests": [
            {
              "title": "Verifica se existe um input com o id `board-size`",
              "fullTitle": "10 - Faça o quadro de pixels ter seu tamanho definido pelo usuário. Verifica se existe um input com o id `board-size`",
              "timedOut": null,
              "duration": 170,
              "state": "failed",
              "speed": null,
              "pass": false,
              "fail": true,
              "pending": false,
              "context": null,
              "code": "cy.get('#board-size').should('be.visible');",
              "err": {
                "message": "CypressError: cy.visit() failed trying to load:\n\n./index.html\n\nWe failed looking for this file at the path:\n\n/home/alessandrofm/projetos-trybe/sd-015-b-project-pixels-art/index.html\n\nThe internal Cypress web server responded with:\n\n  > 404: Not Found\n\nBecause this error occurred during a 'before each' hook we are skipping the remaining tests in the current suite: '10 - Faça o quadro de pixel...'",
                "estack": "CypressError: cy.visit() failed trying to load:\n\n./index.html\n\nWe failed looking for this file at the path:\n\n/home/alessandrofm/projetos-trybe/sd-015-b-project-pixels-art/index.html\n\nThe internal Cypress web server responded with:\n\n  > 404: Not Found\n\nBecause this error occurred during a 'before each' hook we are skipping the remaining tests in the current suite: '10 - Faça o quadro de pixel...'\n    at cypressErr (http://localhost:41827/__cypress/runner/cypress_runner.js:149934:9)\n    at throwErr (http://localhost:41827/__cypress/runner/cypress_runner.js:149867:11)\n    at Object.throwErrByPath (http://localhost:41827/__cypress/runner/cypress_runner.js:149915:3)\n    at http://localhost:41827/__cypress/runner/cypress_runner.js:138814:34\n    at visitFailedByErr (http://localhost:41827/__cypress/runner/cypress_runner.js:138327:12)\n    at http://localhost:41827/__cypress/runner/cypress_runner.js:138795:22\n    at tryCatcher (http://localhost:41827/__cypress/runner/cypress_runner.js:167415:23)\n    at Promise._settlePromiseFromHandler (http://localhost:41827/__cypress/runner/cypress_runner.js:165351:31)\n    at Promise._settlePromise (http://localhost:41827/__cypress/runner/cypress_runner.js:165408:18)\n    at Promise._settlePromise0 (http://localhost:41827/__cypress/runner/cypress_runner.js:165453:10)\n    at Promise._settlePromises (http://localhost:41827/__cypress/runner/cypress_runner.js:165528:18)\n    at Async../node_modules/bluebird/js/release/async.js.Async._drainQueue (http://localhost:41827/__cypress/runner/cypress_runner.js:162140:16)\n    at Async../node_modules/bluebird/js/release/async.js.Async._drainQueues (http://localhost:41827/__cypress/runner/cypress_runner.js:162150:10)\n    at Async.drainQueues (http://localhost:41827/__cypress/runner/cypress_runner.js:162024:14)",
                "diff": null
              },
              "uuid": "80f12044-52b9-45ff-8c7a-39e725a3eab6",
              "parentUUID": "f26295d7-0ed6-413a-b7e7-77bc1bf0b4cf",
              "isHook": false,
              "skipped": false
            },
            {
              "title": "Verifica se existe um botão com o id `generate-board`",
              "fullTitle": "10 - Faça o quadro de pixels ter seu tamanho definido pelo usuário. Verifica se existe um botão com o id `generate-board`",
              "timedOut": null,
              "duration": 0,
              "state": "skipped",
              "speed": null,
              "pass": false,
              "fail": false,
              "pending": false,
              "context": null,
              "code": "cy.get('#generate-board').should('be.visible');",
              "err": {},
              "uuid": "8a58ca0b-4a09-4a62-9484-e1e02ead59f7",
              "parentUUID": "f26295d7-0ed6-413a-b7e7-77bc1bf0b4cf",
              "isHook": false,
              "skipped": true
            },
            {
              "title": "Verifica se o input só aceita número maiores que zero. Essa restrição deve ser feita usando os atributos do elemento `input`",
              "fullTitle": "10 - Faça o quadro de pixels ter seu tamanho definido pelo usuário. Verifica se o input só aceita número maiores que zero. Essa restrição deve ser feita usando os atributos do elemento `input`",
              "timedOut": null,
              "duration": 0,
              "state": "skipped",
              "speed": null,
              "pass": false,
              "fail": false,
              "pending": false,
              "context": null,
              "code": "cy.get('#board-size[type=\\'number\\'][min=\\'1\\']');",
              "err": {},
              "uuid": "919343f4-5bd9-4fd8-9a24-580490b07a72",
              "parentUUID": "f26295d7-0ed6-413a-b7e7-77bc1bf0b4cf",
              "isHook": false,
              "skipped": true
            },
            {
              "title": "Verifica se o botão contém o texto 'VQV'",
              "fullTitle": "10 - Faça o quadro de pixels ter seu tamanho definido pelo usuário. Verifica se o botão contém o texto 'VQV'",
              "timedOut": null,
              "duration": 0,
              "state": "skipped",
              "speed": null,
              "pass": false,
              "fail": false,
              "pending": false,
              "context": null,
              "code": "cy.get('#generate-board').contains(/vqv/i);",
              "err": {},
              "uuid": "81725a61-3b79-4075-bb68-8de61a535268",
              "parentUUID": "f26295d7-0ed6-413a-b7e7-77bc1bf0b4cf",
              "isHook": false,
              "skipped": true
            },
            {
              "title": "Verifica se o input está posicionado entre a paleta de cores e o quadro de pixels",
              "fullTitle": "10 - Faça o quadro de pixels ter seu tamanho definido pelo usuário. Verifica se o input está posicionado entre a paleta de cores e o quadro de pixels",
              "timedOut": null,
              "duration": 0,
              "state": "skipped",
              "speed": null,
              "pass": false,
              "fail": false,
              "pending": false,
              "context": null,
              "code": "cy.get('#color-palette').then(function (palette) {\n  cy.get('#board-size').should('be.belowOf', palette);\n});\ncy.get('#board-size').then(function (palette) {\n  cy.get('#pixel-board').should('be.belowOf', palette);\n});",
              "err": {},
              "uuid": "cba76d81-259e-4a80-a2f2-d5b43c36db56",
              "parentUUID": "f26295d7-0ed6-413a-b7e7-77bc1bf0b4cf",
              "isHook": false,
              "skipped": true
            },
            {
              "title": "Verifica se o botão está posicionado ao lado do input",
              "fullTitle": "10 - Faça o quadro de pixels ter seu tamanho definido pelo usuário. Verifica se o botão está posicionado ao lado do input",
              "timedOut": null,
              "duration": 0,
              "state": "skipped",
              "speed": null,
              "pass": false,
              "fail": false,
              "pending": false,
              "context": null,
              "code": "cy.get('#board-size').then(function (board) {\n  cy.get('#generate-board').should('be.onTheRightOf', board);\n});",
              "err": {},
              "uuid": "0f41dec7-d9ce-4100-81d9-3047ba167e14",
              "parentUUID": "f26295d7-0ed6-413a-b7e7-77bc1bf0b4cf",
              "isHook": false,
              "skipped": true
            },
            {
              "title": "Verifica se nenhum valor for colocado no input ao clicar no botão, um `alert` é exibido com o texto: 'Board inválido!'",
              "fullTitle": "10 - Faça o quadro de pixels ter seu tamanho definido pelo usuário. Verifica se nenhum valor for colocado no input ao clicar no botão, um `alert` é exibido com o texto: 'Board inválido!'",
              "timedOut": null,
              "duration": 0,
              "state": "skipped",
              "speed": null,
              "pass": false,
              "fail": false,
              "pending": false,
              "context": null,
              "code": "var alerted = false;\ncy.on('window:alert', function (msg) {\n  return alerted = msg;\n});\ncy.get('#generate-board').click().then(function () {\n  return expect(alerted).to.match(/Board inválido!/i);\n});",
              "err": {},
              "uuid": "b3e34974-05fb-40c2-8176-06ffff243693",
              "parentUUID": "f26295d7-0ed6-413a-b7e7-77bc1bf0b4cf",
              "isHook": false,
              "skipped": true
            },
            {
              "title": "Verifica se ao clicar no botão com um valor preenchido, o tamanho do board muda.",
              "fullTitle": "10 - Faça o quadro de pixels ter seu tamanho definido pelo usuário. Verifica se ao clicar no botão com um valor preenchido, o tamanho do board muda.",
              "timedOut": null,
              "duration": 0,
              "state": "skipped",
              "speed": null,
              "pass": false,
              "fail": false,
              "pending": false,
              "context": null,
              "code": "cy.get('#board-size').clear().type(10);\ncy.get('#generate-board').click();\ncy.get('.pixel').should('have.length', 100);",
              "err": {},
              "uuid": "fbff4006-a37a-4669-b0b2-03ec92aba049",
              "parentUUID": "f26295d7-0ed6-413a-b7e7-77bc1bf0b4cf",
              "isHook": false,
              "skipped": true
            },
            {
              "title": "Verifica se o novo quadro tem todos os pixels preenchidos com a cor branca",
              "fullTitle": "10 - Faça o quadro de pixels ter seu tamanho definido pelo usuário. Verifica se o novo quadro tem todos os pixels preenchidos com a cor branca",
              "timedOut": null,
              "duration": 0,
              "state": "skipped",
              "speed": null,
              "pass": false,
              "fail": false,
              "pending": false,
              "context": null,
              "code": "cy.get('#board-size').clear().type(6);\ncy.get('#generate-board').click();\ncy.get('.pixel').should('have.length', 36).each(function (pixel) {\n  expect(pixel).to.have.css('background-color', WHITE);\n});",
              "err": {},
              "uuid": "ba93bb98-651e-4d7c-acdc-a6f08f999bdc",
              "parentUUID": "f26295d7-0ed6-413a-b7e7-77bc1bf0b4cf",
              "isHook": false,
              "skipped": true
            }
          ],
          "suites": [],
          "passes": [],
          "failures": [
            "80f12044-52b9-45ff-8c7a-39e725a3eab6"
          ],
          "pending": [],
          "skipped": [
            "8a58ca0b-4a09-4a62-9484-e1e02ead59f7",
            "919343f4-5bd9-4fd8-9a24-580490b07a72",
            "81725a61-3b79-4075-bb68-8de61a535268",
            "cba76d81-259e-4a80-a2f2-d5b43c36db56",
            "0f41dec7-d9ce-4100-81d9-3047ba167e14",
            "b3e34974-05fb-40c2-8176-06ffff243693",
            "fbff4006-a37a-4669-b0b2-03ec92aba049",
            "ba93bb98-651e-4d7c-acdc-a6f08f999bdc"
          ],
          "duration": 170,
          "root": false,
          "rootEmpty": false,
          "_timeout": 2000
        },
        {
          "uuid": "cc6abea3-3071-4ae5-96f4-297d291faad5",
          "title": "11 - Limite o tamanho mínimo e máximo do board.",
          "fullFile": "",
          "file": "",
          "beforeHooks": [],
          "afterHooks": [],
          "tests": [
            {
              "title": "Verifica se a altura máxima do board é 50",
              "fullTitle": "11 - Limite o tamanho mínimo e máximo do board. Verifica se a altura máxima do board é 50",
              "timedOut": null,
              "duration": 215,
              "state": "failed",
              "speed": null,
              "pass": false,
              "fail": true,
              "pending": false,
              "context": null,
              "code": "cy.get('#board-size').clear().type(50);\ncy.get('#generate-board').click();\ncy.get('.pixel').should('have.length', 2500);",
              "err": {
                "message": "CypressError: cy.visit() failed trying to load:\n\n./index.html\n\nWe failed looking for this file at the path:\n\n/home/alessandrofm/projetos-trybe/sd-015-b-project-pixels-art/index.html\n\nThe internal Cypress web server responded with:\n\n  > 404: Not Found\n\nBecause this error occurred during a 'before each' hook we are skipping the remaining tests in the current suite: '11 - Limite o tamanho mínim...'",
                "estack": "CypressError: cy.visit() failed trying to load:\n\n./index.html\n\nWe failed looking for this file at the path:\n\n/home/alessandrofm/projetos-trybe/sd-015-b-project-pixels-art/index.html\n\nThe internal Cypress web server responded with:\n\n  > 404: Not Found\n\nBecause this error occurred during a 'before each' hook we are skipping the remaining tests in the current suite: '11 - Limite o tamanho mínim...'\n    at cypressErr (http://localhost:41827/__cypress/runner/cypress_runner.js:149934:9)\n    at throwErr (http://localhost:41827/__cypress/runner/cypress_runner.js:149867:11)\n    at Object.throwErrByPath (http://localhost:41827/__cypress/runner/cypress_runner.js:149915:3)\n    at http://localhost:41827/__cypress/runner/cypress_runner.js:138814:34\n    at visitFailedByErr (http://localhost:41827/__cypress/runner/cypress_runner.js:138327:12)\n    at http://localhost:41827/__cypress/runner/cypress_runner.js:138795:22\n    at tryCatcher (http://localhost:41827/__cypress/runner/cypress_runner.js:167415:23)\n    at Promise._settlePromiseFromHandler (http://localhost:41827/__cypress/runner/cypress_runner.js:165351:31)\n    at Promise._settlePromise (http://localhost:41827/__cypress/runner/cypress_runner.js:165408:18)\n    at Promise._settlePromise0 (http://localhost:41827/__cypress/runner/cypress_runner.js:165453:10)\n    at Promise._settlePromises (http://localhost:41827/__cypress/runner/cypress_runner.js:165528:18)\n    at Async../node_modules/bluebird/js/release/async.js.Async._drainQueue (http://localhost:41827/__cypress/runner/cypress_runner.js:162140:16)\n    at Async../node_modules/bluebird/js/release/async.js.Async._drainQueues (http://localhost:41827/__cypress/runner/cypress_runner.js:162150:10)\n    at Async.drainQueues (http://localhost:41827/__cypress/runner/cypress_runner.js:162024:14)",
                "diff": null
              },
              "uuid": "df6bdfaa-c42c-4357-915b-df9f221f193b",
              "parentUUID": "cc6abea3-3071-4ae5-96f4-297d291faad5",
              "isHook": false,
              "skipped": false
            },
            {
              "title": "Verifica se a altura do board é 5 quando um valor menor é colocado no input",
              "fullTitle": "11 - Limite o tamanho mínimo e máximo do board. Verifica se a altura do board é 5 quando um valor menor é colocado no input",
              "timedOut": null,
              "duration": 0,
              "state": "skipped",
              "speed": null,
              "pass": false,
              "fail": false,
              "pending": false,
              "context": null,
              "code": "cy.get('#board-size').clear().type(4);\ncy.get('#generate-board').click();\ncy.get('.pixel').should('have.length', 25);",
              "err": {},
              "uuid": "da9737f3-d0c8-4554-83f3-80861cedddf4",
              "parentUUID": "cc6abea3-3071-4ae5-96f4-297d291faad5",
              "isHook": false,
              "skipped": true
            },
            {
              "title": "Verifica se a altura do board é 50 quando um valor maior é colocado no input",
              "fullTitle": "11 - Limite o tamanho mínimo e máximo do board. Verifica se a altura do board é 50 quando um valor maior é colocado no input",
              "timedOut": null,
              "duration": 0,
              "state": "skipped",
              "speed": null,
              "pass": false,
              "fail": false,
              "pending": false,
              "context": null,
              "code": "cy.get('#board-size').clear().type(51);\ncy.get('#generate-board').click();\ncy.get('.pixel').should('have.length', 2500);",
              "err": {},
              "uuid": "04305352-1515-4cd0-8e2e-9fc09f2b6c75",
              "parentUUID": "cc6abea3-3071-4ae5-96f4-297d291faad5",
              "isHook": false,
              "skipped": true
            }
          ],
          "suites": [],
          "passes": [],
          "failures": [
            "df6bdfaa-c42c-4357-915b-df9f221f193b"
          ],
          "pending": [],
          "skipped": [
            "da9737f3-d0c8-4554-83f3-80861cedddf4",
            "04305352-1515-4cd0-8e2e-9fc09f2b6c75"
          ],
          "duration": 215,
          "root": false,
          "rootEmpty": false,
          "_timeout": 2000
        },
        {
          "uuid": "8c1274e6-3c9e-40c1-add8-15b7ff499ed5",
          "title": "12 - Faça com que as cores da paleta sejam geradas aleatoriamente ao carregar a página.",
          "fullFile": "",
          "file": "",
          "beforeHooks": [],
          "afterHooks": [],
          "tests": [
            {
              "title": "Verifica se as cores geradas na paleta são diferentes a cada carregamento da página",
              "fullTitle": "12 - Faça com que as cores da paleta sejam geradas aleatoriamente ao carregar a página. Verifica se as cores geradas na paleta são diferentes a cada carregamento da página",
              "timedOut": null,
              "duration": 174,
              "state": "failed",
              "speed": null,
              "pass": false,
              "fail": true,
              "pending": false,
              "context": null,
              "code": "cy.get('.color').then(function (colors) {\n  var currentColors;\n  var previousColors;\n  previousColors = Array.from(colors).map(function (color) {\n    return Cypress.$(color).css('background-color');\n  });\n  for (var i = 0; i < 5; i += 1) {\n    cy.reload();\n    cy.get('.color').then(function (colors) {\n      currentColors = Array.from(colors).map(function (color) {\n        return Cypress.$(color).css('background-color');\n      });\n      expect(currentColors).not.to.deep.equal(previousColors);\n      previousColors = currentColors;\n    });\n  }\n});",
              "err": {
                "message": "CypressError: cy.visit() failed trying to load:\n\n./index.html\n\nWe failed looking for this file at the path:\n\n/home/alessandrofm/projetos-trybe/sd-015-b-project-pixels-art/index.html\n\nThe internal Cypress web server responded with:\n\n  > 404: Not Found\n\nBecause this error occurred during a 'before each' hook we are skipping the remaining tests in the current suite: '12 - Faça com que as cores ...'",
                "estack": "CypressError: cy.visit() failed trying to load:\n\n./index.html\n\nWe failed looking for this file at the path:\n\n/home/alessandrofm/projetos-trybe/sd-015-b-project-pixels-art/index.html\n\nThe internal Cypress web server responded with:\n\n  > 404: Not Found\n\nBecause this error occurred during a 'before each' hook we are skipping the remaining tests in the current suite: '12 - Faça com que as cores ...'\n    at cypressErr (http://localhost:41827/__cypress/runner/cypress_runner.js:149934:9)\n    at throwErr (http://localhost:41827/__cypress/runner/cypress_runner.js:149867:11)\n    at Object.throwErrByPath (http://localhost:41827/__cypress/runner/cypress_runner.js:149915:3)\n    at http://localhost:41827/__cypress/runner/cypress_runner.js:138814:34\n    at visitFailedByErr (http://localhost:41827/__cypress/runner/cypress_runner.js:138327:12)\n    at http://localhost:41827/__cypress/runner/cypress_runner.js:138795:22\n    at tryCatcher (http://localhost:41827/__cypress/runner/cypress_runner.js:167415:23)\n    at Promise._settlePromiseFromHandler (http://localhost:41827/__cypress/runner/cypress_runner.js:165351:31)\n    at Promise._settlePromise (http://localhost:41827/__cypress/runner/cypress_runner.js:165408:18)\n    at Promise._settlePromise0 (http://localhost:41827/__cypress/runner/cypress_runner.js:165453:10)\n    at Promise._settlePromises (http://localhost:41827/__cypress/runner/cypress_runner.js:165528:18)\n    at Async../node_modules/bluebird/js/release/async.js.Async._drainQueue (http://localhost:41827/__cypress/runner/cypress_runner.js:162140:16)\n    at Async../node_modules/bluebird/js/release/async.js.Async._drainQueues (http://localhost:41827/__cypress/runner/cypress_runner.js:162150:10)\n    at Async.drainQueues (http://localhost:41827/__cypress/runner/cypress_runner.js:162024:14)",
                "diff": null
              },
              "uuid": "a8121075-f2d4-4d3e-9df8-86e5a4dd9a63",
              "parentUUID": "8c1274e6-3c9e-40c1-add8-15b7ff499ed5",
              "isHook": false,
              "skipped": false
            },
            {
              "title": "Verifica se a cor preta ainda está presente e é a primeira na sua paleta de cores",
              "fullTitle": "12 - Faça com que as cores da paleta sejam geradas aleatoriamente ao carregar a página. Verifica se a cor preta ainda está presente e é a primeira na sua paleta de cores",
              "timedOut": null,
              "duration": 0,
              "state": "skipped",
              "speed": null,
              "pass": false,
              "fail": false,
              "pending": false,
              "context": null,
              "code": "cy.get('.color').then(function (colors) {\n  var currentColors;\n  var previousColors;\n  previousColors = Array.from(colors).map(function (color) {\n    return Cypress.$(color).css('background-color');\n  });\n  expect(previousColors[0]).to.eq(BLACK);\n  for (var i = 0; i < 5; i += 1) {\n    cy.reload();\n    cy.get('.color').then(function (colors) {\n      currentColors = Array.from(colors).map(function (color) {\n        return Cypress.$(color).css('background-color');\n      });\n      expect(currentColors[0]).to.eq(BLACK);\n      expect(currentColors).not.to.deep.equal(previousColors);\n      previousColors = currentColors;\n    });\n  }\n});",
              "err": {},
              "uuid": "86414b6d-8fea-4b5c-b1da-e30f78bce781",
              "parentUUID": "8c1274e6-3c9e-40c1-add8-15b7ff499ed5",
              "isHook": false,
              "skipped": true
            }
          ],
          "suites": [],
          "passes": [],
          "failures": [
            "a8121075-f2d4-4d3e-9df8-86e5a4dd9a63"
          ],
          "pending": [],
          "skipped": [
            "86414b6d-8fea-4b5c-b1da-e30f78bce781"
          ],
          "duration": 174,
          "root": false,
          "rootEmpty": false,
          "_timeout": 2000
        }
      ],
      "passes": [],
      "failures": [],
      "pending": [],
      "skipped": [],
      "duration": 0,
      "root": true,
      "rootEmpty": true,
      "_timeout": 2000
    }
  ],
  "meta": {
    "mocha": {
      "version": "7.0.1"
    },
    "mochawesome": {
      "options": {
        "quiet": false,
        "reportFilename": "mochawesome",
        "saveHtml": false,
        "saveJson": true,
        "consoleReporter": "spec",
        "useInlineDiffs": false
      },
      "version": "4.1.0"
    },
    "marge": {
      "options": {
        "id": "default",
        "reportDir": "cypress/reports",
        "overwrite": true,
        "html": false,
        "json": true
      },
      "version": "4.1.0"
    }
  }
}